#
# There is insufficient memory for the Java Runtime Environment to continue.
# Native memory allocation (malloc) failed to allocate 1818416 bytes for Chunk::new
# Possible reasons:
#   The system is out of physical RAM or swap space
#   The process is running with CompressedOops enabled, and the Java Heap may be blocking the growth of the native heap
# Possible solutions:
#   Reduce memory load on the system
#   Increase physical memory or swap space
#   Check if swap backing store is full
#   Decrease Java heap size (-Xmx/-Xms)
#   Decrease number of Java threads
#   Decrease Java thread stack sizes (-Xss)
#   Set larger code cache with -XX:ReservedCodeCacheSize=
#   JVM is running with Unscaled Compressed Oops mode in which the Java heap is
#     placed in the first 4GB address space. The Java Heap base address is the
#     maximum limit for the native heap growth. Please use -XX:HeapBaseMinAddress
#     to set the Java Heap base and to place the Java Heap above 4GB virtual address.
# This output file may be truncated or incomplete.
#
#  Out of Memory Error (./src/hotspot/share/memory/arena.cpp:197), pid=12004, tid=13576
#
# JRE version: OpenJDK Runtime Environment (11.0.12+7) (build 11.0.12+7-b1504.28-7817840)
# Java VM: OpenJDK 64-Bit Server VM (11.0.12+7-b1504.28-7817840, mixed mode, tiered, compressed oops, g1 gc, windows-amd64)
# No core dump will be written. Minidumps are not enabled by default on client versions of Windows
#

---------------  S U M M A R Y ------------

Command Line: --add-opens=java.base/java.util=ALL-UNNAMED --add-opens=java.base/java.lang=ALL-UNNAMED --add-opens=java.base/java.lang.invoke=ALL-UNNAMED --add-opens=java.base/java.util=ALL-UNNAMED --add-opens=java.prefs/java.util.prefs=ALL-UNNAMED --add-opens=java.prefs/java.util.prefs=ALL-UNNAMED --add-opens=java.base/java.nio.charset=ALL-UNNAMED --add-opens=java.base/java.net=ALL-UNNAMED --add-opens=java.base/java.util.concurrent.atomic=ALL-UNNAMED -Xmx2048m -Dfile.encoding=UTF-8 -Duser.country=US -Duser.language=en -Duser.variant org.gradle.launcher.daemon.bootstrap.GradleDaemon 7.2

Host: AMD Ryzen 7 3750H with Radeon Vega Mobile Gfx  , 8 cores, 5G,  Windows 10 , 64 bit Build 19041 (10.0.19041.1503)
Time: Mon Mar  7 15:53:11 2022 SE Asia Standard Time elapsed time: 8.737186 seconds (0d 0h 0m 8s)

---------------  T H R E A D  ---------------

Current thread (0x00000187fe5a3800):  JavaThread "C2 CompilerThread1" daemon [_thread_in_native, id=13576, stack(0x000000105e000000,0x000000105e100000)]


Current CompileTask:
C2:   8737 5299       4       groovy.lang.MetaClassImpl$1MOPIter::methodNameAction (325 bytes)

Stack: [0x000000105e000000,0x000000105e100000]
Native frames: (J=compiled Java code, j=interpreted, Vv=VM code, C=native code)
V  [jvm.dll+0x5fbcea]
V  [jvm.dll+0x731905]
V  [jvm.dll+0x732f1d]
V  [jvm.dll+0x7335d3]
V  [jvm.dll+0x247bf8]
V  [jvm.dll+0xc018c]
V  [jvm.dll+0xc06cc]
V  [jvm.dll+0x35b2db]
V  [jvm.dll+0x328803]
V  [jvm.dll+0x327cfa]
V  [jvm.dll+0x200602]
V  [jvm.dll+0x1ff794]
V  [jvm.dll+0x18868c]
V  [jvm.dll+0x20e0d7]
V  [jvm.dll+0x20c901]
V  [jvm.dll+0x6f9b7f]
V  [jvm.dll+0x6f26a5]
V  [jvm.dll+0x5fabf6]
C  [ucrtbase.dll+0x21bb2]
C  [KERNEL32.DLL+0x17034]
C  [ntdll.dll+0x52651]


---------------  P R O C E S S  ---------------

Threads class SMR info:
_java_thread_list=0x0000018781b474c0, length=122, elements={
0x00000187e1659800, 0x00000187fbad6000, 0x00000187fbae1000, 0x00000187fc472800,
0x00000187fbaf2000, 0x00000187fbaf5000, 0x00000187fbb01000, 0x00000187fbb05800,
0x00000187fbb08800, 0x00000187fc5c3800, 0x00000187fc5c5000, 0x00000187fc5c8800,
0x00000187fc5c6000, 0x00000187fc5c7800, 0x00000187fc5c9000, 0x00000187fc5ca000,
0x00000187fc5c6800, 0x00000187fc5c4000, 0x00000187fe7b5800, 0x00000187fe7b2800,
0x00000187fe7b3800, 0x00000187fe7b4000, 0x00000187fe7b6800, 0x00000187fe5a3800,
0x00000187fe7b5000, 0x00000187fe7b1000, 0x00000187fe7b1800, 0x00000187fe7b9000,
0x00000187fe7b7800, 0x00000187fe7ba800, 0x00000187fe7bb800, 0x00000187fe7ba000,
0x00000187fe7b8000, 0x00000187fe7be000, 0x00000187fe7bf800, 0x00000187fe7bd000,
0x00000187fc73d800, 0x00000187fc73b000, 0x00000187fc737800, 0x00000187fc739800,
0x00000187fc738800, 0x00000187fc73e000, 0x00000187fc73f000, 0x00000187fc73c800,
0x00000187fc740000, 0x00000187fc73c000, 0x00000187fc73a000, 0x00000187fc744800,
0x00000187fc745800, 0x00000187fc742800, 0x00000187fc746800, 0x00000187fc743000,
0x00000187fc740800, 0x00000187fc741800, 0x00000187fc744000, 0x00000187824ad800,
0x00000187824b1000, 0x00000187824b2000, 0x00000187824ae800, 0x00000187824af800,
0x00000187824b2800, 0x00000187824b4800, 0x00000187824b6000, 0x00000187824b5000,
0x00000187824b0000, 0x00000187824b9000, 0x00000187824b3800, 0x00000187824b8800,
0x00000187824bb000, 0x00000187824ba000, 0x00000187824bb800, 0x00000187824bc800,
0x00000187824b6800, 0x00000187824b7800, 0x00000187ff0ec800, 0x00000187ff0ef000,
0x00000187ff0ed000, 0x00000187ff0f2000, 0x00000187ff0ef800, 0x00000187ff0f3000,
0x00000187ff0f0800, 0x00000187ff0f1000, 0x00000187ff0f3800, 0x00000187ff0ee000,
0x00000187ff0f6000, 0x00000187ff0fa000, 0x00000187ff0f4800, 0x00000187ff0f7800,
0x00000187ff0f9800, 0x00000187ff0f8800, 0x00000187ff0f7000, 0x00000187ff0fb000,
0x00000187ff0f5800, 0x0000018783484800, 0x000001878347f000, 0x0000018783483000,
0x0000018783481800, 0x0000018783482000, 0x0000018783480800, 0x0000018783484000,
0x0000018783485800, 0x0000018783480000, 0x0000018783488800, 0x0000018783489800,
0x000001878348a800, 0x000001878348b000, 0x000001878348c000, 0x0000018783488000,
0x0000018783486800, 0x000001878348d000, 0x0000018783487000, 0x000001878348d800,
0x00000187fe988800, 0x00000187fe983000, 0x00000187fe987000, 0x00000187fe985800,
0x00000187fe989800, 0x00000187fe988000, 0x00000187fe986000, 0x00000187fe983800,
0x00000187fe98a000, 0x00000187fe984800
}

Java Threads: ( => current thread )
  0x00000187e1659800 JavaThread "main" [_thread_blocked, id=11084, stack(0x000000105ba00000,0x000000105bb00000)]
  0x00000187fbad6000 JavaThread "Reference Handler" daemon [_thread_blocked, id=18248, stack(0x000000105c100000,0x000000105c200000)]
  0x00000187fbae1000 JavaThread "Finalizer" daemon [_thread_blocked, id=22000, stack(0x000000105c200000,0x000000105c300000)]
  0x00000187fc472800 JavaThread "Signal Dispatcher" daemon [_thread_blocked, id=22128, stack(0x000000105c300000,0x000000105c400000)]
  0x00000187fbaf2000 JavaThread "Attach Listener" daemon [_thread_blocked, id=20980, stack(0x000000105c400000,0x000000105c500000)]
  0x00000187fbaf5000 JavaThread "Service Thread" daemon [_thread_blocked, id=19300, stack(0x000000105c500000,0x000000105c600000)]
  0x00000187fbb01000 JavaThread "C2 CompilerThread0" daemon [_thread_in_native, id=21132, stack(0x000000105c600000,0x000000105c700000)]
  0x00000187fbb05800 JavaThread "C1 CompilerThread0" daemon [_thread_blocked, id=20776, stack(0x000000105c700000,0x000000105c800000)]
  0x00000187fbb08800 JavaThread "Sweeper thread" daemon [_thread_blocked, id=20352, stack(0x000000105c800000,0x000000105c900000)]
  0x00000187fc5c3800 JavaThread "Common-Cleaner" daemon [_thread_blocked, id=14632, stack(0x000000105c900000,0x000000105ca00000)]
  0x00000187fc5c5000 JavaThread "Daemon health stats" [_thread_blocked, id=21496, stack(0x000000105cc00000,0x000000105cd00000)]
  0x00000187fc5c8800 JavaThread "Incoming local TCP Connector on port 49820" [_thread_in_native, id=21952, stack(0x000000105cf00000,0x000000105d000000)]
  0x00000187fc5c6000 JavaThread "Daemon periodic checks" [_thread_blocked, id=21684, stack(0x000000105d000000,0x000000105d100000)]
  0x00000187fc5c7800 JavaThread "Daemon" [_thread_blocked, id=19032, stack(0x000000105d100000,0x000000105d200000)]
  0x00000187fc5c9000 JavaThread "Handler for socket connection from /127.0.0.1:49820 to /127.0.0.1:49821" [_thread_in_native, id=8764, stack(0x000000105d200000,0x000000105d300000)]
  0x00000187fc5ca000 JavaThread "Cancel handler" [_thread_blocked, id=32, stack(0x000000105d300000,0x000000105d400000)]
  0x00000187fc5c6800 JavaThread "Daemon worker" [_thread_in_native, id=21320, stack(0x000000105d400000,0x000000105d500000)]
  0x00000187fc5c4000 JavaThread "Asynchronous log dispatcher for DefaultDaemonConnection: socket connection from /127.0.0.1:49820 to /127.0.0.1:49821" [_thread_blocked, id=2744, stack(0x000000105d500000,0x000000105d600000)]
  0x00000187fe7b5800 JavaThread "Stdin handler" [_thread_blocked, id=21324, stack(0x000000105d600000,0x000000105d700000)]
  0x00000187fe7b2800 JavaThread "Daemon client event forwarder" [_thread_blocked, id=15960, stack(0x000000105d700000,0x000000105d800000)]
  0x00000187fe7b3800 JavaThread "Cache worker for journal cache (C:\Users\Tu\.gradle\caches\journal-1)" [_thread_blocked, id=2972, stack(0x000000105d800000,0x000000105d900000)]
  0x00000187fe7b4000 JavaThread "File lock request listener" [_thread_in_native, id=21240, stack(0x000000105d900000,0x000000105da00000)]
  0x00000187fe7b6800 JavaThread "Cache worker for file hash cache (C:\Users\Tu\.gradle\caches\7.2\fileHashes)" [_thread_blocked, id=21864, stack(0x000000105da00000,0x000000105db00000)]
=>0x00000187fe5a3800 JavaThread "C2 CompilerThread1" daemon [_thread_in_native, id=13576, stack(0x000000105e000000,0x000000105e100000)]
  0x00000187fe7b5000 JavaThread "Cache worker for file hash cache (D:\Android_Facebook\.gradle\7.2\fileHashes)" [_thread_blocked, id=10076, stack(0x000000105e100000,0x000000105e200000)]
  0x00000187fe7b1000 JavaThread "File watcher server" daemon [_thread_in_native, id=20680, stack(0x000000105e200000,0x000000105e300000)]
  0x00000187fe7b1800 JavaThread "File watcher consumer" daemon [_thread_blocked, id=10428, stack(0x000000105e300000,0x000000105e400000)]
  0x00000187fe7b9000 JavaThread "Cache worker for checksums cache (D:\Android_Facebook\.gradle\checksums)" [_thread_blocked, id=22024, stack(0x000000105e400000,0x000000105e500000)]
  0x00000187fe7b7800 JavaThread "Cache worker for cache directory md-supplier (C:\Users\Tu\.gradle\caches\7.2\md-supplier)" [_thread_blocked, id=14408, stack(0x000000105e500000,0x000000105e600000)]
  0x00000187fe7ba800 JavaThread "Cache worker for cache directory md-rule (C:\Users\Tu\.gradle\caches\7.2\md-rule)" [_thread_blocked, id=20780, stack(0x000000105e600000,0x000000105e700000)]
  0x00000187fe7bb800 JavaThread "Cache worker for execution history cache (C:\Users\Tu\.gradle\caches\7.2\executionHistory)" [_thread_blocked, id=20376, stack(0x000000105e700000,0x000000105e800000)]
  0x00000187fe7ba000 JavaThread "jar transforms" [_thread_blocked, id=9552, stack(0x000000105e800000,0x000000105e900000)]
  0x00000187fe7b8000 JavaThread "jar transforms Thread 2" [_thread_blocked, id=1912, stack(0x000000105e900000,0x000000105ea00000)]
  0x00000187fe7be000 JavaThread "Cache worker for file content cache (C:\Users\Tu\.gradle\caches\7.2\fileContent)" [_thread_blocked, id=20228, stack(0x000000105ea00000,0x000000105eb00000)]
  0x00000187fe7bf800 JavaThread "Cache worker for dependencies-accessors (D:\Android_Facebook\.gradle\7.2\dependencies-accessors)" [_thread_blocked, id=16504, stack(0x000000105eb00000,0x000000105ec00000)]
  0x00000187fe7bd000 JavaThread "jar transforms Thread 3" [_thread_blocked, id=2796, stack(0x000000105ec00000,0x000000105ed00000)]
  0x00000187fc73d800 JavaThread "Cache worker for Build Output Cleanup Cache (D:\Android_Facebook\.gradle\buildOutputCleanup)" [_thread_blocked, id=1640, stack(0x000000105ed00000,0x000000105ee00000)]
  0x00000187fc73b000 JavaThread "Unconstrained build operations" [_thread_blocked, id=22436, stack(0x000000105ee00000,0x000000105ef00000)]
  0x00000187fc737800 JavaThread "Unconstrained build operations Thread 2" [_thread_blocked, id=21700, stack(0x000000105ef00000,0x000000105f000000)]
  0x00000187fc739800 JavaThread "Unconstrained build operations Thread 3" [_thread_blocked, id=21060, stack(0x000000105f000000,0x000000105f100000)]
  0x00000187fc738800 JavaThread "Unconstrained build operations Thread 4" [_thread_blocked, id=17584, stack(0x000000105f100000,0x000000105f200000)]
  0x00000187fc73e000 JavaThread "Unconstrained build operations Thread 5" [_thread_blocked, id=16848, stack(0x000000105f200000,0x000000105f300000)]
  0x00000187fc73f000 JavaThread "Unconstrained build operations Thread 6" [_thread_blocked, id=12608, stack(0x000000105f300000,0x000000105f400000)]
  0x00000187fc73c800 JavaThread "Unconstrained build operations Thread 7" [_thread_blocked, id=10984, stack(0x000000105f400000,0x000000105f500000)]
  0x00000187fc740000 JavaThread "Unconstrained build operations Thread 8" [_thread_blocked, id=8580, stack(0x000000105f500000,0x000000105f600000)]
  0x00000187fc73c000 JavaThread "Unconstrained build operations Thread 9" [_thread_blocked, id=8500, stack(0x000000105f600000,0x000000105f700000)]
  0x00000187fc73a000 JavaThread "Unconstrained build operations Thread 10" [_thread_blocked, id=16100, stack(0x000000105f700000,0x000000105f800000)]
  0x00000187fc744800 JavaThread "Unconstrained build operations Thread 11" [_thread_blocked, id=11536, stack(0x000000105f800000,0x000000105f900000)]
  0x00000187fc745800 JavaThread "Unconstrained build operations Thread 12" [_thread_blocked, id=13336, stack(0x000000105f900000,0x000000105fa00000)]
  0x00000187fc742800 JavaThread "Unconstrained build operations Thread 13" [_thread_blocked, id=11012, stack(0x000000105fa00000,0x000000105fb00000)]
  0x00000187fc746800 JavaThread "Unconstrained build operations Thread 14" [_thread_blocked, id=18692, stack(0x000000105fb00000,0x000000105fc00000)]
  0x00000187fc743000 JavaThread "Unconstrained build operations Thread 15" [_thread_blocked, id=5052, stack(0x000000105fc00000,0x000000105fd00000)]
  0x00000187fc740800 JavaThread "Unconstrained build operations Thread 16" [_thread_blocked, id=13560, stack(0x000000105fd00000,0x000000105fe00000)]
  0x00000187fc741800 JavaThread "Unconstrained build operations Thread 17" [_thread_blocked, id=16964, stack(0x000000105fe00000,0x000000105ff00000)]
  0x00000187fc744000 JavaThread "Unconstrained build operations Thread 18" [_thread_blocked, id=19144, stack(0x000000105ff00000,0x0000001060000000)]
  0x00000187824ad800 JavaThread "Unconstrained build operations Thread 19" [_thread_blocked, id=20536, stack(0x0000001060000000,0x0000001060100000)]
  0x00000187824b1000 JavaThread "Unconstrained build operations Thread 20" [_thread_blocked, id=15788, stack(0x0000001060100000,0x0000001060200000)]
  0x00000187824b2000 JavaThread "Unconstrained build operations Thread 21" [_thread_blocked, id=19744, stack(0x0000001060200000,0x0000001060300000)]
  0x00000187824ae800 JavaThread "Unconstrained build operations Thread 22" [_thread_blocked, id=14156, stack(0x0000001060300000,0x0000001060400000)]
  0x00000187824af800 JavaThread "Unconstrained build operations Thread 23" [_thread_blocked, id=22400, stack(0x0000001060400000,0x0000001060500000)]
  0x00000187824b2800 JavaThread "Unconstrained build operations Thread 24" [_thread_blocked, id=3904, stack(0x0000001060500000,0x0000001060600000)]
  0x00000187824b4800 JavaThread "Unconstrained build operations Thread 25" [_thread_blocked, id=22328, stack(0x0000001060600000,0x0000001060700000)]
  0x00000187824b6000 JavaThread "Unconstrained build operations Thread 26" [_thread_blocked, id=10524, stack(0x0000001060700000,0x0000001060800000)]
  0x00000187824b5000 JavaThread "Unconstrained build operations Thread 27" [_thread_blocked, id=20564, stack(0x0000001060800000,0x0000001060900000)]
  0x00000187824b0000 JavaThread "Unconstrained build operations Thread 28" [_thread_blocked, id=22380, stack(0x0000001060900000,0x0000001060a00000)]
  0x00000187824b9000 JavaThread "Unconstrained build operations Thread 29" [_thread_blocked, id=21756, stack(0x0000001060a00000,0x0000001060b00000)]
  0x00000187824b3800 JavaThread "Unconstrained build operations Thread 30" [_thread_blocked, id=12928, stack(0x0000001060b00000,0x0000001060c00000)]
  0x00000187824b8800 JavaThread "Unconstrained build operations Thread 31" [_thread_blocked, id=1176, stack(0x0000001060c00000,0x0000001060d00000)]
  0x00000187824bb000 JavaThread "Unconstrained build operations Thread 32" [_thread_blocked, id=20456, stack(0x0000001060d00000,0x0000001060e00000)]
  0x00000187824ba000 JavaThread "Unconstrained build operations Thread 33" [_thread_blocked, id=21772, stack(0x0000001060e00000,0x0000001060f00000)]
  0x00000187824bb800 JavaThread "Unconstrained build operations Thread 34" [_thread_blocked, id=21104, stack(0x0000001060f00000,0x0000001061000000)]
  0x00000187824bc800 JavaThread "Unconstrained build operations Thread 35" [_thread_blocked, id=19576, stack(0x0000001061000000,0x0000001061100000)]
  0x00000187824b6800 JavaThread "Unconstrained build operations Thread 36" [_thread_blocked, id=22032, stack(0x0000001061100000,0x0000001061200000)]
  0x00000187824b7800 JavaThread "Unconstrained build operations Thread 37" [_thread_blocked, id=19536, stack(0x0000001061200000,0x0000001061300000)]
  0x00000187ff0ec800 JavaThread "Unconstrained build operations Thread 38" [_thread_blocked, id=19992, stack(0x0000001061300000,0x0000001061400000)]
  0x00000187ff0ef000 JavaThread "Unconstrained build operations Thread 39" [_thread_blocked, id=20200, stack(0x0000001061400000,0x0000001061500000)]
  0x00000187ff0ed000 JavaThread "Unconstrained build operations Thread 40" [_thread_blocked, id=19980, stack(0x0000001061500000,0x0000001061600000)]
  0x00000187ff0f2000 JavaThread "Unconstrained build operations Thread 41" [_thread_blocked, id=19548, stack(0x0000001061600000,0x0000001061700000)]
  0x00000187ff0ef800 JavaThread "Unconstrained build operations Thread 42" [_thread_blocked, id=18088, stack(0x0000001061700000,0x0000001061800000)]
  0x00000187ff0f3000 JavaThread "Unconstrained build operations Thread 43" [_thread_blocked, id=16220, stack(0x0000001061800000,0x0000001061900000)]
  0x00000187ff0f0800 JavaThread "Unconstrained build operations Thread 44" [_thread_blocked, id=16472, stack(0x0000001061900000,0x0000001061a00000)]
  0x00000187ff0f1000 JavaThread "Unconstrained build operations Thread 45" [_thread_blocked, id=10944, stack(0x0000001061a00000,0x0000001061b00000)]
  0x00000187ff0f3800 JavaThread "Unconstrained build operations Thread 46" [_thread_blocked, id=9232, stack(0x0000001061b00000,0x0000001061c00000)]
  0x00000187ff0ee000 JavaThread "Unconstrained build operations Thread 47" [_thread_blocked, id=5908, stack(0x0000001061c00000,0x0000001061d00000)]
  0x00000187ff0f6000 JavaThread "Unconstrained build operations Thread 48" [_thread_blocked, id=21120, stack(0x0000001061d00000,0x0000001061e00000)]
  0x00000187ff0fa000 JavaThread "Unconstrained build operations Thread 49" [_thread_blocked, id=19780, stack(0x0000001061e00000,0x0000001061f00000)]
  0x00000187ff0f4800 JavaThread "Unconstrained build operations Thread 50" [_thread_blocked, id=11916, stack(0x0000001061f00000,0x0000001062000000)]
  0x00000187ff0f7800 JavaThread "Unconstrained build operations Thread 51" [_thread_blocked, id=6392, stack(0x0000001062000000,0x0000001062100000)]
  0x00000187ff0f9800 JavaThread "Unconstrained build operations Thread 52" [_thread_blocked, id=13408, stack(0x0000001062100000,0x0000001062200000)]
  0x00000187ff0f8800 JavaThread "Unconstrained build operations Thread 53" [_thread_blocked, id=20748, stack(0x0000001062200000,0x0000001062300000)]
  0x00000187ff0f7000 JavaThread "Unconstrained build operations Thread 54" [_thread_blocked, id=22324, stack(0x0000001062300000,0x0000001062400000)]
  0x00000187ff0fb000 JavaThread "Unconstrained build operations Thread 55" [_thread_blocked, id=20804, stack(0x0000001062400000,0x0000001062500000)]
  0x00000187ff0f5800 JavaThread "Unconstrained build operations Thread 56" [_thread_blocked, id=19900, stack(0x0000001062500000,0x0000001062600000)]
  0x0000018783484800 JavaThread "Unconstrained build operations Thread 57" [_thread_blocked, id=11544, stack(0x0000001062600000,0x0000001062700000)]
  0x000001878347f000 JavaThread "Unconstrained build operations Thread 58" [_thread_blocked, id=21156, stack(0x0000001062700000,0x0000001062800000)]
  0x0000018783483000 JavaThread "Unconstrained build operations Thread 59" [_thread_blocked, id=18868, stack(0x0000001062800000,0x0000001062900000)]
  0x0000018783481800 JavaThread "Unconstrained build operations Thread 60" [_thread_blocked, id=20460, stack(0x0000001062900000,0x0000001062a00000)]
  0x0000018783482000 JavaThread "Unconstrained build operations Thread 61" [_thread_blocked, id=16376, stack(0x0000001062a00000,0x0000001062b00000)]
  0x0000018783480800 JavaThread "Unconstrained build operations Thread 62" [_thread_blocked, id=15708, stack(0x0000001062b00000,0x0000001062c00000)]
  0x0000018783484000 JavaThread "Unconstrained build operations Thread 63" [_thread_blocked, id=560, stack(0x0000001062c00000,0x0000001062d00000)]
  0x0000018783485800 JavaThread "Unconstrained build operations Thread 64" [_thread_blocked, id=21084, stack(0x0000001062d00000,0x0000001062e00000)]
  0x0000018783480000 JavaThread "Unconstrained build operations Thread 65" [_thread_blocked, id=20420, stack(0x0000001062e00000,0x0000001062f00000)]
  0x0000018783488800 JavaThread "Unconstrained build operations Thread 66" [_thread_blocked, id=14284, stack(0x0000001062f00000,0x0000001063000000)]
  0x0000018783489800 JavaThread "Unconstrained build operations Thread 67" [_thread_blocked, id=20648, stack(0x0000001063000000,0x0000001063100000)]
  0x000001878348a800 JavaThread "Unconstrained build operations Thread 68" [_thread_blocked, id=9572, stack(0x0000001063100000,0x0000001063200000)]
  0x000001878348b000 JavaThread "Unconstrained build operations Thread 69" [_thread_blocked, id=22508, stack(0x0000001063200000,0x0000001063300000)]
  0x000001878348c000 JavaThread "Unconstrained build operations Thread 70" [_thread_blocked, id=19976, stack(0x0000001063300000,0x0000001063400000)]
  0x0000018783488000 JavaThread "Unconstrained build operations Thread 71" [_thread_blocked, id=19876, stack(0x0000001063400000,0x0000001063500000)]
  0x0000018783486800 JavaThread "Unconstrained build operations Thread 72" [_thread_blocked, id=19332, stack(0x0000001063500000,0x0000001063600000)]
  0x000001878348d000 JavaThread "Unconstrained build operations Thread 73" [_thread_blocked, id=5800, stack(0x0000001063600000,0x0000001063700000)]
  0x0000018783487000 JavaThread "Unconstrained build operations Thread 74" [_thread_blocked, id=19920, stack(0x0000001063700000,0x0000001063800000)]
  0x000001878348d800 JavaThread "Unconstrained build operations Thread 75" [_thread_blocked, id=19936, stack(0x0000001063800000,0x0000001063900000)]
  0x00000187fe988800 JavaThread "Unconstrained build operations Thread 76" [_thread_blocked, id=19940, stack(0x0000001063900000,0x0000001063a00000)]
  0x00000187fe983000 JavaThread "Unconstrained build operations Thread 77" [_thread_blocked, id=7800, stack(0x0000001063a00000,0x0000001063b00000)]
  0x00000187fe987000 JavaThread "Unconstrained build operations Thread 78" [_thread_blocked, id=19928, stack(0x0000001063b00000,0x0000001063c00000)]
  0x00000187fe985800 JavaThread "Unconstrained build operations Thread 79" [_thread_blocked, id=22452, stack(0x0000001063c00000,0x0000001063d00000)]
  0x00000187fe989800 JavaThread "Unconstrained build operations Thread 80" [_thread_blocked, id=21676, stack(0x0000001063d00000,0x0000001063e00000)]
  0x00000187fe988000 JavaThread "jar transforms Thread 4" [_thread_blocked, id=20524, stack(0x0000001063e00000,0x0000001063f00000)]
  0x00000187fe986000 JavaThread "jar transforms Thread 5" [_thread_blocked, id=14800, stack(0x0000001063f00000,0x0000001064000000)]
  0x00000187fe983800 JavaThread "jar transforms Thread 6" [_thread_blocked, id=21692, stack(0x0000001064000000,0x0000001064100000)]
  0x00000187fe98a000 JavaThread "jar transforms Thread 7" [_thread_blocked, id=18292, stack(0x0000001064100000,0x0000001064200000)]
  0x00000187fe984800 JavaThread "jar transforms Thread 8" [_thread_blocked, id=10308, stack(0x0000001064200000,0x0000001064300000)]

Other Threads:
  0x00000187fbad2000 VMThread "VM Thread" [stack: 0x000000105c000000,0x000000105c100000] [id=19736]
  0x00000187fc5fc000 WatcherThread [stack: 0x000000105ca00000,0x000000105cb00000] [id=19120]
  0x00000187e1674800 GCTaskThread "GC Thread#0" [stack: 0x000000105bb00000,0x000000105bc00000] [id=21436]
  0x00000187fd01e000 GCTaskThread "GC Thread#1" [stack: 0x000000105cb00000,0x000000105cc00000] [id=21472]
  0x00000187fdeae800 GCTaskThread "GC Thread#2" [stack: 0x000000105cd00000,0x000000105ce00000] [id=22340]
  0x00000187fd5a9000 GCTaskThread "GC Thread#3" [stack: 0x000000105ce00000,0x000000105cf00000] [id=4788]
  0x00000187fe533800 GCTaskThread "GC Thread#4" [stack: 0x000000105db00000,0x000000105dc00000] [id=21520]
  0x00000187fdc8a800 GCTaskThread "GC Thread#5" [stack: 0x000000105dc00000,0x000000105dd00000] [id=3676]
  0x00000187fdc8b000 GCTaskThread "GC Thread#6" [stack: 0x000000105dd00000,0x000000105de00000] [id=20432]
  0x00000187fdd2b000 GCTaskThread "GC Thread#7" [stack: 0x000000105de00000,0x000000105df00000] [id=21028]
  0x00000187e16aa000 ConcurrentGCThread "G1 Main Marker" [stack: 0x000000105bc00000,0x000000105bd00000] [id=21660]
  0x00000187e16ab000 ConcurrentGCThread "G1 Conc#0" [stack: 0x000000105bd00000,0x000000105be00000] [id=21052]
  0x00000187fe3f6800 ConcurrentGCThread "G1 Conc#1" [stack: 0x000000105df00000,0x000000105e000000] [id=8532]
  0x00000187e1731000 ConcurrentGCThread "G1 Refine#0" [stack: 0x000000105be00000,0x000000105bf00000] [id=11396]
  0x00000187e1732000 ConcurrentGCThread "G1 Young RemSet Sampling" [stack: 0x000000105bf00000,0x000000105c000000] [id=15292]

Threads with active compile tasks:
C2 CompilerThread0   8775 5335       4       java.lang.PublicMethods::merge (81 bytes)
C1 CompilerThread0   8776 5374   !   3       org.gradle.internal.classloader.CachingClassLoader::loadClass (85 bytes)
C2 CompilerThread1   8776 5299       4       groovy.lang.MetaClassImpl$1MOPIter::methodNameAction (325 bytes)

VM state:not at safepoint (normal execution)

VM Mutex/Monitor currently owned by a thread: None

Heap address: 0x0000000080000000, size: 2048 MB, Compressed Oops mode: 32-bit
Narrow klass base: 0x0000000000000000, Narrow klass shift: 3
Compressed class space size: 1073741824 Address: 0x0000000100000000

Heap:
 garbage-first heap   total 118784K, used 80020K [0x0000000080000000, 0x0000000100000000)
  region size 1024K, 50 young (51200K), 5 survivors (5120K)
 Metaspace       used 49041K, capacity 50504K, committed 50636K, reserved 1093632K
  class space    used 6265K, capacity 6778K, committed 6860K, reserved 1048576K
Heap Regions: E=young(eden), S=young(survivor), O=old, HS=humongous(starts), HC=humongous(continues), CS=collection set, F=free, A=archive, TAMS=top-at-mark-start (previous, next)
|   0|0x0000000080000000, 0x0000000080100000, 0x0000000080100000|100%| O|  |TAMS 0x0000000080100000, 0x0000000080000000| Untracked 
|   1|0x0000000080100000, 0x0000000080200000, 0x0000000080200000|100%| O|  |TAMS 0x0000000080200000, 0x0000000080100000| Untracked 
|   2|0x0000000080200000, 0x0000000080300000, 0x0000000080300000|100%| O|  |TAMS 0x0000000080300000, 0x0000000080200000| Untracked 
|   3|0x0000000080300000, 0x0000000080400000, 0x0000000080400000|100%|HS|  |TAMS 0x0000000080400000, 0x0000000080300000| Complete 
|   4|0x0000000080400000, 0x0000000080500000, 0x0000000080500000|100%|HC|  |TAMS 0x0000000080500000, 0x0000000080400000| Complete 
|   5|0x0000000080500000, 0x0000000080600000, 0x0000000080600000|100%|HC|  |TAMS 0x0000000080600000, 0x0000000080500000| Complete 
|   6|0x0000000080600000, 0x0000000080700000, 0x0000000080700000|100%| O|  |TAMS 0x0000000080700000, 0x0000000080600000| Untracked 
|   7|0x0000000080700000, 0x0000000080800000, 0x0000000080800000|100%| O|  |TAMS 0x0000000080800000, 0x0000000080700000| Untracked 
|   8|0x0000000080800000, 0x0000000080900000, 0x0000000080900000|100%| O|  |TAMS 0x0000000080900000, 0x0000000080800000| Untracked 
|   9|0x0000000080900000, 0x0000000080a00000, 0x0000000080a00000|100%| O|  |TAMS 0x0000000080a00000, 0x0000000080900000| Untracked 
|  10|0x0000000080a00000, 0x0000000080b00000, 0x0000000080b00000|100%| O|  |TAMS 0x0000000080b00000, 0x0000000080a00000| Untracked 
|  11|0x0000000080b00000, 0x0000000080c00000, 0x0000000080c00000|100%| O|  |TAMS 0x0000000080c00000, 0x0000000080b00000| Untracked 
|  12|0x0000000080c00000, 0x0000000080d00000, 0x0000000080d00000|100%| O|  |TAMS 0x0000000080d00000, 0x0000000080c00000| Untracked 
|  13|0x0000000080d00000, 0x0000000080e00000, 0x0000000080e00000|100%| O|  |TAMS 0x0000000080e00000, 0x0000000080d00000| Untracked 
|  14|0x0000000080e00000, 0x0000000080f00000, 0x0000000080f00000|100%| O|  |TAMS 0x0000000080f00000, 0x0000000080e00000| Untracked 
|  15|0x0000000080f00000, 0x0000000081000000, 0x0000000081000000|100%| O|  |TAMS 0x0000000081000000, 0x0000000080f00000| Untracked 
|  16|0x0000000081000000, 0x0000000081100000, 0x0000000081100000|100%| O|  |TAMS 0x00000000810b9200, 0x0000000081000000| Untracked 
|  17|0x0000000081100000, 0x0000000081200000, 0x0000000081200000|100%| O|  |TAMS 0x0000000081100000, 0x0000000081100000| Untracked 
|  18|0x0000000081200000, 0x0000000081300000, 0x0000000081300000|100%| O|  |TAMS 0x0000000081200000, 0x0000000081200000| Untracked 
|  19|0x0000000081300000, 0x0000000081400000, 0x0000000081400000|100%| O|  |TAMS 0x0000000081300000, 0x0000000081300000| Untracked 
|  20|0x0000000081400000, 0x0000000081500000, 0x0000000081500000|100%| O|  |TAMS 0x0000000081400000, 0x0000000081400000| Untracked 
|  21|0x0000000081500000, 0x0000000081600000, 0x0000000081600000|100%| O|  |TAMS 0x0000000081500000, 0x0000000081500000| Untracked 
|  22|0x0000000081600000, 0x0000000081700000, 0x0000000081700000|100%| O|  |TAMS 0x0000000081600000, 0x0000000081600000| Untracked 
|  23|0x0000000081700000, 0x0000000081800000, 0x0000000081800000|100%| O|  |TAMS 0x0000000081700000, 0x0000000081700000| Untracked 
|  24|0x0000000081800000, 0x0000000081900000, 0x0000000081900000|100%| O|  |TAMS 0x0000000081800000, 0x0000000081800000| Untracked 
|  25|0x0000000081900000, 0x0000000081987000, 0x0000000081a00000| 52%| O|  |TAMS 0x0000000081900000, 0x0000000081900000| Untracked 
|  26|0x0000000081a00000, 0x0000000081b00000, 0x0000000081b00000|100%|HS|  |TAMS 0x0000000081a00000, 0x0000000081a00000| Complete 
|  27|0x0000000081b00000, 0x0000000081c00000, 0x0000000081c00000|100%|HS|  |TAMS 0x0000000081b00000, 0x0000000081b00000| Complete 
|  28|0x0000000081c00000, 0x0000000081d00000, 0x0000000081d00000|100%|HS|  |TAMS 0x0000000081c00000, 0x0000000081c00000| Complete 
|  29|0x0000000081d00000, 0x0000000081e00000, 0x0000000081e00000|100%|HS|  |TAMS 0x0000000081d00000, 0x0000000081d00000| Complete 
|  30|0x0000000081e00000, 0x0000000081f00000, 0x0000000081f00000|100%|HC|  |TAMS 0x0000000081e00000, 0x0000000081e00000| Complete 
|  31|0x0000000081f00000, 0x0000000081f00000, 0x0000000082000000|  0%| F|  |TAMS 0x0000000081f00000, 0x0000000081f00000| Untracked 
|  32|0x0000000082000000, 0x0000000082000000, 0x0000000082100000|  0%| F|  |TAMS 0x0000000082000000, 0x0000000082000000| Untracked 
|  33|0x0000000082100000, 0x0000000082100000, 0x0000000082200000|  0%| F|  |TAMS 0x0000000082100000, 0x0000000082100000| Untracked 
|  34|0x0000000082200000, 0x0000000082200000, 0x0000000082300000|  0%| F|  |TAMS 0x0000000082200000, 0x0000000082200000| Untracked 
|  35|0x0000000082300000, 0x0000000082300000, 0x0000000082400000|  0%| F|  |TAMS 0x0000000082300000, 0x0000000082300000| Untracked 
|  36|0x0000000082400000, 0x0000000082400000, 0x0000000082500000|  0%| F|  |TAMS 0x0000000082400000, 0x0000000082400000| Untracked 
|  37|0x0000000082500000, 0x0000000082500000, 0x0000000082600000|  0%| F|  |TAMS 0x0000000082500000, 0x0000000082500000| Untracked 
|  38|0x0000000082600000, 0x0000000082600000, 0x0000000082700000|  0%| F|  |TAMS 0x0000000082600000, 0x0000000082600000| Untracked 
|  39|0x0000000082700000, 0x0000000082700000, 0x0000000082800000|  0%| F|  |TAMS 0x0000000082700000, 0x0000000082700000| Untracked 
|  40|0x0000000082800000, 0x0000000082800000, 0x0000000082900000|  0%| F|  |TAMS 0x0000000082800000, 0x0000000082800000| Untracked 
|  41|0x0000000082900000, 0x0000000082900000, 0x0000000082a00000|  0%| F|  |TAMS 0x0000000082900000, 0x0000000082900000| Untracked 
|  42|0x0000000082a00000, 0x0000000082a00000, 0x0000000082b00000|  0%| F|  |TAMS 0x0000000082a00000, 0x0000000082a00000| Untracked 
|  43|0x0000000082b00000, 0x0000000082b00000, 0x0000000082c00000|  0%| F|  |TAMS 0x0000000082b00000, 0x0000000082b00000| Untracked 
|  44|0x0000000082c00000, 0x0000000082c00000, 0x0000000082d00000|  0%| F|  |TAMS 0x0000000082c00000, 0x0000000082c00000| Untracked 
|  45|0x0000000082d00000, 0x0000000082d00000, 0x0000000082e00000|  0%| F|  |TAMS 0x0000000082d00000, 0x0000000082d00000| Untracked 
|  46|0x0000000082e00000, 0x0000000082e00000, 0x0000000082f00000|  0%| F|  |TAMS 0x0000000082e00000, 0x0000000082e00000| Untracked 
|  47|0x0000000082f00000, 0x0000000082f00000, 0x0000000083000000|  0%| F|  |TAMS 0x0000000082f00000, 0x0000000082f00000| Untracked 
|  48|0x0000000083000000, 0x0000000083000000, 0x0000000083100000|  0%| F|  |TAMS 0x0000000083000000, 0x0000000083000000| Untracked 
|  49|0x0000000083100000, 0x0000000083100000, 0x0000000083200000|  0%| F|  |TAMS 0x0000000083100000, 0x0000000083100000| Untracked 
|  50|0x0000000083200000, 0x0000000083200000, 0x0000000083300000|  0%| F|  |TAMS 0x0000000083200000, 0x0000000083200000| Untracked 
|  51|0x0000000083300000, 0x0000000083300000, 0x0000000083400000|  0%| F|  |TAMS 0x0000000083300000, 0x0000000083300000| Untracked 
|  52|0x0000000083400000, 0x0000000083400000, 0x0000000083500000|  0%| F|  |TAMS 0x0000000083400000, 0x0000000083400000| Untracked 
|  53|0x0000000083500000, 0x0000000083500000, 0x0000000083600000|  0%| F|  |TAMS 0x0000000083500000, 0x0000000083500000| Untracked 
|  54|0x0000000083600000, 0x0000000083600000, 0x0000000083700000|  0%| F|  |TAMS 0x0000000083600000, 0x0000000083600000| Untracked 
|  55|0x0000000083700000, 0x0000000083700000, 0x0000000083800000|  0%| F|  |TAMS 0x0000000083700000, 0x0000000083700000| Untracked 
|  56|0x0000000083800000, 0x000000008389e098, 0x0000000083900000| 61%| S|CS|TAMS 0x0000000083800000, 0x0000000083800000| Complete 
|  57|0x0000000083900000, 0x0000000083a00000, 0x0000000083a00000|100%| S|CS|TAMS 0x0000000083900000, 0x0000000083900000| Complete 
|  58|0x0000000083a00000, 0x0000000083b00000, 0x0000000083b00000|100%| S|CS|TAMS 0x0000000083a00000, 0x0000000083a00000| Complete 
|  59|0x0000000083b00000, 0x0000000083c00000, 0x0000000083c00000|100%| S|CS|TAMS 0x0000000083b00000, 0x0000000083b00000| Complete 
|  60|0x0000000083c00000, 0x0000000083d00000, 0x0000000083d00000|100%| S|CS|TAMS 0x0000000083c00000, 0x0000000083c00000| Complete 
|  61|0x0000000083d00000, 0x0000000083d00000, 0x0000000083e00000|  0%| F|  |TAMS 0x0000000083d00000, 0x0000000083d00000| Untracked 
|  62|0x0000000083e00000, 0x0000000083e00000, 0x0000000083f00000|  0%| F|  |TAMS 0x0000000083e00000, 0x0000000083e00000| Untracked 
|  63|0x0000000083f00000, 0x0000000083f00000, 0x0000000084000000|  0%| F|  |TAMS 0x0000000083f00000, 0x0000000083f00000| Untracked 
|  64|0x0000000084000000, 0x0000000084000000, 0x0000000084100000|  0%| F|  |TAMS 0x0000000084000000, 0x0000000084000000| Untracked 
|  65|0x0000000084100000, 0x0000000084100000, 0x0000000084200000|  0%| F|  |TAMS 0x0000000084100000, 0x0000000084100000| Untracked 
|  66|0x0000000084200000, 0x0000000084200000, 0x0000000084300000|  0%| F|  |TAMS 0x0000000084200000, 0x0000000084200000| Untracked 
|  67|0x0000000084300000, 0x0000000084300000, 0x0000000084400000|  0%| F|  |TAMS 0x0000000084300000, 0x0000000084300000| Untracked 
|  68|0x0000000084400000, 0x0000000084400000, 0x0000000084500000|  0%| F|  |TAMS 0x0000000084400000, 0x0000000084400000| Untracked 
|  69|0x0000000084500000, 0x0000000084500000, 0x0000000084600000|  0%| F|  |TAMS 0x0000000084500000, 0x0000000084500000| Untracked 
|  70|0x0000000084600000, 0x0000000084600000, 0x0000000084700000|  0%| F|  |TAMS 0x0000000084600000, 0x0000000084600000| Untracked 
|  71|0x0000000084700000, 0x0000000084800000, 0x0000000084800000|100%| E|  |TAMS 0x0000000084700000, 0x0000000084700000| Complete 
|  72|0x0000000084800000, 0x0000000084900000, 0x0000000084900000|100%| E|CS|TAMS 0x0000000084800000, 0x0000000084800000| Complete 
|  73|0x0000000084900000, 0x0000000084a00000, 0x0000000084a00000|100%| E|CS|TAMS 0x0000000084900000, 0x0000000084900000| Complete 
|  74|0x0000000084a00000, 0x0000000084b00000, 0x0000000084b00000|100%| E|CS|TAMS 0x0000000084a00000, 0x0000000084a00000| Complete 
|  75|0x0000000084b00000, 0x0000000084c00000, 0x0000000084c00000|100%| E|CS|TAMS 0x0000000084b00000, 0x0000000084b00000| Complete 
|  76|0x0000000084c00000, 0x0000000084d00000, 0x0000000084d00000|100%| E|CS|TAMS 0x0000000084c00000, 0x0000000084c00000| Complete 
|  77|0x0000000084d00000, 0x0000000084e00000, 0x0000000084e00000|100%| E|CS|TAMS 0x0000000084d00000, 0x0000000084d00000| Complete 
|  78|0x0000000084e00000, 0x0000000084f00000, 0x0000000084f00000|100%| E|CS|TAMS 0x0000000084e00000, 0x0000000084e00000| Complete 
|  79|0x0000000084f00000, 0x0000000085000000, 0x0000000085000000|100%| E|CS|TAMS 0x0000000084f00000, 0x0000000084f00000| Complete 
|  80|0x0000000085000000, 0x0000000085100000, 0x0000000085100000|100%| E|CS|TAMS 0x0000000085000000, 0x0000000085000000| Complete 
|  81|0x0000000085100000, 0x0000000085200000, 0x0000000085200000|100%| E|CS|TAMS 0x0000000085100000, 0x0000000085100000| Complete 
|  82|0x0000000085200000, 0x0000000085300000, 0x0000000085300000|100%| E|CS|TAMS 0x0000000085200000, 0x0000000085200000| Complete 
|  83|0x0000000085300000, 0x0000000085400000, 0x0000000085400000|100%| E|CS|TAMS 0x0000000085300000, 0x0000000085300000| Complete 
|  84|0x0000000085400000, 0x0000000085500000, 0x0000000085500000|100%| E|CS|TAMS 0x0000000085400000, 0x0000000085400000| Complete 
|  85|0x0000000085500000, 0x0000000085600000, 0x0000000085600000|100%| E|CS|TAMS 0x0000000085500000, 0x0000000085500000| Complete 
|  86|0x0000000085600000, 0x0000000085700000, 0x0000000085700000|100%| E|CS|TAMS 0x0000000085600000, 0x0000000085600000| Complete 
|  87|0x0000000085700000, 0x0000000085800000, 0x0000000085800000|100%| E|CS|TAMS 0x0000000085700000, 0x0000000085700000| Complete 
|  88|0x0000000085800000, 0x0000000085900000, 0x0000000085900000|100%| E|CS|TAMS 0x0000000085800000, 0x0000000085800000| Complete 
|  89|0x0000000085900000, 0x0000000085a00000, 0x0000000085a00000|100%| E|CS|TAMS 0x0000000085900000, 0x0000000085900000| Complete 
|  90|0x0000000085a00000, 0x0000000085b00000, 0x0000000085b00000|100%| E|CS|TAMS 0x0000000085a00000, 0x0000000085a00000| Complete 
|  91|0x0000000085b00000, 0x0000000085c00000, 0x0000000085c00000|100%| E|CS|TAMS 0x0000000085b00000, 0x0000000085b00000| Complete 
|  92|0x0000000085c00000, 0x0000000085d00000, 0x0000000085d00000|100%| E|  |TAMS 0x0000000085c00000, 0x0000000085c00000| Complete 
|  93|0x0000000085d00000, 0x0000000085e00000, 0x0000000085e00000|100%| E|CS|TAMS 0x0000000085d00000, 0x0000000085d00000| Complete 
|  94|0x0000000085e00000, 0x0000000085f00000, 0x0000000085f00000|100%| E|CS|TAMS 0x0000000085e00000, 0x0000000085e00000| Complete 
|  95|0x0000000085f00000, 0x0000000086000000, 0x0000000086000000|100%| E|CS|TAMS 0x0000000085f00000, 0x0000000085f00000| Complete 
|  96|0x0000000086000000, 0x0000000086100000, 0x0000000086100000|100%| E|CS|TAMS 0x0000000086000000, 0x0000000086000000| Complete 
|  97|0x0000000086100000, 0x0000000086200000, 0x0000000086200000|100%| E|CS|TAMS 0x0000000086100000, 0x0000000086100000| Complete 
|  98|0x0000000086200000, 0x0000000086300000, 0x0000000086300000|100%| E|CS|TAMS 0x0000000086200000, 0x0000000086200000| Complete 
|  99|0x0000000086300000, 0x0000000086400000, 0x0000000086400000|100%| E|CS|TAMS 0x0000000086300000, 0x0000000086300000| Complete 
| 100|0x0000000086400000, 0x0000000086500000, 0x0000000086500000|100%| E|CS|TAMS 0x0000000086400000, 0x0000000086400000| Complete 
| 101|0x0000000086500000, 0x0000000086600000, 0x0000000086600000|100%| E|CS|TAMS 0x0000000086500000, 0x0000000086500000| Complete 
| 102|0x0000000086600000, 0x0000000086700000, 0x0000000086700000|100%| E|CS|TAMS 0x0000000086600000, 0x0000000086600000| Complete 
| 103|0x0000000086700000, 0x0000000086800000, 0x0000000086800000|100%| E|CS|TAMS 0x0000000086700000, 0x0000000086700000| Complete 
| 104|0x0000000086800000, 0x0000000086900000, 0x0000000086900000|100%| E|CS|TAMS 0x0000000086800000, 0x0000000086800000| Complete 
| 105|0x0000000086900000, 0x0000000086a00000, 0x0000000086a00000|100%| E|CS|TAMS 0x0000000086900000, 0x0000000086900000| Complete 
| 106|0x0000000086a00000, 0x0000000086b00000, 0x0000000086b00000|100%| E|CS|TAMS 0x0000000086a00000, 0x0000000086a00000| Complete 
| 107|0x0000000086b00000, 0x0000000086c00000, 0x0000000086c00000|100%| E|CS|TAMS 0x0000000086b00000, 0x0000000086b00000| Complete 
| 108|0x0000000086c00000, 0x0000000086d00000, 0x0000000086d00000|100%| E|CS|TAMS 0x0000000086c00000, 0x0000000086c00000| Complete 
| 109|0x0000000086d00000, 0x0000000086e00000, 0x0000000086e00000|100%| E|CS|TAMS 0x0000000086d00000, 0x0000000086d00000| Complete 
| 110|0x0000000086e00000, 0x0000000086f00000, 0x0000000086f00000|100%| E|CS|TAMS 0x0000000086e00000, 0x0000000086e00000| Complete 
| 111|0x0000000086f00000, 0x0000000087000000, 0x0000000087000000|100%| E|CS|TAMS 0x0000000086f00000, 0x0000000086f00000| Complete 
| 112|0x0000000087000000, 0x0000000087100000, 0x0000000087100000|100%| E|CS|TAMS 0x0000000087000000, 0x0000000087000000| Complete 
| 113|0x0000000087100000, 0x0000000087200000, 0x0000000087200000|100%| E|CS|TAMS 0x0000000087100000, 0x0000000087100000| Complete 
| 114|0x0000000087200000, 0x0000000087300000, 0x0000000087300000|100%| E|CS|TAMS 0x0000000087200000, 0x0000000087200000| Complete 
| 115|0x0000000087300000, 0x0000000087400000, 0x0000000087400000|100%| E|CS|TAMS 0x0000000087300000, 0x0000000087300000| Complete 

Card table byte_map: [0x00000187f48b0000,0x00000187f4cb0000] _byte_map_base: 0x00000187f44b0000

Marking Bits (Prev, Next): (CMBitMap*) 0x00000187e16a14e8, (CMBitMap*) 0x00000187e16a1520
 Prev Bits: [0x00000187f50b0000, 0x00000187f70b0000)
 Next Bits: [0x00000187f70b0000, 0x00000187f90b0000)

Polling page: 0x00000187df630000

Metaspace:

Usage:
  Non-class:     42.70 MB capacity,    41.81 MB ( 98%) used,   782.46 KB (  2%) free+waste,   129.63 KB ( <1%) overhead. 
      Class:      6.62 MB capacity,     6.13 MB ( 93%) used,   441.74 KB (  7%) free+waste,    61.94 KB ( <1%) overhead. 
       Both:     49.32 MB capacity,    47.94 MB ( 97%) used,     1.20 MB (  2%) free+waste,   191.56 KB ( <1%) overhead. 

Virtual space:
  Non-class space:       44.00 MB reserved,      42.75 MB ( 97%) committed 
      Class space:        1.00 GB reserved,       6.70 MB ( <1%) committed 
             Both:        1.04 GB reserved,      49.45 MB (  5%) committed 

Chunk freelists:
   Non-Class:  50.00 KB
       Class:  6.00 KB
        Both:  56.00 KB

MaxMetaspaceSize: 17179869184.00 GB
CompressedClassSpaceSize: 1.00 GB
Initial GC threshold: 20.80 MB
Current GC threshold: 58.88 MB
CDS: off

CodeHeap 'non-profiled nmethods': size=120000Kb used=2726Kb max_used=2726Kb free=117273Kb
 bounds [0x00000187ecc40000, 0x00000187ecef0000, 0x00000187f4170000]
CodeHeap 'profiled nmethods': size=120000Kb used=10526Kb max_used=10526Kb free=109473Kb
 bounds [0x00000187e5710000, 0x00000187e6160000, 0x00000187ecc40000]
CodeHeap 'non-nmethods': size=5760Kb used=2294Kb max_used=2343Kb free=3465Kb
 bounds [0x00000187e5170000, 0x00000187e53e0000, 0x00000187e5710000]
 total_blobs=6094 nmethods=5307 adapters=699
 compilation: enabled
              stopped_count=0, restarted_count=0
 full_count=0

Compilation events (20 events):
Event: 8.719 Thread 0x00000187fbb05800 5358       3       java.util.TreeMap::values (25 bytes)
Event: 8.720 Thread 0x00000187fbb05800 nmethod 5358 0x00000187e614d590 code [0x00000187e614d760, 0x00000187e614dad8]
Event: 8.720 Thread 0x00000187fbb05800 5359       3       java.util.regex.Pattern::range (292 bytes)
Event: 8.721 Thread 0x00000187fbb01000 nmethod 5339 0x00000187ecee6690 code [0x00000187ecee68e0, 0x00000187ecee7970]
Event: 8.721 Thread 0x00000187fbb01000 5356       4       java.lang.StringLatin1::toUpperCase (180 bytes)
Event: 8.722 Thread 0x00000187fbb05800 nmethod 5359 0x00000187e614dc10 code [0x00000187e614e0c0, 0x00000187e6150348]
Event: 8.722 Thread 0x00000187fbb05800 5360       3       java.util.jar.Manifest$FastInputStream::readLine (296 bytes)
Event: 8.723 Thread 0x00000187fbb05800 nmethod 5360 0x00000187e6150f10 code [0x00000187e6151140, 0x00000187e6151a28]
Event: 8.724 Thread 0x00000187fbb05800 5361       1       com.google.common.collect.MapMakerInternalMap$StrongKeyWeakValueSegment::access$100 (5 bytes)
Event: 8.724 Thread 0x00000187fbb05800 nmethod 5361 0x00000187ecee8110 code [0x00000187ecee82c0, 0x00000187ecee8358]
Event: 8.726 Thread 0x00000187fbb05800 5362       3       com.google.common.collect.MapMakerInternalMap$StrongKeyWeakValueSegment::self (5 bytes)
Event: 8.727 Thread 0x00000187fbb05800 nmethod 5362 0x00000187e6151d90 code [0x00000187e6151f40, 0x00000187e6152098]
Event: 8.727 Thread 0x00000187fbb05800 5363       3       com.google.common.collect.MapMakerInternalMap$StrongKeyWeakValueSegment::self (2 bytes)
Event: 8.727 Thread 0x00000187fbb05800 nmethod 5363 0x00000187e6152190 code [0x00000187e6152340, 0x00000187e6152438]
Event: 8.730 Thread 0x00000187fbb05800 5364       3       com.google.common.collect.MapMakerInternalMap::segmentFor (17 bytes)
Event: 8.730 Thread 0x00000187fbb01000 nmethod 5356 0x00000187ecee8410 code [0x00000187ecee85e0, 0x00000187ecee8ed8]
Event: 8.730 Thread 0x00000187fbb01000 5351       4       java.io.DataOutputStream::writeByte (14 bytes)
Event: 8.730 Thread 0x00000187fbb05800 nmethod 5364 0x00000187e6152510 code [0x00000187e61526c0, 0x00000187e61527f8]
Event: 8.731 Thread 0x00000187fbb01000 nmethod 5351 0x00000187ecee9310 code [0x00000187ecee94a0, 0x00000187ecee9558]
Event: 8.731 Thread 0x00000187fbb01000 5335       4       java.lang.PublicMethods::merge (81 bytes)

GC Heap History (18 events):
Event: 0.861 GC heap before
{Heap before GC invocations=0 (full 0):
 garbage-first heap   total 98304K, used 29696K [0x0000000080000000, 0x0000000100000000)
  region size 1024K, 24 young (24576K), 0 survivors (0K)
 Metaspace       used 9852K, capacity 10050K, committed 10112K, reserved 1058816K
  class space    used 1028K, capacity 1102K, committed 1152K, reserved 1048576K
}
Event: 0.870 GC heap after
{Heap after GC invocations=1 (full 0):
 garbage-first heap   total 98304K, used 9292K [0x0000000080000000, 0x0000000100000000)
  region size 1024K, 3 young (3072K), 3 survivors (3072K)
 Metaspace       used 9852K, capacity 10050K, committed 10112K, reserved 1058816K
  class space    used 1028K, capacity 1102K, committed 1152K, reserved 1048576K
}
Event: 1.615 GC heap before
{Heap before GC invocations=1 (full 0):
 garbage-first heap   total 98304K, used 64588K [0x0000000080000000, 0x0000000100000000)
  region size 1024K, 57 young (58368K), 3 survivors (3072K)
 Metaspace       used 13972K, capacity 14357K, committed 14592K, reserved 1062912K
  class space    used 1562K, capacity 1686K, committed 1792K, reserved 1048576K
}
Event: 1.623 GC heap after
{Heap after GC invocations=2 (full 0):
 garbage-first heap   total 98304K, used 15211K [0x0000000080000000, 0x0000000100000000)
  region size 1024K, 8 young (8192K), 8 survivors (8192K)
 Metaspace       used 13972K, capacity 14357K, committed 14592K, reserved 1062912K
  class space    used 1562K, capacity 1686K, committed 1792K, reserved 1048576K
}
Event: 3.922 GC heap before
{Heap before GC invocations=2 (full 0):
 garbage-first heap   total 98304K, used 58219K [0x0000000080000000, 0x0000000100000000)
  region size 1024K, 51 young (52224K), 8 survivors (8192K)
 Metaspace       used 20690K, capacity 21075K, committed 21248K, reserved 1067008K
  class space    used 2541K, capacity 2693K, committed 2816K, reserved 1048576K
}
Event: 3.932 GC heap after
{Heap after GC invocations=3 (full 0):
 garbage-first heap   total 98304K, used 17408K [0x0000000080000000, 0x0000000100000000)
  region size 1024K, 3 young (3072K), 3 survivors (3072K)
 Metaspace       used 20690K, capacity 21075K, committed 21248K, reserved 1067008K
  class space    used 2541K, capacity 2693K, committed 2816K, reserved 1048576K
}
Event: 4.473 GC heap before
{Heap before GC invocations=4 (full 0):
 garbage-first heap   total 98304K, used 64512K [0x0000000080000000, 0x0000000100000000)
  region size 1024K, 49 young (50176K), 3 survivors (3072K)
 Metaspace       used 25535K, capacity 26126K, committed 26368K, reserved 1073152K
  class space    used 3318K, capacity 3531K, committed 3584K, reserved 1048576K
}
Event: 4.476 GC heap after
{Heap after GC invocations=5 (full 0):
 garbage-first heap   total 98304K, used 19127K [0x0000000080000000, 0x0000000100000000)
  region size 1024K, 4 young (4096K), 4 survivors (4096K)
 Metaspace       used 25535K, capacity 26126K, committed 26368K, reserved 1073152K
  class space    used 3318K, capacity 3531K, committed 3584K, reserved 1048576K
}
Event: 5.061 GC heap before
{Heap before GC invocations=5 (full 0):
 garbage-first heap   total 98304K, used 68279K [0x0000000080000000, 0x0000000100000000)
  region size 1024K, 52 young (53248K), 4 survivors (4096K)
 Metaspace       used 29938K, capacity 30567K, committed 30720K, reserved 1075200K
  class space    used 4024K, capacity 4272K, committed 4352K, reserved 1048576K
}
Event: 5.065 GC heap after
{Heap after GC invocations=6 (full 0):
 garbage-first heap   total 98304K, used 20605K [0x0000000080000000, 0x0000000100000000)
  region size 1024K, 4 young (4096K), 4 survivors (4096K)
 Metaspace       used 29938K, capacity 30567K, committed 30720K, reserved 1075200K
  class space    used 4024K, capacity 4272K, committed 4352K, reserved 1048576K
}
Event: 5.505 GC heap before
{Heap before GC invocations=6 (full 0):
 garbage-first heap   total 98304K, used 38013K [0x0000000080000000, 0x0000000100000000)
  region size 1024K, 22 young (22528K), 4 survivors (4096K)
 Metaspace       used 35012K, capacity 35785K, committed 35840K, reserved 1081344K
  class space    used 4550K, capacity 4863K, committed 4864K, reserved 1048576K
}
Event: 5.514 GC heap after
{Heap after GC invocations=7 (full 0):
 garbage-first heap   total 98304K, used 22992K [0x0000000080000000, 0x0000000100000000)
  region size 1024K, 6 young (6144K), 6 survivors (6144K)
 Metaspace       used 35012K, capacity 35785K, committed 35840K, reserved 1081344K
  class space    used 4550K, capacity 4863K, committed 4864K, reserved 1048576K
}
Event: 6.196 GC heap before
{Heap before GC invocations=8 (full 0):
 garbage-first heap   total 98304K, used 73168K [0x0000000080000000, 0x0000000100000000)
  region size 1024K, 53 young (54272K), 6 survivors (6144K)
 Metaspace       used 39357K, capacity 40242K, committed 40524K, reserved 1085440K
  class space    used 5048K, capacity 5406K, committed 5452K, reserved 1048576K
}
Event: 6.204 GC heap after
{Heap after GC invocations=9 (full 0):
 garbage-first heap   total 98304K, used 26894K [0x0000000080000000, 0x0000000100000000)
  region size 1024K, 7 young (7168K), 7 survivors (7168K)
 Metaspace       used 39357K, capacity 40242K, committed 40524K, reserved 1085440K
  class space    used 5048K, capacity 5406K, committed 5452K, reserved 1048576K
}
Event: 6.725 GC heap before
{Heap before GC invocations=9 (full 0):
 garbage-first heap   total 98304K, used 73998K [0x0000000080000000, 0x0000000100000000)
  region size 1024K, 53 young (54272K), 7 survivors (7168K)
 Metaspace       used 43515K, capacity 44579K, committed 44620K, reserved 1087488K
  class space    used 5558K, capacity 5926K, committed 5964K, reserved 1048576K
}
Event: 6.730 GC heap after
{Heap after GC invocations=10 (full 0):
 garbage-first heap   total 118784K, used 28320K [0x0000000080000000, 0x0000000100000000)
  region size 1024K, 6 young (6144K), 6 survivors (6144K)
 Metaspace       used 43515K, capacity 44579K, committed 44620K, reserved 1087488K
  class space    used 5558K, capacity 5926K, committed 5964K, reserved 1048576K
}
Event: 7.726 GC heap before
{Heap before GC invocations=10 (full 0):
 garbage-first heap   total 118784K, used 84640K [0x0000000080000000, 0x0000000100000000)
  region size 1024K, 61 young (62464K), 6 survivors (6144K)
 Metaspace       used 47074K, capacity 48304K, committed 48460K, reserved 1091584K
  class space    used 6032K, capacity 6465K, committed 6476K, reserved 1048576K
}
Event: 7.732 GC heap after
{Heap after GC invocations=11 (full 0):
 garbage-first heap   total 118784K, used 30868K [0x0000000080000000, 0x0000000100000000)
  region size 1024K, 5 young (5120K), 5 survivors (5120K)
 Metaspace       used 47074K, capacity 48304K, committed 48460K, reserved 1091584K
  class space    used 6032K, capacity 6465K, committed 6476K, reserved 1048576K
}

Deoptimization events (20 events):
Event: 8.631 Thread 0x00000187fc5c6800 Uncommon trap: trap_request=0xffffff4d fr.pc=0x00000187ece41c9c relative=0x000000000000007c
Event: 8.631 Thread 0x00000187fc5c6800 Uncommon trap: reason=unstable_if action=reinterpret pc=0x00000187ece41c9c method=java.util.Spliterator.getExactSizeIfKnown()J @ 9 c2
Event: 8.631 Thread 0x00000187fc5c6800 DEOPT PACKING pc=0x00000187ece41c9c sp=0x000000105d4fb1c0
Event: 8.631 Thread 0x00000187fc5c6800 DEOPT UNPACKING pc=0x00000187e51ba1af sp=0x000000105d4fb158 mode 2
Event: 8.633 Thread 0x00000187fc5c6800 Uncommon trap: trap_request=0xffffffc6 fr.pc=0x00000187ecdf5638 relative=0x0000000000003898
Event: 8.633 Thread 0x00000187fc5c6800 Uncommon trap: reason=bimorphic_or_optimized_type_check action=maybe_recompile pc=0x00000187ecdf5638 method=java.util.AbstractCollection.addAll(Ljava/util/Collection;)Z @ 29 c2
Event: 8.633 Thread 0x00000187fc5c6800 DEOPT PACKING pc=0x00000187ecdf5638 sp=0x000000105d4fbc30
Event: 8.633 Thread 0x00000187fc5c6800 DEOPT UNPACKING pc=0x00000187e51ba1af sp=0x000000105d4fbc30 mode 2
Event: 8.675 Thread 0x00000187fc5c6800 Uncommon trap: trap_request=0xffffffc6 fr.pc=0x00000187ecd557f8 relative=0x0000000000000218
Event: 8.675 Thread 0x00000187fc5c6800 Uncommon trap: reason=bimorphic_or_optimized_type_check action=maybe_recompile pc=0x00000187ecd557f8 method=com.google.common.base.CharMatcher.indexIn(Ljava/lang/CharSequence;I)I @ 31 c2
Event: 8.675 Thread 0x00000187fc5c6800 DEOPT PACKING pc=0x00000187ecd557f8 sp=0x000000105d4f82f0
Event: 8.675 Thread 0x00000187fc5c6800 DEOPT UNPACKING pc=0x00000187e51ba1af sp=0x000000105d4f8298 mode 2
Event: 8.678 Thread 0x00000187fc5c6800 Uncommon trap: trap_request=0xffffffc6 fr.pc=0x00000187ecd557f8 relative=0x0000000000000218
Event: 8.678 Thread 0x00000187fc5c6800 Uncommon trap: reason=bimorphic_or_optimized_type_check action=maybe_recompile pc=0x00000187ecd557f8 method=com.google.common.base.CharMatcher.indexIn(Ljava/lang/CharSequence;I)I @ 31 c2
Event: 8.678 Thread 0x00000187fc5c6800 DEOPT PACKING pc=0x00000187ecd557f8 sp=0x000000105d4f9bf0
Event: 8.678 Thread 0x00000187fc5c6800 DEOPT UNPACKING pc=0x00000187e51ba1af sp=0x000000105d4f9b98 mode 2
Event: 8.689 Thread 0x00000187fc5c6800 Uncommon trap: trap_request=0xffffff4d fr.pc=0x00000187ecc922e0 relative=0x0000000000000580
Event: 8.689 Thread 0x00000187fc5c6800 Uncommon trap: reason=unstable_if action=reinterpret pc=0x00000187ecc922e0 method=java.util.jar.Manifest$FastInputStream.readLine([BII)I @ 130 c2
Event: 8.689 Thread 0x00000187fc5c6800 DEOPT PACKING pc=0x00000187ecc922e0 sp=0x000000105d4f7e10
Event: 8.689 Thread 0x00000187fc5c6800 DEOPT UNPACKING pc=0x00000187e51ba1af sp=0x000000105d4f7da0 mode 2

Classes redefined (0 events):
No events

Internal exceptions (20 events):
Event: 8.593 Thread 0x00000187fc5c6800 Exception <a 'java/lang/ClassNotFoundException'{0x00000000852316d0}: org/gradle/api/internal/AbstractTaskCustomizer> (0x00000000852316d0) thrown at [./src/hotspot/share/classfile/systemDictionary.cpp, line 231]
Event: 8.597 Thread 0x00000187fc5c6800 Exception <a 'java/lang/ClassNotFoundException'{0x00000000852a3e38}: org/gradle/api/DefaultTaskCustomizer> (0x00000000852a3e38) thrown at [./src/hotspot/share/classfile/systemDictionary.cpp, line 231]
Event: 8.601 Thread 0x00000187fc5c6800 Exception <a 'java/lang/ClassNotFoundException'{0x0000000085125bc0}: org/gradle/api/internal/ConventionTaskCustomizer> (0x0000000085125bc0) thrown at [./src/hotspot/share/classfile/systemDictionary.cpp, line 231]
Event: 8.602 Thread 0x00000187fc5c6800 Exception <a 'java/lang/ClassNotFoundException'{0x000000008515dc08}: org/gradle/api/tasks/DeleteCustomizer> (0x000000008515dc08) thrown at [./src/hotspot/share/classfile/systemDictionary.cpp, line 231]
Event: 8.605 Thread 0x00000187fc5c6800 Exception <a 'java/lang/ClassNotFoundException'{0x000000008519ce08}: org/gradle/api/tasks/Delete_DecoratedCustomizer> (0x000000008519ce08) thrown at [./src/hotspot/share/classfile/systemDictionary.cpp, line 231]
Event: 8.629 Thread 0x00000187fc5c6800 Exception <a 'java/lang/NoSuchMethodError'{0x00000000850afb48}: 'long java.lang.invoke.DirectMethodHandle$Holder.invokeVirtual(java.lang.Object, java.lang.Object)'> (0x00000000850afb48) thrown at [./src/hotspot/share/interpreter/linkResolver.cpp, line 773]
Event: 8.634 Thread 0x00000187fe7b2800 Exception <a 'java/lang/NoSuchMethodError'{0x0000000087308ca8}: <clinit>> (0x0000000087308ca8) thrown at [./src/hotspot/share/prims/jni.cpp, line 1365]
Event: 8.638 Thread 0x00000187fe7b2800 Exception <a 'java/lang/NoSuchMethodError'{0x0000000084f1da90}: <clinit>> (0x0000000084f1da90) thrown at [./src/hotspot/share/prims/jni.cpp, line 1365]
Event: 8.638 Thread 0x00000187fe7b2800 Exception <a 'java/lang/NoSuchMethodError'{0x0000000084f1eba0}: <clinit>> (0x0000000084f1eba0) thrown at [./src/hotspot/share/prims/jni.cpp, line 1365]
Event: 8.639 Thread 0x00000187fe7b2800 Exception <a 'java/lang/NoSuchMethodError'{0x0000000084f1fea8}: <clinit>> (0x0000000084f1fea8) thrown at [./src/hotspot/share/prims/jni.cpp, line 1365]
Event: 8.639 Thread 0x00000187fe7b2800 Exception <a 'java/lang/NoSuchMethodError'{0x0000000084f20ec8}: <clinit>> (0x0000000084f20ec8) thrown at [./src/hotspot/share/prims/jni.cpp, line 1365]
Event: 8.641 Thread 0x00000187fe7b2800 Exception <a 'java/lang/NoSuchMethodError'{0x0000000084f33470}: <clinit>> (0x0000000084f33470) thrown at [./src/hotspot/share/prims/jni.cpp, line 1365]
Event: 8.642 Thread 0x00000187fe7b2800 Exception <a 'java/lang/NoSuchMethodError'{0x0000000084f3dc30}: <clinit>> (0x0000000084f3dc30) thrown at [./src/hotspot/share/prims/jni.cpp, line 1365]
Event: 8.644 Thread 0x00000187fe7b2800 Exception <a 'java/lang/NoSuchMethodError'{0x0000000084f518f0}: <clinit>> (0x0000000084f518f0) thrown at [./src/hotspot/share/prims/jni.cpp, line 1365]
Event: 8.665 Thread 0x00000187fc5c6800 Exception <a 'java/lang/ClassNotFoundException'{0x0000000084fdd190}: build_4bp5qx0gqbqdwpk8geuy1l1rzBeanInfo> (0x0000000084fdd190) thrown at [./src/hotspot/share/classfile/systemDictionary.cpp, line 231]
Event: 8.665 Thread 0x00000187fc5c6800 Exception <a 'java/lang/ClassNotFoundException'{0x0000000084fe8400}: build_4bp5qx0gqbqdwpk8geuy1l1rzCustomizer> (0x0000000084fe8400) thrown at [./src/hotspot/share/classfile/systemDictionary.cpp, line 231]
Event: 8.672 Thread 0x00000187fc5c6800 Exception <a 'java/lang/ClassNotFoundException'{0x0000000084e6b880}: org/gradle/plugin/use/internal/PluginRequestCollector$PluginDependenciesSpecImplBeanInfo> (0x0000000084e6b880) thrown at [./src/hotspot/share/classfile/systemDictionary.cpp, line 231]
Event: 8.673 Thread 0x00000187fc5c6800 Exception <a 'java/lang/ClassNotFoundException'{0x0000000084e9a8a8}: org/gradle/plugin/use/internal/PluginRequestCollector$PluginDependenciesSpecImplCustomizer> (0x0000000084e9a8a8) thrown at [./src/hotspot/share/classfile/systemDictionary.cpp, line 231]
Event: 8.712 Thread 0x00000187fc5c6800 Exception <a 'java/lang/ClassNotFoundException'{0x0000000084b14c08}: org/gradle/api/internal/plugins/DefaultObjectConfigurationActionBeanInfo> (0x0000000084b14c08) thrown at [./src/hotspot/share/classfile/systemDictionary.cpp, line 231]
Event: 8.712 Thread 0x00000187fc5c6800 Exception <a 'java/lang/ClassNotFoundException'{0x0000000084b49cf8}: org/gradle/api/internal/plugins/DefaultObjectConfigurationActionCustomizer> (0x0000000084b49cf8) thrown at [./src/hotspot/share/classfile/systemDictionary.cpp, line 231]

Events (20 events):
Event: 8.729 loading class com/google/common/base/CharMatcher$JavaLetterOrDigit
Event: 8.729 loading class com/google/common/base/CharMatcher$JavaLetterOrDigit done
Event: 8.730 loading class com/google/common/base/CharMatcher$ForPredicate
Event: 8.730 loading class com/google/common/base/CharMatcher$ForPredicate done
Event: 8.730 loading class com/google/common/base/CharMatcher$AnyOf
Event: 8.730 loading class com/google/common/base/CharMatcher$AnyOf done
Event: 8.730 loading class com/google/common/base/CharMatcher$1
Event: 8.730 loading class com/google/common/base/CharMatcher$1 done
Event: 8.730 loading class com/google/common/base/CharMatcher$NegatedFastMatcher
Event: 8.730 loading class com/google/common/base/CharMatcher$NegatedFastMatcher done
Event: 8.731 loading class com/google/common/base/CharMatcher$None
Event: 8.731 loading class com/google/common/base/CharMatcher$None done
Event: 8.731 loading class com/google/common/base/Preconditions
Event: 8.731 loading class com/google/common/base/Preconditions done
Event: 8.732 loading class com/google/common/base/Splitter$1
Event: 8.732 loading class com/google/common/base/Splitter$1 done
Event: 8.732 loading class com/google/common/base/Splitter$SplittingIterator
Event: 8.732 loading class com/google/common/base/Splitter$SplittingIterator done
Event: 8.733 loading class com/google/common/base/AbstractIterator
Event: 8.733 loading class com/google/common/base/AbstractIterator done


Dynamic libraries:
0x00007ff7c1bd0000 - 0x00007ff7c1bda000 	D:\Android-Review\jre\bin\java.exe
0x00007ffe9a290000 - 0x00007ffe9a485000 	C:\WINDOWS\SYSTEM32\ntdll.dll
0x00007ffe99f80000 - 0x00007ffe9a03e000 	C:\WINDOWS\System32\KERNEL32.DLL
0x00007ffe97bc0000 - 0x00007ffe97e88000 	C:\WINDOWS\System32\KERNELBASE.dll
0x00007ffe98080000 - 0x00007ffe98180000 	C:\WINDOWS\System32\ucrtbase.dll
0x00007ffe8fbe0000 - 0x00007ffe8fbf7000 	D:\Android-Review\jre\bin\VCRUNTIME140.dll
0x00007ffe90970000 - 0x00007ffe90989000 	D:\Android-Review\jre\bin\jli.dll
0x00007ffe997a0000 - 0x00007ffe99940000 	C:\WINDOWS\System32\USER32.dll
0x00007ffe97e90000 - 0x00007ffe97eb2000 	C:\WINDOWS\System32\win32u.dll
0x00007ffe87f30000 - 0x00007ffe881ca000 	C:\WINDOWS\WinSxS\amd64_microsoft.windows.common-controls_6595b64144ccf1df_6.0.19041.1110_none_60b5254171f9507e\COMCTL32.dll
0x00007ffe99b70000 - 0x00007ffe99c0e000 	C:\WINDOWS\System32\msvcrt.dll
0x00007ffe999f0000 - 0x00007ffe99a1b000 	C:\WINDOWS\System32\GDI32.dll
0x00007ffe979a0000 - 0x00007ffe97aad000 	C:\WINDOWS\System32\gdi32full.dll
0x00007ffe97b20000 - 0x00007ffe97bbd000 	C:\WINDOWS\System32\msvcp_win.dll
0x00007ffe99e80000 - 0x00007ffe99eb0000 	C:\WINDOWS\System32\IMM32.DLL
0x00007ffe61800000 - 0x00007ffe6189d000 	D:\Android-Review\jre\bin\msvcp140.dll
0x00007ffe41c60000 - 0x00007ffe42745000 	D:\Android-Review\jre\bin\server\jvm.dll
0x00007ffe982e0000 - 0x00007ffe9838e000 	C:\WINDOWS\System32\ADVAPI32.dll
0x00007ffe984e0000 - 0x00007ffe9857c000 	C:\WINDOWS\System32\sechost.dll
0x00007ffe99d50000 - 0x00007ffe99e75000 	C:\WINDOWS\System32\RPCRT4.dll
0x00007ffe99730000 - 0x00007ffe99738000 	C:\WINDOWS\System32\PSAPI.DLL
0x00007ffe8fa70000 - 0x00007ffe8fa7a000 	C:\WINDOWS\SYSTEM32\VERSION.dll
0x00007ffe934c0000 - 0x00007ffe934c9000 	C:\WINDOWS\SYSTEM32\WSOCK32.dll
0x00007ffe8fa40000 - 0x00007ffe8fa67000 	C:\WINDOWS\SYSTEM32\WINMM.dll
0x00007ffe996c0000 - 0x00007ffe9972b000 	C:\WINDOWS\System32\WS2_32.dll
0x00007ffe95890000 - 0x00007ffe958a2000 	C:\WINDOWS\SYSTEM32\kernel.appcore.dll
0x00007ffe92a30000 - 0x00007ffe92a41000 	D:\Android-Review\jre\bin\verify.dll
0x00007ffe8b7b0000 - 0x00007ffe8b994000 	C:\WINDOWS\SYSTEM32\DBGHELP.DLL
0x00007ffe84f90000 - 0x00007ffe84fbc000 	C:\WINDOWS\SYSTEM32\dbgcore.DLL
0x00007ffe97f10000 - 0x00007ffe97f92000 	C:\WINDOWS\System32\bcryptPrimitives.dll
0x00007ffe90d80000 - 0x00007ffe90da9000 	D:\Android-Review\jre\bin\java.dll
0x00007ffe93490000 - 0x00007ffe9349b000 	D:\Android-Review\jre\bin\jimage.dll
0x00007ffe90d60000 - 0x00007ffe90d78000 	D:\Android-Review\jre\bin\zip.dll
0x00007ffe986a0000 - 0x00007ffe98de4000 	C:\WINDOWS\System32\SHELL32.dll
0x00007ffe95a90000 - 0x00007ffe96224000 	C:\WINDOWS\SYSTEM32\windows.storage.dll
0x00007ffe98df0000 - 0x00007ffe99145000 	C:\WINDOWS\System32\combase.dll
0x00007ffe97320000 - 0x00007ffe9734e000 	C:\WINDOWS\SYSTEM32\Wldp.dll
0x00007ffe99ca0000 - 0x00007ffe99d4d000 	C:\WINDOWS\System32\SHCORE.dll
0x00007ffe99a20000 - 0x00007ffe99a75000 	C:\WINDOWS\System32\shlwapi.dll
0x00007ffe978e0000 - 0x00007ffe978ff000 	C:\WINDOWS\SYSTEM32\profapi.dll
0x00007ffe90d40000 - 0x00007ffe90d5a000 	D:\Android-Review\jre\bin\net.dll
0x00007ffe8c650000 - 0x00007ffe8c75c000 	C:\WINDOWS\SYSTEM32\WINHTTP.dll
0x00007ffe97080000 - 0x00007ffe970ea000 	C:\WINDOWS\system32\mswsock.dll
0x00007ffe90cf0000 - 0x00007ffe90d04000 	D:\Android-Review\jre\bin\nio.dll
0x00007ffe88700000 - 0x00007ffe88727000 	C:\Users\Tu\.gradle\native\e1d6ef7f7dcc3fd88c89a11ec53ec762bb8ba0a96d01ffa2cd45eb1d1d8dd5c5\windows-amd64\native-platform.dll
0x00007ffe65cb0000 - 0x00007ffe65df4000 	C:\Users\Tu\.gradle\native\5664cfc778a61ccfe75a443a1ab52a65af34e5dc3c78e0209fed803814484fcb\windows-amd64\native-platform-file-events.dll
0x00007ffe93430000 - 0x00007ffe9343a000 	D:\Android-Review\jre\bin\management.dll
0x00007ffe92150000 - 0x00007ffe9215d000 	D:\Android-Review\jre\bin\management_ext.dll
0x00007ffe97270000 - 0x00007ffe97288000 	C:\WINDOWS\SYSTEM32\CRYPTSP.dll
0x00007ffe96a00000 - 0x00007ffe96a34000 	C:\WINDOWS\system32\rsaenh.dll
0x00007ffe98050000 - 0x00007ffe98077000 	C:\WINDOWS\System32\bcrypt.dll
0x00007ffe97860000 - 0x00007ffe9788e000 	C:\WINDOWS\SYSTEM32\USERENV.dll
0x00007ffe97290000 - 0x00007ffe9729c000 	C:\WINDOWS\SYSTEM32\CRYPTBASE.dll
0x00007ffe96d70000 - 0x00007ffe96dab000 	C:\WINDOWS\SYSTEM32\IPHLPAPI.DLL
0x00007ffe99b60000 - 0x00007ffe99b68000 	C:\WINDOWS\System32\NSI.dll
0x00007ffe8fd60000 - 0x00007ffe8fd77000 	C:\WINDOWS\SYSTEM32\dhcpcsvc6.DLL
0x00007ffe8fbc0000 - 0x00007ffe8fbdd000 	C:\WINDOWS\SYSTEM32\dhcpcsvc.DLL
0x00007ffe96db0000 - 0x00007ffe96e7b000 	C:\WINDOWS\SYSTEM32\DNSAPI.dll

dbghelp: loaded successfully - version: 4.0.5 - missing functions: none
symbol engine: initialized successfully - sym options: 0x614 - pdb path: .;D:\Android-Review\jre\bin;C:\WINDOWS\SYSTEM32;C:\WINDOWS\WinSxS\amd64_microsoft.windows.common-controls_6595b64144ccf1df_6.0.19041.1110_none_60b5254171f9507e;D:\Android-Review\jre\bin\server;C:\Users\Tu\.gradle\native\e1d6ef7f7dcc3fd88c89a11ec53ec762bb8ba0a96d01ffa2cd45eb1d1d8dd5c5\windows-amd64;C:\Users\Tu\.gradle\native\5664cfc778a61ccfe75a443a1ab52a65af34e5dc3c78e0209fed803814484fcb\windows-amd64

VM Arguments:
jvm_args: --add-opens=java.base/java.util=ALL-UNNAMED --add-opens=java.base/java.lang=ALL-UNNAMED --add-opens=java.base/java.lang.invoke=ALL-UNNAMED --add-opens=java.base/java.util=ALL-UNNAMED --add-opens=java.prefs/java.util.prefs=ALL-UNNAMED --add-opens=java.prefs/java.util.prefs=ALL-UNNAMED --add-opens=java.base/java.nio.charset=ALL-UNNAMED --add-opens=java.base/java.net=ALL-UNNAMED --add-opens=java.base/java.util.concurrent.atomic=ALL-UNNAMED -Xmx2048m -Dfile.encoding=UTF-8 -Duser.country=US -Duser.language=en -Duser.variant 
java_command: org.gradle.launcher.daemon.bootstrap.GradleDaemon 7.2
java_class_path (initial): C:\Users\Tu\.gradle\wrapper\dists\gradle-7.2-bin\2dnblmf4td7x66yl1d74lt32g\gradle-7.2\lib\gradle-launcher-7.2.jar
Launcher Type: SUN_STANDARD

[Global flags]
     intx CICompilerCount                          = 4                                         {product} {ergonomic}
     uint ConcGCThreads                            = 2                                         {product} {ergonomic}
     uint G1ConcRefinementThreads                  = 8                                         {product} {ergonomic}
   size_t G1HeapRegionSize                         = 1048576                                   {product} {ergonomic}
    uintx GCDrainStackTargetSize                   = 64                                        {product} {ergonomic}
   size_t InitialHeapSize                          = 100663296                                 {product} {ergonomic}
   size_t MarkStackSize                            = 4194304                                   {product} {ergonomic}
   size_t MaxHeapSize                              = 2147483648                                {product} {command line}
   size_t MaxNewSize                               = 1287651328                                {product} {ergonomic}
   size_t MinHeapDeltaBytes                        = 1048576                                   {product} {ergonomic}
    uintx NonNMethodCodeHeapSize                   = 5836300                                {pd product} {ergonomic}
    uintx NonProfiledCodeHeapSize                  = 122910970                              {pd product} {ergonomic}
    uintx ProfiledCodeHeapSize                     = 122910970                              {pd product} {ergonomic}
    uintx ReservedCodeCacheSize                    = 251658240                              {pd product} {ergonomic}
     bool SegmentedCodeCache                       = true                                      {product} {ergonomic}
     bool UseCompressedClassPointers               = true                                 {lp64_product} {ergonomic}
     bool UseCompressedOops                        = true                                 {lp64_product} {ergonomic}
     bool UseG1GC                                  = true                                      {product} {ergonomic}
     bool UseLargePagesIndividualAllocation        = false                                  {pd product} {ergonomic}

Logging:
Log output configuration:
 #0: stdout all=warning uptime,level,tags
 #1: stderr all=off uptime,level,tags

Environment Variables:
PATH=C:\Program Files\Common Files\Oracle\Java\javapath;C:\Program Files\Microsoft MPI\Bin\;C:\Program Files (x86)\Common Files\Oracle\Java\javapath;C:\WINDOWS\system32;C:\WINDOWS;C:\WINDOWS\System32\Wbem;C:\WINDOWS\System32\WindowsPowerShell\v1.0\;C:\WINDOWS\System32\OpenSSH\;C:\Program Files\Microsoft SQL Server\130\Tools\Binn\;C:\Program Files\Microsoft SQL Server\Client SDK\ODBC\130\Tools\Binn\;C:\Program Files (x86)\Microsoft SQL Server\140\Tools\Binn\;C:\Program Files\Microsoft SQL Server\140\Tools\Binn\;C:\Program Files\Microsoft SQL Server\140\DTS\Binn\;C:\Program Files (x86)\Microsoft SQL Server\140\DTS\Binn\;C:\Program Files (x86)\Microsoft SQL Server\150\DTS\Binn\;C:\Program Files\Microsoft SQL Server\Client SDK\ODBC\170\Tools\Binn\;C:\Program Files\Git\cmd;C:\Program Files\dotnet\;C:\Program Files (x86)\dotnet\;C:\Program Files\Microsoft\Web Platform Installer\;D:\Scripts\;D:\;C:\Users\Tu\AppData\Local\Microsoft\WindowsApps;C:\Program Files\Azure Data Studio\bin;D:\Microsoft VS Code\bin;C:\Users\Tu\.dotnet\tools;C:\Program Files\heroku\bin
USERNAME=Tu
OS=Windows_NT
PROCESSOR_IDENTIFIER=AMD64 Family 23 Model 24 Stepping 1, AuthenticAMD



---------------  S Y S T E M  ---------------

OS: Windows 10 , 64 bit Build 19041 (10.0.19041.1503)
OS uptime: 1 days 6:35 hours

CPU:total 8 (initial active 8) (8 cores per cpu, 2 threads per core) family 23 model 24 stepping 1 microcode 0x0, cmov, cx8, fxsr, mmx, sse, sse2, sse3, ssse3, sse4.1, sse4.2, popcnt, avx, avx2, aes, clmul, mmxext, 3dnowpref, lzcnt, sse4a, ht, tsc, tscinvbit, tscinv, bmi1, bmi2, adx, sha, fma

Memory: 4k page, system-wide physical 6057M (355M free)
TotalPageFile size 24489M (AvailPageFile size 4M)
current process WorkingSet (physical memory assigned to process): 293M, peak: 293M
current process commit charge ("private bytes"): 335M, peak: 335M

vm_info: OpenJDK 64-Bit Server VM (11.0.12+7-b1504.28-7817840) for windows-amd64 JRE (11.0.12+7-b1504.28-7817840), built on Oct 13 2021 22:12:33 by "builder" with MS VC++ 14.0 (VS2015)

END.
