#
# There is insufficient memory for the Java Runtime Environment to continue.
# Native memory allocation (mmap) failed to map 25165824 bytes for Failed to commit area from 0x0000000087400000 to 0x0000000088c00000 of length 25165824.
# Possible reasons:
#   The system is out of physical RAM or swap space
#   The process is running with CompressedOops enabled, and the Java Heap may be blocking the growth of the native heap
# Possible solutions:
#   Reduce memory load on the system
#   Increase physical memory or swap space
#   Check if swap backing store is full
#   Decrease Java heap size (-Xmx/-Xms)
#   Decrease number of Java threads
#   Decrease Java thread stack sizes (-Xss)
#   Set larger code cache with -XX:ReservedCodeCacheSize=
#   JVM is running with Unscaled Compressed Oops mode in which the Java heap is
#     placed in the first 4GB address space. The Java Heap base address is the
#     maximum limit for the native heap growth. Please use -XX:HeapBaseMinAddress
#     to set the Java Heap base and to place the Java Heap above 4GB virtual address.
# This output file may be truncated or incomplete.
#
#  Out of Memory Error (./src/hotspot/os/windows/os_windows.cpp:3521), pid=4232, tid=22496
#
# JRE version: OpenJDK Runtime Environment (11.0.12+7) (build 11.0.12+7-b1504.28-7817840)
# Java VM: OpenJDK 64-Bit Server VM (11.0.12+7-b1504.28-7817840, mixed mode, tiered, compressed oops, g1 gc, windows-amd64)
# No core dump will be written. Minidumps are not enabled by default on client versions of Windows
#

---------------  S U M M A R Y ------------

Command Line: --add-opens=java.base/java.util=ALL-UNNAMED --add-opens=java.base/java.lang=ALL-UNNAMED --add-opens=java.base/java.lang.invoke=ALL-UNNAMED --add-opens=java.base/java.util=ALL-UNNAMED --add-opens=java.prefs/java.util.prefs=ALL-UNNAMED --add-opens=java.prefs/java.util.prefs=ALL-UNNAMED --add-opens=java.base/java.nio.charset=ALL-UNNAMED --add-opens=java.base/java.net=ALL-UNNAMED --add-opens=java.base/java.util.concurrent.atomic=ALL-UNNAMED -Xmx2048m -Dfile.encoding=UTF-8 -Duser.country=US -Duser.language=en -Duser.variant org.gradle.launcher.daemon.bootstrap.GradleDaemon 7.2

Host: AMD Ryzen 7 3750H with Radeon Vega Mobile Gfx  , 8 cores, 5G,  Windows 10 , 64 bit Build 19041 (10.0.19041.1503)
Time: Mon Mar  7 15:54:32 2022 SE Asia Standard Time elapsed time: 13.787925 seconds (0d 0h 0m 13s)

---------------  T H R E A D  ---------------

Current thread (0x000001dfceeef000):  VMThread "VM Thread" [stack: 0x0000002be6f00000,0x0000002be7000000] [id=22496]

Stack: [0x0000002be6f00000,0x0000002be7000000]
[error occurred during error reporting (printing stack bounds), id 0xc0000005, EXCEPTION_ACCESS_VIOLATION (0xc0000005) at pc=0x000001dfb859112d]

Native frames: (J=compiled Java code, j=interpreted, Vv=VM code, C=native code)
V  [jvm.dll+0x5fbcea]
V  [jvm.dll+0x731905]
V  [jvm.dll+0x732f1d]
V  [jvm.dll+0x733535]
V  [jvm.dll+0x7334eb]
V  [jvm.dll+0x5fb080]
V  [jvm.dll+0x5fb818]
C  [ntdll.dll+0xa20cf]
C  [ntdll.dll+0x51454]
C  [ntdll.dll+0xa0bfe]
C  0x000001dfb859112d

VM_Operation (0x0000002be83f3400): G1CollectForAllocation, mode: safepoint, requested by thread 0x000001dfd198b800


---------------  P R O C E S S  ---------------

Threads class SMR info:
_java_thread_list=0x000001dfd58d3a00, length=123, elements={
0x000001dfb4a7b800, 0x000001dfceef2000, 0x000001dfceef5800, 0x000001dfcef12000,
0x000001dfcef14000, 0x000001dfcef18000, 0x000001dfcef19800, 0x000001dfcef1d800,
0x000001dfcef26800, 0x000001dfcf9cc000, 0x000001dfd1298000, 0x000001dfd1568800,
0x000001dfd0c56800, 0x000001dfd160f000, 0x000001dfd15db800, 0x000001dfd165e000,
0x000001dfd198b800, 0x000001dfd1c6d800, 0x000001dfd1c71800, 0x000001dfd1c6e000,
0x000001dfd1c70000, 0x000001dfd1c6f000, 0x000001dfd1c70800, 0x000001dfd1c72000,
0x000001dfd1c6c800, 0x000001dfd1c73000, 0x000001dfd1ca0000, 0x000001dfd1ca1000,
0x000001dfd1c9f000, 0x000001dfd1ca7800, 0x000001dfd1ca3800, 0x000001dfd1ca5000,
0x000001dfd1ca4000, 0x000001dfd1ca6000, 0x000001dfd1ca1800, 0x000001dfd1ca2800,
0x000001dfd1cac800, 0x000001dfd1ca6800, 0x000001dfd1cab800, 0x000001dfd1caa000,
0x000001dfd1cae000, 0x000001dfd5e1e000, 0x000001dfd1ca8000, 0x000001dfd3e17800,
0x000001dfd3e18000, 0x000001dfd3e14000, 0x000001dfd3e15000, 0x000001dfd3e16000,
0x000001dfd3e19000, 0x000001dfd3e13800, 0x000001dfd3e16800, 0x000001dfd3e1a000,
0x000001dfd2320000, 0x000001dfd2321000, 0x000001dfd2321800, 0x000001dfd2322800,
0x000001dfd2323800, 0x000001dfd231e800, 0x000001dfd231d800, 0x000001dfd2324000,
0x000001dfd2325000, 0x000001dfd231f800, 0x000001dfd232a800, 0x000001dfd232b800,
0x000001dfd2329000, 0x000001dfd232a000, 0x000001dfd2326000, 0x000001dfd232c800,
0x000001dfd2326800, 0x000001dfd2328800, 0x000001dfd2327800, 0x000001dfd46c2000,
0x000001dfd46c4000, 0x000001dfd46c4800, 0x000001dfd46c0800, 0x000001dfd46c1800,
0x000001dfd46bf000, 0x000001dfd46c5800, 0x000001dfd46bf800, 0x000001dfd46c3000,
0x000001dfd46c8000, 0x000001dfd46c8800, 0x000001dfd46c7000, 0x000001dfd46cc000,
0x000001dfd46c9800, 0x000001dfd46c6000, 0x000001dfd46ca800, 0x000001dfd46cb000,
0x000001dfd46cd000, 0x000001dfd46cd800, 0x000001dfd4105800, 0x000001dfd4106800,
0x000001dfd4105000, 0x000001dfd4107800, 0x000001dfd4103000, 0x000001dfd4101800,
0x000001dfd4108000, 0x000001dfd4104000, 0x000001dfd4102800, 0x000001dfd4109000,
0x000001dfd410f800, 0x000001dfd410a800, 0x000001dfd4109800, 0x000001dfd410e800,
0x000001dfd410e000, 0x000001dfd4110000, 0x000001dfd410d000, 0x000001dfd410b800,
0x000001dfd410c000, 0x000001dfd4584800, 0x000001dfd4582800, 0x000001dfd4581800,
0x000001dfd4580000, 0x000001dfd4583000, 0x000001dfd4584000, 0x000001dfd4580800,
0x000001dfd457f000, 0x000001dfd4585800, 0x000001dfd4588000, 0x000001dfd4587000,
0x000001dfd4589000, 0x000001dfd4589800, 0x000001dfd458a800
}

Java Threads: ( => current thread )
  0x000001dfb4a7b800 JavaThread "main" [_thread_blocked, id=19904, stack(0x0000002be6900000,0x0000002be6a00000)]
  0x000001dfceef2000 JavaThread "Reference Handler" daemon [_thread_blocked, id=1460, stack(0x0000002be7000000,0x0000002be7100000)]
  0x000001dfceef5800 JavaThread "Finalizer" daemon [_thread_blocked, id=22260, stack(0x0000002be7100000,0x0000002be7200000)]
  0x000001dfcef12000 JavaThread "Signal Dispatcher" daemon [_thread_blocked, id=22332, stack(0x0000002be7200000,0x0000002be7300000)]
  0x000001dfcef14000 JavaThread "Attach Listener" daemon [_thread_blocked, id=21768, stack(0x0000002be7300000,0x0000002be7400000)]
  0x000001dfcef18000 JavaThread "Service Thread" daemon [_thread_blocked, id=19896, stack(0x0000002be7400000,0x0000002be7500000)]
  0x000001dfcef19800 JavaThread "C2 CompilerThread0" daemon [_thread_blocked, id=22132, stack(0x0000002be7500000,0x0000002be7600000)]
  0x000001dfcef1d800 JavaThread "C1 CompilerThread0" daemon [_thread_blocked, id=6348, stack(0x0000002be7600000,0x0000002be7700000)]
  0x000001dfcef26800 JavaThread "Sweeper thread" daemon [_thread_blocked, id=20224, stack(0x0000002be7700000,0x0000002be7800000)]
  0x000001dfcf9cc000 JavaThread "Common-Cleaner" daemon [_thread_blocked, id=13864, stack(0x0000002be7800000,0x0000002be7900000)]
  0x000001dfd1298000 JavaThread "Daemon health stats" [_thread_blocked, id=18212, stack(0x0000002be7b00000,0x0000002be7c00000)]
  0x000001dfd1568800 JavaThread "Incoming local TCP Connector on port 49873" [_thread_in_native, id=19860, stack(0x0000002be7e00000,0x0000002be7f00000)]
  0x000001dfd0c56800 JavaThread "Daemon periodic checks" [_thread_blocked, id=8076, stack(0x0000002be7f00000,0x0000002be8000000)]
  0x000001dfd160f000 JavaThread "Daemon" [_thread_blocked, id=15700, stack(0x0000002be8000000,0x0000002be8100000)]
  0x000001dfd15db800 JavaThread "Handler for socket connection from /127.0.0.1:49873 to /127.0.0.1:49874" [_thread_in_native, id=22408, stack(0x0000002be8100000,0x0000002be8200000)]
  0x000001dfd165e000 JavaThread "Cancel handler" [_thread_blocked, id=19736, stack(0x0000002be8200000,0x0000002be8300000)]
  0x000001dfd198b800 JavaThread "Daemon worker" [_thread_blocked, id=18700, stack(0x0000002be8300000,0x0000002be8400000)]
  0x000001dfd1c6d800 JavaThread "Asynchronous log dispatcher for DefaultDaemonConnection: socket connection from /127.0.0.1:49873 to /127.0.0.1:49874" [_thread_blocked, id=20980, stack(0x0000002be8400000,0x0000002be8500000)]
  0x000001dfd1c71800 JavaThread "Stdin handler" [_thread_blocked, id=19776, stack(0x0000002be8500000,0x0000002be8600000)]
  0x000001dfd1c6e000 JavaThread "Daemon client event forwarder" [_thread_blocked, id=14628, stack(0x0000002be8600000,0x0000002be8700000)]
  0x000001dfd1c70000 JavaThread "Cache worker for journal cache (C:\Users\Tu\.gradle\caches\journal-1)" [_thread_blocked, id=9676, stack(0x0000002be8700000,0x0000002be8800000)]
  0x000001dfd1c6f000 JavaThread "File lock request listener" [_thread_in_native, id=22412, stack(0x0000002be8800000,0x0000002be8900000)]
  0x000001dfd1c70800 JavaThread "Cache worker for file hash cache (C:\Users\Tu\.gradle\caches\7.2\fileHashes)" [_thread_blocked, id=22128, stack(0x0000002be8e00000,0x0000002be8f00000)]
  0x000001dfd1c72000 JavaThread "Cache worker for file hash cache (D:\Android_Facebook\.gradle\7.2\fileHashes)" [_thread_blocked, id=17980, stack(0x0000002be8f00000,0x0000002be9000000)]
  0x000001dfd1c6c800 JavaThread "File watcher server" daemon [_thread_in_native, id=14224, stack(0x0000002be9000000,0x0000002be9100000)]
  0x000001dfd1c73000 JavaThread "File watcher consumer" daemon [_thread_blocked, id=9508, stack(0x0000002be9100000,0x0000002be9200000)]
  0x000001dfd1ca0000 JavaThread "jar transforms" [_thread_blocked, id=15680, stack(0x0000002be9200000,0x0000002be9300000)]
  0x000001dfd1ca1000 JavaThread "jar transforms Thread 2" [_thread_blocked, id=15400, stack(0x0000002be9300000,0x0000002be9400000)]
  0x000001dfd1c9f000 JavaThread "jar transforms Thread 3" [_thread_blocked, id=9596, stack(0x0000002be9400000,0x0000002be9500000)]
  0x000001dfd1ca7800 JavaThread "jar transforms Thread 4" [_thread_blocked, id=15920, stack(0x0000002be9500000,0x0000002be9600000)]
  0x000001dfd1ca3800 JavaThread "jar transforms Thread 5" [_thread_blocked, id=11488, stack(0x0000002be9600000,0x0000002be9700000)]
  0x000001dfd1ca5000 JavaThread "jar transforms Thread 6" [_thread_blocked, id=11752, stack(0x0000002be9700000,0x0000002be9800000)]
  0x000001dfd1ca4000 JavaThread "jar transforms Thread 7" [_thread_blocked, id=15828, stack(0x0000002be9800000,0x0000002be9900000)]
  0x000001dfd1ca6000 JavaThread "jar transforms Thread 8" [_thread_blocked, id=10656, stack(0x0000002be9900000,0x0000002be9a00000)]
  0x000001dfd1ca1800 JavaThread "Cache worker for checksums cache (D:\Android_Facebook\.gradle\checksums)" [_thread_blocked, id=9084, stack(0x0000002be9a00000,0x0000002be9b00000)]
  0x000001dfd1ca2800 JavaThread "Cache worker for cache directory md-supplier (C:\Users\Tu\.gradle\caches\7.2\md-supplier)" [_thread_blocked, id=12592, stack(0x0000002be9b00000,0x0000002be9c00000)]
  0x000001dfd1cac800 JavaThread "Cache worker for cache directory md-rule (C:\Users\Tu\.gradle\caches\7.2\md-rule)" [_thread_blocked, id=13016, stack(0x0000002be9c00000,0x0000002be9d00000)]
  0x000001dfd1ca6800 JavaThread "Cache worker for execution history cache (C:\Users\Tu\.gradle\caches\7.2\executionHistory)" [_thread_blocked, id=18336, stack(0x0000002be9d00000,0x0000002be9e00000)]
  0x000001dfd1cab800 JavaThread "Cache worker for file content cache (C:\Users\Tu\.gradle\caches\7.2\fileContent)" [_thread_blocked, id=22380, stack(0x0000002be9e00000,0x0000002be9f00000)]
  0x000001dfd1caa000 JavaThread "Cache worker for dependencies-accessors (D:\Android_Facebook\.gradle\7.2\dependencies-accessors)" [_thread_blocked, id=14732, stack(0x0000002bea000000,0x0000002bea100000)]
  0x000001dfd1cae000 JavaThread "Cache worker for Build Output Cleanup Cache (D:\Android_Facebook\.gradle\buildOutputCleanup)" [_thread_blocked, id=19536, stack(0x0000002bea100000,0x0000002bea200000)]
  0x000001dfd5e1e000 JavaThread "C2 CompilerThread1" daemon [_thread_in_native, id=10428, stack(0x0000002be9f00000,0x0000002bea000000)]
  0x000001dfd1ca8000 JavaThread "Unconstrained build operations" [_thread_blocked, id=14408, stack(0x0000002bea200000,0x0000002bea300000)]
  0x000001dfd3e17800 JavaThread "Unconstrained build operations Thread 2" [_thread_blocked, id=15960, stack(0x0000002bea300000,0x0000002bea400000)]
  0x000001dfd3e18000 JavaThread "Unconstrained build operations Thread 3" [_thread_blocked, id=2796, stack(0x0000002bea400000,0x0000002bea500000)]
  0x000001dfd3e14000 JavaThread "Unconstrained build operations Thread 4" [_thread_blocked, id=1640, stack(0x0000002bea500000,0x0000002bea600000)]
  0x000001dfd3e15000 JavaThread "Unconstrained build operations Thread 5" [_thread_blocked, id=22436, stack(0x0000002bea600000,0x0000002bea700000)]
  0x000001dfd3e16000 JavaThread "Unconstrained build operations Thread 6" [_thread_blocked, id=21700, stack(0x0000002bea700000,0x0000002bea800000)]
  0x000001dfd3e19000 JavaThread "Unconstrained build operations Thread 7" [_thread_blocked, id=21060, stack(0x0000002bea800000,0x0000002bea900000)]
  0x000001dfd3e13800 JavaThread "Unconstrained build operations Thread 8" [_thread_blocked, id=17584, stack(0x0000002bea900000,0x0000002beaa00000)]
  0x000001dfd3e16800 JavaThread "Unconstrained build operations Thread 9" [_thread_blocked, id=16848, stack(0x0000002beaa00000,0x0000002beab00000)]
  0x000001dfd3e1a000 JavaThread "Unconstrained build operations Thread 10" [_thread_blocked, id=12608, stack(0x0000002beab00000,0x0000002beac00000)]
  0x000001dfd2320000 JavaThread "Unconstrained build operations Thread 11" [_thread_blocked, id=10984, stack(0x0000002beac00000,0x0000002bead00000)]
  0x000001dfd2321000 JavaThread "Unconstrained build operations Thread 12" [_thread_blocked, id=8580, stack(0x0000002bead00000,0x0000002beae00000)]
  0x000001dfd2321800 JavaThread "Unconstrained build operations Thread 13" [_thread_blocked, id=8500, stack(0x0000002beae00000,0x0000002beaf00000)]
  0x000001dfd2322800 JavaThread "Unconstrained build operations Thread 14" [_thread_blocked, id=11536, stack(0x0000002beaf00000,0x0000002beb000000)]
  0x000001dfd2323800 JavaThread "Unconstrained build operations Thread 15" [_thread_blocked, id=5052, stack(0x0000002beb000000,0x0000002beb100000)]
  0x000001dfd231e800 JavaThread "Unconstrained build operations Thread 16" [_thread_blocked, id=19144, stack(0x0000002beb100000,0x0000002beb200000)]
  0x000001dfd231d800 JavaThread "Unconstrained build operations Thread 17" [_thread_blocked, id=16220, stack(0x0000002beb200000,0x0000002beb300000)]
  0x000001dfd2324000 JavaThread "Unconstrained build operations Thread 18" [_thread_blocked, id=16472, stack(0x0000002beb300000,0x0000002beb400000)]
  0x000001dfd2325000 JavaThread "Unconstrained build operations Thread 19" [_thread_blocked, id=3964, stack(0x0000002beb400000,0x0000002beb500000)]
  0x000001dfd231f800 JavaThread "Unconstrained build operations Thread 20" [_thread_blocked, id=20748, stack(0x0000002beb500000,0x0000002beb600000)]
  0x000001dfd232a800 JavaThread "Unconstrained build operations Thread 21" [_thread_blocked, id=22324, stack(0x0000002beb600000,0x0000002beb700000)]
  0x000001dfd232b800 JavaThread "Unconstrained build operations Thread 22" [_thread_blocked, id=20804, stack(0x0000002beb700000,0x0000002beb800000)]
  0x000001dfd2329000 JavaThread "Unconstrained build operations Thread 23" [_thread_blocked, id=19900, stack(0x0000002beb800000,0x0000002beb900000)]
  0x000001dfd232a000 JavaThread "Unconstrained build operations Thread 24" [_thread_blocked, id=11544, stack(0x0000002beb900000,0x0000002beba00000)]
  0x000001dfd2326000 JavaThread "Unconstrained build operations Thread 25" [_thread_blocked, id=21156, stack(0x0000002beba00000,0x0000002bebb00000)]
  0x000001dfd232c800 JavaThread "Unconstrained build operations Thread 26" [_thread_blocked, id=18868, stack(0x0000002bebb00000,0x0000002bebc00000)]
  0x000001dfd2326800 JavaThread "Unconstrained build operations Thread 27" [_thread_blocked, id=20460, stack(0x0000002bebc00000,0x0000002bebd00000)]
  0x000001dfd2328800 JavaThread "Unconstrained build operations Thread 28" [_thread_blocked, id=16376, stack(0x0000002bebd00000,0x0000002bebe00000)]
  0x000001dfd2327800 JavaThread "Unconstrained build operations Thread 29" [_thread_blocked, id=15708, stack(0x0000002bebe00000,0x0000002bebf00000)]
  0x000001dfd46c2000 JavaThread "Unconstrained build operations Thread 30" [_thread_blocked, id=560, stack(0x0000002bebf00000,0x0000002bec000000)]
  0x000001dfd46c4000 JavaThread "Unconstrained build operations Thread 31" [_thread_blocked, id=21084, stack(0x0000002bec000000,0x0000002bec100000)]
  0x000001dfd46c4800 JavaThread "Unconstrained build operations Thread 32" [_thread_blocked, id=20420, stack(0x0000002bec100000,0x0000002bec200000)]
  0x000001dfd46c0800 JavaThread "Unconstrained build operations Thread 33" [_thread_blocked, id=14284, stack(0x0000002bec200000,0x0000002bec300000)]
  0x000001dfd46c1800 JavaThread "Unconstrained build operations Thread 34" [_thread_blocked, id=20648, stack(0x0000002bec300000,0x0000002bec400000)]
  0x000001dfd46bf000 JavaThread "Unconstrained build operations Thread 35" [_thread_blocked, id=9572, stack(0x0000002bec400000,0x0000002bec500000)]
  0x000001dfd46c5800 JavaThread "Unconstrained build operations Thread 36" [_thread_blocked, id=22508, stack(0x0000002bec500000,0x0000002bec600000)]
  0x000001dfd46bf800 JavaThread "Unconstrained build operations Thread 37" [_thread_blocked, id=19976, stack(0x0000002bec600000,0x0000002bec700000)]
  0x000001dfd46c3000 JavaThread "Unconstrained build operations Thread 38" [_thread_blocked, id=19876, stack(0x0000002bec700000,0x0000002bec800000)]
  0x000001dfd46c8000 JavaThread "Unconstrained build operations Thread 39" [_thread_blocked, id=19332, stack(0x0000002bec800000,0x0000002bec900000)]
  0x000001dfd46c8800 JavaThread "Unconstrained build operations Thread 40" [_thread_blocked, id=5800, stack(0x0000002bec900000,0x0000002beca00000)]
  0x000001dfd46c7000 JavaThread "Unconstrained build operations Thread 41" [_thread_blocked, id=19920, stack(0x0000002beca00000,0x0000002becb00000)]
  0x000001dfd46cc000 JavaThread "Unconstrained build operations Thread 42" [_thread_blocked, id=19936, stack(0x0000002becb00000,0x0000002becc00000)]
  0x000001dfd46c9800 JavaThread "Unconstrained build operations Thread 43" [_thread_blocked, id=19940, stack(0x0000002becc00000,0x0000002becd00000)]
  0x000001dfd46c6000 JavaThread "Unconstrained build operations Thread 44" [_thread_blocked, id=7800, stack(0x0000002becd00000,0x0000002bece00000)]
  0x000001dfd46ca800 JavaThread "Unconstrained build operations Thread 45" [_thread_blocked, id=19928, stack(0x0000002bece00000,0x0000002becf00000)]
  0x000001dfd46cb000 JavaThread "Unconstrained build operations Thread 46" [_thread_blocked, id=22452, stack(0x0000002becf00000,0x0000002bed000000)]
  0x000001dfd46cd000 JavaThread "Unconstrained build operations Thread 47" [_thread_blocked, id=21676, stack(0x0000002bed000000,0x0000002bed100000)]
  0x000001dfd46cd800 JavaThread "Unconstrained build operations Thread 48" [_thread_blocked, id=20524, stack(0x0000002bed100000,0x0000002bed200000)]
  0x000001dfd4105800 JavaThread "Unconstrained build operations Thread 49" [_thread_blocked, id=14800, stack(0x0000002bed200000,0x0000002bed300000)]
  0x000001dfd4106800 JavaThread "Unconstrained build operations Thread 50" [_thread_blocked, id=21692, stack(0x0000002bed300000,0x0000002bed400000)]
  0x000001dfd4105000 JavaThread "Unconstrained build operations Thread 51" [_thread_blocked, id=18292, stack(0x0000002bed400000,0x0000002bed500000)]
  0x000001dfd4107800 JavaThread "Unconstrained build operations Thread 52" [_thread_blocked, id=10308, stack(0x0000002bed500000,0x0000002bed600000)]
  0x000001dfd4103000 JavaThread "Unconstrained build operations Thread 53" [_thread_blocked, id=13576, stack(0x0000002bed600000,0x0000002bed700000)]
  0x000001dfd4101800 JavaThread "Unconstrained build operations Thread 54" [_thread_blocked, id=21020, stack(0x0000002bed700000,0x0000002bed800000)]
  0x000001dfd4108000 JavaThread "Unconstrained build operations Thread 55" [_thread_blocked, id=5024, stack(0x0000002bed800000,0x0000002bed900000)]
  0x000001dfd4104000 JavaThread "Unconstrained build operations Thread 56" [_thread_blocked, id=20132, stack(0x0000002bed900000,0x0000002beda00000)]
  0x000001dfd4102800 JavaThread "Unconstrained build operations Thread 57" [_thread_blocked, id=22440, stack(0x0000002beda00000,0x0000002bedb00000)]
  0x000001dfd4109000 JavaThread "Unconstrained build operations Thread 58" [_thread_blocked, id=20440, stack(0x0000002bedb00000,0x0000002bedc00000)]
  0x000001dfd410f800 JavaThread "Unconstrained build operations Thread 59" [_thread_blocked, id=21212, stack(0x0000002bedc00000,0x0000002bedd00000)]
  0x000001dfd410a800 JavaThread "Unconstrained build operations Thread 60" [_thread_blocked, id=6380, stack(0x0000002bedd00000,0x0000002bede00000)]
  0x000001dfd4109800 JavaThread "Unconstrained build operations Thread 61" [_thread_blocked, id=3044, stack(0x0000002bede00000,0x0000002bedf00000)]
  0x000001dfd410e800 JavaThread "Unconstrained build operations Thread 62" [_thread_blocked, id=14880, stack(0x0000002bedf00000,0x0000002bee000000)]
  0x000001dfd410e000 JavaThread "Unconstrained build operations Thread 63" [_thread_blocked, id=19564, stack(0x0000002bee000000,0x0000002bee100000)]
  0x000001dfd4110000 JavaThread "Unconstrained build operations Thread 64" [_thread_blocked, id=20064, stack(0x0000002bee100000,0x0000002bee200000)]
  0x000001dfd410d000 JavaThread "Unconstrained build operations Thread 65" [_thread_blocked, id=20324, stack(0x0000002bee200000,0x0000002bee300000)]
  0x000001dfd410b800 JavaThread "Unconstrained build operations Thread 66" [_thread_blocked, id=21452, stack(0x0000002bee300000,0x0000002bee400000)]
  0x000001dfd410c000 JavaThread "Unconstrained build operations Thread 67" [_thread_blocked, id=520, stack(0x0000002bee400000,0x0000002bee500000)]
  0x000001dfd4584800 JavaThread "Unconstrained build operations Thread 68" [_thread_blocked, id=18728, stack(0x0000002bee500000,0x0000002bee600000)]
  0x000001dfd4582800 JavaThread "Unconstrained build operations Thread 69" [_thread_blocked, id=21136, stack(0x0000002bee600000,0x0000002bee700000)]
  0x000001dfd4581800 JavaThread "Unconstrained build operations Thread 70" [_thread_blocked, id=12716, stack(0x0000002bee700000,0x0000002bee800000)]
  0x000001dfd4580000 JavaThread "Unconstrained build operations Thread 71" [_thread_blocked, id=19552, stack(0x0000002bee800000,0x0000002bee900000)]
  0x000001dfd4583000 JavaThread "Unconstrained build operations Thread 72" [_thread_blocked, id=21800, stack(0x0000002bee900000,0x0000002beea00000)]
  0x000001dfd4584000 JavaThread "Unconstrained build operations Thread 73" [_thread_blocked, id=21476, stack(0x0000002beea00000,0x0000002beeb00000)]
  0x000001dfd4580800 JavaThread "Unconstrained build operations Thread 74" [_thread_blocked, id=10708, stack(0x0000002beeb00000,0x0000002beec00000)]
  0x000001dfd457f000 JavaThread "Unconstrained build operations Thread 75" [_thread_blocked, id=21568, stack(0x0000002beec00000,0x0000002beed00000)]
  0x000001dfd4585800 JavaThread "Unconstrained build operations Thread 76" [_thread_blocked, id=15888, stack(0x0000002beed00000,0x0000002beee00000)]
  0x000001dfd4588000 JavaThread "Unconstrained build operations Thread 77" [_thread_blocked, id=20088, stack(0x0000002beee00000,0x0000002beef00000)]
  0x000001dfd4587000 JavaThread "Unconstrained build operations Thread 78" [_thread_blocked, id=10232, stack(0x0000002beef00000,0x0000002bef000000)]
  0x000001dfd4589000 JavaThread "Unconstrained build operations Thread 79" [_thread_blocked, id=20112, stack(0x0000002bef000000,0x0000002bef100000)]
  0x000001dfd4589800 JavaThread "Unconstrained build operations Thread 80" [_thread_blocked, id=13668, stack(0x0000002bef100000,0x0000002bef200000)]
  0x000001dfd458a800 JavaThread "Memory manager" [_thread_blocked, id=18188, stack(0x0000002bef200000,0x0000002bef300000)]

Other Threads:
=>0x000001dfceeef000 VMThread "VM Thread" [stack: 0x0000002be6f00000,0x0000002be7000000] [id=22496]
  0x000001dfcfa15800 WatcherThread [stack: 0x0000002be7900000,0x0000002be7a00000] [id=13524]
  0x000001dfb4a93000 GCTaskThread "GC Thread#0" [stack: 0x0000002be6a00000,0x0000002be6b00000] [id=12120]
  0x000001dfcff19800 GCTaskThread "GC Thread#1" [stack: 0x0000002be7a00000,0x0000002be7b00000] [id=15668]
  0x000001dfd19e3000 GCTaskThread "GC Thread#2" [stack: 0x0000002be7c00000,0x0000002be7d00000] [id=21940]
  0x000001dfd1573800 GCTaskThread "GC Thread#3" [stack: 0x0000002be7d00000,0x0000002be7e00000] [id=11444]
  0x000001dfd16fa800 GCTaskThread "GC Thread#4" [stack: 0x0000002be8900000,0x0000002be8a00000] [id=21096]
  0x000001dfd1524800 GCTaskThread "GC Thread#5" [stack: 0x0000002be8a00000,0x0000002be8b00000] [id=17652]
  0x000001dfd0cfd000 GCTaskThread "GC Thread#6" [stack: 0x0000002be8b00000,0x0000002be8c00000] [id=18948]
  0x000001dfd1719800 GCTaskThread "GC Thread#7" [stack: 0x0000002be8c00000,0x0000002be8d00000] [id=21000]
  0x000001dfb4ac6800 ConcurrentGCThread "G1 Main Marker" [stack: 0x0000002be6b00000,0x0000002be6c00000] [id=18072]
  0x000001dfb4ac8000 ConcurrentGCThread "G1 Conc#0" [stack: 0x0000002be6c00000,0x0000002be6d00000] [id=1580]
  0x000001dfd0cfc000 ConcurrentGCThread "G1 Conc#1" [stack: 0x0000002be8d00000,0x0000002be8e00000] [id=20736]
  0x000001dfb4b48800 ConcurrentGCThread "G1 Refine#0" [stack: 0x0000002be6d00000,0x0000002be6e00000] [id=2436]
  0x000001dfb4b4b800 ConcurrentGCThread "G1 Young RemSet Sampling" [stack: 0x0000002be6e00000,0x0000002be6f00000] [id=21508]

Threads with active compile tasks:
C2 CompilerThread0  13815 6709       4       java.util.regex.Pattern::compile (498 bytes)
C2 CompilerThread1  13815 6706       4       java.util.TreeMap::fixAfterInsertion (267 bytes)

VM state:at safepoint (normal execution)

VM Mutex/Monitor currently owned by a thread:  ([mutex/lock_event])
[0x000001dfb4a7a410] Threads_lock - owner thread: 0x000001dfceeef000
[0x000001dfb4a78d00] Heap_lock - owner thread: 0x000001dfd198b800

Heap address: 0x0000000080000000, size: 2048 MB, Compressed Oops mode: 32-bit
Narrow klass base: 0x0000000000000000, Narrow klass shift: 3
Compressed class space size: 1073741824 Address: 0x0000000100000000

Heap:
 garbage-first heap   total 143360K, used 77807K [0x0000000080000000, 0x0000000100000000)
  region size 1024K, 2 young (2048K), 2 survivors (2048K)
 Metaspace       used 66889K, capacity 68679K, committed 68936K, reserved 1110016K
  class space    used 8490K, capacity 9094K, committed 9216K, reserved 1048576K
Heap Regions: E=young(eden), S=young(survivor), O=old, HS=humongous(starts), HC=humongous(continues), CS=collection set, F=free, A=archive, TAMS=top-at-mark-start (previous, next)
|   0|0x0000000080000000, 0x0000000080100000, 0x0000000080100000|100%| O|  |TAMS 0x0000000080100000, 0x0000000080000000| Untracked 
|   1|0x0000000080100000, 0x0000000080200000, 0x0000000080200000|100%| O|  |TAMS 0x0000000080200000, 0x0000000080100000| Untracked 
|   2|0x0000000080200000, 0x0000000080300000, 0x0000000080300000|100%| O|  |TAMS 0x0000000080300000, 0x0000000080200000| Untracked 
|   3|0x0000000080300000, 0x0000000080400000, 0x0000000080400000|100%|HS|  |TAMS 0x0000000080400000, 0x0000000080300000| Complete 
|   4|0x0000000080400000, 0x0000000080500000, 0x0000000080500000|100%|HC|  |TAMS 0x0000000080500000, 0x0000000080400000| Complete 
|   5|0x0000000080500000, 0x0000000080600000, 0x0000000080600000|100%|HC|  |TAMS 0x0000000080600000, 0x0000000080500000| Complete 
|   6|0x0000000080600000, 0x0000000080700000, 0x0000000080700000|100%| O|  |TAMS 0x0000000080700000, 0x0000000080600000| Untracked 
|   7|0x0000000080700000, 0x0000000080800000, 0x0000000080800000|100%| O|  |TAMS 0x0000000080800000, 0x0000000080700000| Untracked 
|   8|0x0000000080800000, 0x0000000080900000, 0x0000000080900000|100%| O|  |TAMS 0x0000000080900000, 0x0000000080800000| Untracked 
|   9|0x0000000080900000, 0x0000000080a00000, 0x0000000080a00000|100%| O|  |TAMS 0x0000000080a00000, 0x0000000080900000| Untracked 
|  10|0x0000000080a00000, 0x0000000080b00000, 0x0000000080b00000|100%| O|  |TAMS 0x0000000080b00000, 0x0000000080a00000| Untracked 
|  11|0x0000000080b00000, 0x0000000080c00000, 0x0000000080c00000|100%| O|  |TAMS 0x0000000080c00000, 0x0000000080b00000| Untracked 
|  12|0x0000000080c00000, 0x0000000080d00000, 0x0000000080d00000|100%| O|  |TAMS 0x0000000080d00000, 0x0000000080c00000| Untracked 
|  13|0x0000000080d00000, 0x0000000080e00000, 0x0000000080e00000|100%| O|  |TAMS 0x0000000080e00000, 0x0000000080d00000| Untracked 
|  14|0x0000000080e00000, 0x0000000080f00000, 0x0000000080f00000|100%| O|  |TAMS 0x0000000080f00000, 0x0000000080e00000| Untracked 
|  15|0x0000000080f00000, 0x0000000081000000, 0x0000000081000000|100%|HS|  |TAMS 0x0000000081000000, 0x0000000080f00000| Complete 
|  16|0x0000000081000000, 0x0000000081100000, 0x0000000081100000|100%|HC|  |TAMS 0x0000000081100000, 0x0000000081000000| Complete 
|  17|0x0000000081100000, 0x0000000081200000, 0x0000000081200000|100%|HS|  |TAMS 0x0000000081200000, 0x0000000081100000| Complete 
|  18|0x0000000081200000, 0x0000000081300000, 0x0000000081300000|100%|HC|  |TAMS 0x0000000081300000, 0x0000000081200000| Complete 
|  19|0x0000000081300000, 0x0000000081400000, 0x0000000081400000|100%|HC|  |TAMS 0x0000000081400000, 0x0000000081300000| Complete 
|  20|0x0000000081400000, 0x0000000081500000, 0x0000000081500000|100%|HS|  |TAMS 0x0000000081500000, 0x0000000081400000| Complete 
|  21|0x0000000081500000, 0x0000000081600000, 0x0000000081600000|100%|HS|  |TAMS 0x0000000081600000, 0x0000000081500000| Complete 
|  22|0x0000000081600000, 0x0000000081700000, 0x0000000081700000|100%|HC|  |TAMS 0x0000000081700000, 0x0000000081600000| Complete 
|  23|0x0000000081700000, 0x0000000081800000, 0x0000000081800000|100%|HC|  |TAMS 0x0000000081800000, 0x0000000081700000| Complete 
|  24|0x0000000081800000, 0x0000000081900000, 0x0000000081900000|100%|HC|  |TAMS 0x0000000081900000, 0x0000000081800000| Complete 
|  25|0x0000000081900000, 0x0000000081a00000, 0x0000000081a00000|100%| O|  |TAMS 0x0000000081a00000, 0x0000000081900000| Untracked 
|  26|0x0000000081a00000, 0x0000000081b00000, 0x0000000081b00000|100%| O|  |TAMS 0x0000000081b00000, 0x0000000081a00000| Untracked 
|  27|0x0000000081b00000, 0x0000000081c00000, 0x0000000081c00000|100%| O|  |TAMS 0x0000000081c00000, 0x0000000081b00000| Untracked 
|  28|0x0000000081c00000, 0x0000000081d00000, 0x0000000081d00000|100%| O|  |TAMS 0x0000000081d00000, 0x0000000081c00000| Untracked 
|  29|0x0000000081d00000, 0x0000000081e00000, 0x0000000081e00000|100%| O|  |TAMS 0x0000000081e00000, 0x0000000081d00000| Untracked 
|  30|0x0000000081e00000, 0x0000000081f00000, 0x0000000081f00000|100%| O|  |TAMS 0x0000000081f00000, 0x0000000081e00000| Untracked 
|  31|0x0000000081f00000, 0x0000000082000000, 0x0000000082000000|100%| O|  |TAMS 0x0000000082000000, 0x0000000081f00000| Untracked 
|  32|0x0000000082000000, 0x0000000082100000, 0x0000000082100000|100%| O|  |TAMS 0x0000000082100000, 0x0000000082000000| Untracked 
|  33|0x0000000082100000, 0x0000000082200000, 0x0000000082200000|100%| O|  |TAMS 0x0000000082200000, 0x0000000082100000| Untracked 
|  34|0x0000000082200000, 0x0000000082300000, 0x0000000082300000|100%|HS|  |TAMS 0x0000000082300000, 0x0000000082200000| Complete 
|  35|0x0000000082300000, 0x0000000082400000, 0x0000000082400000|100%|HC|  |TAMS 0x0000000082400000, 0x0000000082300000| Complete 
|  36|0x0000000082400000, 0x0000000082500000, 0x0000000082500000|100%|HC|  |TAMS 0x0000000082500000, 0x0000000082400000| Complete 
|  37|0x0000000082500000, 0x0000000082600000, 0x0000000082600000|100%| O|  |TAMS 0x0000000082600000, 0x0000000082500000| Untracked 
|  38|0x0000000082600000, 0x0000000082700000, 0x0000000082700000|100%| O|  |TAMS 0x0000000082700000, 0x0000000082600000| Untracked 
|  39|0x0000000082700000, 0x0000000082800000, 0x0000000082800000|100%| O|  |TAMS 0x0000000082800000, 0x0000000082700000| Untracked 
|  40|0x0000000082800000, 0x0000000082900000, 0x0000000082900000|100%| O|  |TAMS 0x0000000082900000, 0x0000000082800000| Untracked 
|  41|0x0000000082900000, 0x0000000082a00000, 0x0000000082a00000|100%| O|  |TAMS 0x0000000082a00000, 0x0000000082900000| Untracked 
|  42|0x0000000082a00000, 0x0000000082b00000, 0x0000000082b00000|100%|HS|  |TAMS 0x0000000082b00000, 0x0000000082a00000| Complete 
|  43|0x0000000082b00000, 0x0000000082c00000, 0x0000000082c00000|100%| O|  |TAMS 0x0000000082c00000, 0x0000000082b00000| Untracked 
|  44|0x0000000082c00000, 0x0000000082d00000, 0x0000000082d00000|100%| O|  |TAMS 0x0000000082d00000, 0x0000000082c00000| Untracked 
|  45|0x0000000082d00000, 0x0000000082e00000, 0x0000000082e00000|100%| O|  |TAMS 0x0000000082e00000, 0x0000000082d00000| Untracked 
|  46|0x0000000082e00000, 0x0000000082f00000, 0x0000000082f00000|100%| O|  |TAMS 0x0000000082f00000, 0x0000000082e00000| Untracked 
|  47|0x0000000082f00000, 0x0000000083000000, 0x0000000083000000|100%| O|  |TAMS 0x0000000083000000, 0x0000000082f00000| Untracked 
|  48|0x0000000083000000, 0x0000000083100000, 0x0000000083100000|100%|HS|  |TAMS 0x0000000083100000, 0x0000000083000000| Complete 
|  49|0x0000000083100000, 0x0000000083200000, 0x0000000083200000|100%|HC|  |TAMS 0x0000000083200000, 0x0000000083100000| Complete 
|  50|0x0000000083200000, 0x0000000083300000, 0x0000000083300000|100%|HC|  |TAMS 0x0000000083300000, 0x0000000083200000| Complete 
|  51|0x0000000083300000, 0x0000000083400000, 0x0000000083400000|100%|HC|  |TAMS 0x0000000083400000, 0x0000000083300000| Complete 
|  52|0x0000000083400000, 0x0000000083500000, 0x0000000083500000|100%| O|  |TAMS 0x0000000083500000, 0x0000000083400000| Untracked 
|  53|0x0000000083500000, 0x0000000083600000, 0x0000000083600000|100%| O|  |TAMS 0x0000000083600000, 0x0000000083500000| Untracked 
|  54|0x0000000083600000, 0x0000000083700000, 0x0000000083700000|100%| O|  |TAMS 0x0000000083700000, 0x0000000083600000| Untracked 
|  55|0x0000000083700000, 0x0000000083800000, 0x0000000083800000|100%| O|  |TAMS 0x0000000083800000, 0x0000000083700000| Untracked 
|  56|0x0000000083800000, 0x0000000083900000, 0x0000000083900000|100%|HS|  |TAMS 0x0000000083900000, 0x0000000083800000| Complete 
|  57|0x0000000083900000, 0x0000000083a00000, 0x0000000083a00000|100%|HS|  |TAMS 0x0000000083a00000, 0x0000000083900000| Complete 
|  58|0x0000000083a00000, 0x0000000083b00000, 0x0000000083b00000|100%|HS|  |TAMS 0x0000000083b00000, 0x0000000083a00000| Complete 
|  59|0x0000000083b00000, 0x0000000083c00000, 0x0000000083c00000|100%| O|  |TAMS 0x0000000083c00000, 0x0000000083b00000| Untracked 
|  60|0x0000000083c00000, 0x0000000083d00000, 0x0000000083d00000|100%| O|  |TAMS 0x0000000083d00000, 0x0000000083c00000| Untracked 
|  61|0x0000000083d00000, 0x0000000083e00000, 0x0000000083e00000|100%| O|  |TAMS 0x0000000083e00000, 0x0000000083d00000| Untracked 
|  62|0x0000000083e00000, 0x0000000083f00000, 0x0000000083f00000|100%|HS|  |TAMS 0x0000000083f00000, 0x0000000083e00000| Complete 
|  63|0x0000000083f00000, 0x0000000084000000, 0x0000000084000000|100%|HC|  |TAMS 0x0000000084000000, 0x0000000083f00000| Complete 
|  64|0x0000000084000000, 0x0000000084100000, 0x0000000084100000|100%| O|  |TAMS 0x0000000084100000, 0x0000000084000000| Untracked 
|  65|0x0000000084100000, 0x0000000084200000, 0x0000000084200000|100%| O|  |TAMS 0x0000000084200000, 0x0000000084100000| Untracked 
|  66|0x0000000084200000, 0x0000000084300000, 0x0000000084300000|100%| O|  |TAMS 0x0000000084300000, 0x0000000084200000| Untracked 
|  67|0x0000000084300000, 0x0000000084400000, 0x0000000084400000|100%| O|  |TAMS 0x0000000084400000, 0x0000000084300000| Untracked 
|  68|0x0000000084400000, 0x0000000084500000, 0x0000000084500000|100%| O|  |TAMS 0x0000000084500000, 0x0000000084400000| Untracked 
|  69|0x0000000084500000, 0x0000000084600000, 0x0000000084600000|100%| O|  |TAMS 0x0000000084600000, 0x0000000084500000| Untracked 
|  70|0x0000000084600000, 0x0000000084700000, 0x0000000084700000|100%| O|  |TAMS 0x0000000084700000, 0x0000000084600000| Untracked 
|  71|0x0000000084700000, 0x0000000084800000, 0x0000000084800000|100%| O|  |TAMS 0x0000000084800000, 0x0000000084700000| Untracked 
|  72|0x0000000084800000, 0x0000000084900000, 0x0000000084900000|100%| O|  |TAMS 0x00000000848c8a00, 0x0000000084800000| Untracked 
|  73|0x0000000084900000, 0x0000000084900000, 0x0000000084a00000|  0%| F|  |TAMS 0x0000000084900000, 0x0000000084900000| Untracked 
|  74|0x0000000084a00000, 0x0000000084b00000, 0x0000000084b00000|100%| O|  |TAMS 0x0000000084a00000, 0x0000000084a00000| Untracked 
|  75|0x0000000084b00000, 0x0000000084b19000, 0x0000000084c00000|  9%| O|  |TAMS 0x0000000084b00000, 0x0000000084b00000| Untracked 
|  76|0x0000000084c00000, 0x0000000084c00000, 0x0000000084d00000|  0%| F|  |TAMS 0x0000000084c00000, 0x0000000084c00000| Untracked 
|  77|0x0000000084d00000, 0x0000000084d00000, 0x0000000084e00000|  0%| F|  |TAMS 0x0000000084d00000, 0x0000000084d00000| Untracked 
|  78|0x0000000084e00000, 0x0000000084e00000, 0x0000000084f00000|  0%| F|  |TAMS 0x0000000084e00000, 0x0000000084e00000| Untracked 
|  79|0x0000000084f00000, 0x0000000084f00000, 0x0000000085000000|  0%| F|  |TAMS 0x0000000084f00000, 0x0000000084f00000| Untracked 
|  80|0x0000000085000000, 0x0000000085000000, 0x0000000085100000|  0%| F|  |TAMS 0x0000000085000000, 0x0000000085000000| Untracked 
|  81|0x0000000085100000, 0x0000000085100000, 0x0000000085200000|  0%| F|  |TAMS 0x0000000085100000, 0x0000000085100000| Untracked 
|  82|0x0000000085200000, 0x0000000085200000, 0x0000000085300000|  0%| F|  |TAMS 0x0000000085200000, 0x0000000085200000| Untracked 
|  83|0x0000000085300000, 0x0000000085300000, 0x0000000085400000|  0%| F|  |TAMS 0x0000000085300000, 0x0000000085300000| Untracked 
|  84|0x0000000085400000, 0x0000000085400000, 0x0000000085500000|  0%| F|  |TAMS 0x0000000085400000, 0x0000000085400000| Untracked 
|  85|0x0000000085500000, 0x0000000085500000, 0x0000000085600000|  0%| F|  |TAMS 0x0000000085500000, 0x0000000085500000| Untracked 
|  86|0x0000000085600000, 0x0000000085600000, 0x0000000085700000|  0%| F|  |TAMS 0x0000000085600000, 0x0000000085600000| Untracked 
|  87|0x0000000085700000, 0x0000000085700000, 0x0000000085800000|  0%| F|  |TAMS 0x0000000085700000, 0x0000000085700000| Untracked 
|  88|0x0000000085800000, 0x0000000085800000, 0x0000000085900000|  0%| F|  |TAMS 0x0000000085800000, 0x0000000085800000| Untracked 
|  89|0x0000000085900000, 0x0000000085900000, 0x0000000085a00000|  0%| F|  |TAMS 0x0000000085900000, 0x0000000085900000| Untracked 
|  90|0x0000000085a00000, 0x0000000085a00000, 0x0000000085b00000|  0%| F|  |TAMS 0x0000000085a00000, 0x0000000085a00000| Untracked 
|  91|0x0000000085b00000, 0x0000000085b00000, 0x0000000085c00000|  0%| F|  |TAMS 0x0000000085b00000, 0x0000000085b00000| Untracked 
|  92|0x0000000085c00000, 0x0000000085c00000, 0x0000000085d00000|  0%| F|  |TAMS 0x0000000085c00000, 0x0000000085c00000| Untracked 
|  93|0x0000000085d00000, 0x0000000085de2e60, 0x0000000085e00000| 88%| S|CS|TAMS 0x0000000085d00000, 0x0000000085d00000| Complete 
|  94|0x0000000085e00000, 0x0000000085f00000, 0x0000000085f00000|100%| S|CS|TAMS 0x0000000085e00000, 0x0000000085e00000| Complete 
|  95|0x0000000085f00000, 0x0000000085f00000, 0x0000000086000000|  0%| F|  |TAMS 0x0000000085f00000, 0x0000000085f00000| Untracked 
|  96|0x0000000086000000, 0x0000000086000000, 0x0000000086100000|  0%| F|  |TAMS 0x0000000086000000, 0x0000000086000000| Untracked 
|  97|0x0000000086100000, 0x0000000086100000, 0x0000000086200000|  0%| F|  |TAMS 0x0000000086100000, 0x0000000086100000| Untracked 
|  98|0x0000000086200000, 0x0000000086200000, 0x0000000086300000|  0%| F|  |TAMS 0x0000000086200000, 0x0000000086200000| Untracked 
|  99|0x0000000086300000, 0x0000000086300000, 0x0000000086400000|  0%| F|  |TAMS 0x0000000086300000, 0x0000000086300000| Untracked 
| 100|0x0000000086400000, 0x0000000086400000, 0x0000000086500000|  0%| F|  |TAMS 0x0000000086400000, 0x0000000086400000| Untracked 
| 101|0x0000000086500000, 0x0000000086500000, 0x0000000086600000|  0%| F|  |TAMS 0x0000000086500000, 0x0000000086500000| Untracked 
| 102|0x0000000086600000, 0x0000000086600000, 0x0000000086700000|  0%| F|  |TAMS 0x0000000086600000, 0x0000000086600000| Untracked 
| 103|0x0000000086700000, 0x0000000086700000, 0x0000000086800000|  0%| F|  |TAMS 0x0000000086700000, 0x0000000086700000| Untracked 
| 104|0x0000000086800000, 0x0000000086800000, 0x0000000086900000|  0%| F|  |TAMS 0x0000000086800000, 0x0000000086800000| Untracked 
| 105|0x0000000086900000, 0x0000000086900000, 0x0000000086a00000|  0%| F|  |TAMS 0x0000000086900000, 0x0000000086900000| Untracked 
| 106|0x0000000086a00000, 0x0000000086a00000, 0x0000000086b00000|  0%| F|  |TAMS 0x0000000086a00000, 0x0000000086a00000| Untracked 
| 107|0x0000000086b00000, 0x0000000086b00000, 0x0000000086c00000|  0%| F|  |TAMS 0x0000000086b00000, 0x0000000086b00000| Untracked 
| 108|0x0000000086c00000, 0x0000000086c00000, 0x0000000086d00000|  0%| F|  |TAMS 0x0000000086c00000, 0x0000000086c00000| Untracked 
| 109|0x0000000086d00000, 0x0000000086d00000, 0x0000000086e00000|  0%| F|  |TAMS 0x0000000086d00000, 0x0000000086d00000| Untracked 
| 110|0x0000000086e00000, 0x0000000086e00000, 0x0000000086f00000|  0%| F|  |TAMS 0x0000000086e00000, 0x0000000086e00000| Untracked 
| 111|0x0000000086f00000, 0x0000000086f00000, 0x0000000087000000|  0%| F|  |TAMS 0x0000000086f00000, 0x0000000086f00000| Untracked 
| 112|0x0000000087000000, 0x0000000087000000, 0x0000000087100000|  0%| F|  |TAMS 0x0000000087000000, 0x0000000087000000| Untracked 
| 113|0x0000000087100000, 0x0000000087100000, 0x0000000087200000|  0%| F|  |TAMS 0x0000000087100000, 0x0000000087100000| Untracked 
| 114|0x0000000087200000, 0x0000000087200000, 0x0000000087300000|  0%| F|  |TAMS 0x0000000087200000, 0x0000000087200000| Untracked 
| 115|0x0000000087300000, 0x0000000087300000, 0x0000000087400000|  0%| F|  |TAMS 0x0000000087300000, 0x0000000087300000| Untracked 

Card table byte_map: [0x000001dfc7cc0000,0x000001dfc80c0000] _byte_map_base: 0x000001dfc78c0000

Marking Bits (Prev, Next): (CMBitMap*) 0x000001dfb4abdb50, (CMBitMap*) 0x000001dfb4abdb18
 Prev Bits: [0x000001dfca4c0000, 0x000001dfcc4c0000)
 Next Bits: [0x000001dfc84c0000, 0x000001dfca4c0000)

Polling page: 0x000001dfb29e0000

Metaspace:

Usage:
  Non-class:     58.19 MB capacity,    57.03 MB ( 98%) used,  1016.32 KB (  2%) free+waste,   170.38 KB ( <1%) overhead. 
      Class:      8.88 MB capacity,     8.29 MB ( 93%) used,   522.99 KB (  6%) free+waste,    80.31 KB ( <1%) overhead. 
       Both:     67.07 MB capacity,    65.32 MB ( 97%) used,     1.50 MB (  2%) free+waste,   250.69 KB ( <1%) overhead. 

Virtual space:
  Non-class space:       60.00 MB reserved,      58.32 MB ( 97%) committed 
      Class space:        1.00 GB reserved,       9.00 MB ( <1%) committed 
             Both:        1.06 GB reserved,      67.32 MB (  6%) committed 

Chunk freelists:
   Non-Class:  7.00 KB
       Class:  26.00 KB
        Both:  33.00 KB

MaxMetaspaceSize: 17179869184.00 GB
CompressedClassSpaceSize: 1.00 GB
Initial GC threshold: 20.80 MB
Current GC threshold: 111.16 MB
CDS: off

CodeHeap 'non-profiled nmethods': size=120000Kb used=3639Kb max_used=3639Kb free=116360Kb
 bounds [0x000001dfc0060000, 0x000001dfc03f0000, 0x000001dfc7590000]
CodeHeap 'profiled nmethods': size=120000Kb used=14311Kb max_used=14311Kb free=105688Kb
 bounds [0x000001dfb8b30000, 0x000001dfb9930000, 0x000001dfc0060000]
CodeHeap 'non-nmethods': size=5760Kb used=2347Kb max_used=2389Kb free=3412Kb
 bounds [0x000001dfb8590000, 0x000001dfb8800000, 0x000001dfb8b30000]
 total_blobs=7606 nmethods=6753 adapters=765
 compilation: enabled
              stopped_count=0, restarted_count=0
 full_count=0

Compilation events (20 events):
Event: 13.751 Thread 0x000001dfcef1d800 6806       3       java.beans.Introspector::isAssignable (27 bytes)
Event: 13.751 Thread 0x000001dfcef1d800 nmethod 6806 0x000001dfb9914510 code [0x000001dfb99146e0, 0x000001dfb99148e8]
Event: 13.751 Thread 0x000001dfcef1d800 6807       3       java.beans.PropertyDescriptor::getPropertyEditorClass (22 bytes)
Event: 13.751 Thread 0x000001dfcef1d800 nmethod 6807 0x000001dfb9914990 code [0x000001dfb9914b60, 0x000001dfb9914e68]
Event: 13.753 Thread 0x000001dfcef1d800 6808       3       java.beans.MethodDescriptor::<init> (111 bytes)
Event: 13.754 Thread 0x000001dfcef1d800 nmethod 6808 0x000001dfb9914f90 code [0x000001dfb9915200, 0x000001dfb9915d38]
Event: 13.754 Thread 0x000001dfcef1d800 6809       3       java.beans.FeatureDescriptor::<init> (69 bytes)
Event: 13.755 Thread 0x000001dfcef1d800 nmethod 6809 0x000001dfb9916090 code [0x000001dfb99162e0, 0x000001dfb9916a68]
Event: 13.756 Thread 0x000001dfcef1d800 6810   !   3       java.beans.PropertyDescriptor::<init> (347 bytes)
Event: 13.762 Thread 0x000001dfcef1d800 nmethod 6810 0x000001dfb9916c90 code [0x000001dfb99175c0, 0x000001dfb991db28]
Event: 13.762 Thread 0x000001dfcef1d800 6811       3       java.beans.PropertyDescriptor::isAssignable (148 bytes)
Event: 13.766 Thread 0x000001dfcef1d800 nmethod 6811 0x000001dfb991f990 code [0x000001dfb9920100, 0x000001dfb99247d8]
Event: 13.766 Thread 0x000001dfcef1d800 6816       3       org.codehaus.groovy.reflection.stdclasses.CachedSAMClass$$Lambda$313/0x0000000100469840::run (8 bytes)
Event: 13.766 Thread 0x000001dfcef1d800 nmethod 6816 0x000001dfb9925d90 code [0x000001dfb9925f80, 0x000001dfb9926278]
Event: 13.766 Thread 0x000001dfcef1d800 6812       3       java.beans.PropertyDescriptor::setPropertyEditorClass (9 bytes)
Event: 13.766 Thread 0x000001dfcef1d800 nmethod 6812 0x000001dfb9926410 code [0x000001dfb9926600, 0x000001dfb9926988]
Event: 13.766 Thread 0x000001dfcef1d800 6815       3       org.apache.groovy.util.BeanUtils::decapitalize (68 bytes)
Event: 13.767 Thread 0x000001dfcef1d800 nmethod 6815 0x000001dfb9926b10 code [0x000001dfb9926f00, 0x000001dfb99289e8]
Event: 13.768 Thread 0x000001dfcef1d800 6814  s    3       java.beans.PropertyDescriptor::setWriteMethod (19 bytes)
Event: 13.768 Thread 0x000001dfcef1d800 nmethod 6814 0x000001dfb9929310 code [0x000001dfb9929520, 0x000001dfb9929bb8]

GC Heap History (20 events):
Event: 11.543 GC heap after
{Heap after GC invocations=24 (full 0):
 garbage-first heap   total 98304K, used 69534K [0x0000000080000000, 0x0000000100000000)
  region size 1024K, 1 young (1024K), 1 survivors (1024K)
 Metaspace       used 51915K, capacity 53652K, committed 53960K, reserved 1095680K
  class space    used 6641K, capacity 7194K, committed 7296K, reserved 1048576K
}
Event: 11.714 GC heap before
{Heap before GC invocations=25 (full 0):
 garbage-first heap   total 98304K, used 79774K [0x0000000080000000, 0x0000000100000000)
  region size 1024K, 11 young (11264K), 1 survivors (1024K)
 Metaspace       used 53141K, capacity 54831K, committed 55112K, reserved 1097728K
  class space    used 6800K, capacity 7351K, committed 7424K, reserved 1048576K
}
Event: 11.715 GC heap after
{Heap after GC invocations=26 (full 0):
 garbage-first heap   total 98304K, used 69802K [0x0000000080000000, 0x0000000100000000)
  region size 1024K, 1 young (1024K), 1 survivors (1024K)
 Metaspace       used 53141K, capacity 54831K, committed 55112K, reserved 1097728K
  class space    used 6800K, capacity 7351K, committed 7424K, reserved 1048576K
}
Event: 11.893 GC heap before
{Heap before GC invocations=26 (full 0):
 garbage-first heap   total 98304K, used 79018K [0x0000000080000000, 0x0000000100000000)
  region size 1024K, 11 young (11264K), 1 survivors (1024K)
 Metaspace       used 54544K, capacity 56253K, committed 56264K, reserved 1097728K
  class space    used 6969K, capacity 7549K, committed 7552K, reserved 1048576K
}
Event: 11.896 GC heap after
{Heap after GC invocations=27 (full 0):
 garbage-first heap   total 98304K, used 70197K [0x0000000080000000, 0x0000000100000000)
  region size 1024K, 1 young (1024K), 1 survivors (1024K)
 Metaspace       used 54544K, capacity 56253K, committed 56264K, reserved 1097728K
  class space    used 6969K, capacity 7549K, committed 7552K, reserved 1048576K
}
Event: 12.109 GC heap before
{Heap before GC invocations=28 (full 0):
 garbage-first heap   total 98304K, used 81461K [0x0000000080000000, 0x0000000100000000)
  region size 1024K, 12 young (12288K), 1 survivors (1024K)
 Metaspace       used 56364K, capacity 58069K, committed 58312K, reserved 1099776K
  class space    used 7186K, capacity 7727K, committed 7808K, reserved 1048576K
}
Event: 12.111 GC heap after
{Heap after GC invocations=29 (full 0):
 garbage-first heap   total 98304K, used 70613K [0x0000000080000000, 0x0000000100000000)
  region size 1024K, 2 young (2048K), 2 survivors (2048K)
 Metaspace       used 56364K, capacity 58069K, committed 58312K, reserved 1099776K
  class space    used 7186K, capacity 7727K, committed 7808K, reserved 1048576K
}
Event: 12.246 GC heap before
{Heap before GC invocations=29 (full 0):
 garbage-first heap   total 98304K, used 79829K [0x0000000080000000, 0x0000000100000000)
  region size 1024K, 12 young (12288K), 2 survivors (2048K)
 Metaspace       used 58083K, capacity 59814K, committed 59976K, reserved 1101824K
  class space    used 7366K, capacity 7926K, committed 7936K, reserved 1048576K
}
Event: 12.248 GC heap after
{Heap after GC invocations=30 (full 0):
 garbage-first heap   total 98304K, used 70919K [0x0000000080000000, 0x0000000100000000)
  region size 1024K, 2 young (2048K), 2 survivors (2048K)
 Metaspace       used 58083K, capacity 59814K, committed 59976K, reserved 1101824K
  class space    used 7366K, capacity 7926K, committed 7936K, reserved 1048576K
}
Event: 12.430 GC heap before
{Heap before GC invocations=31 (full 0):
 garbage-first heap   total 98304K, used 80135K [0x0000000080000000, 0x0000000100000000)
  region size 1024K, 12 young (12288K), 2 survivors (2048K)
 Metaspace       used 59377K, capacity 61111K, committed 61256K, reserved 1101824K
  class space    used 7526K, capacity 8077K, committed 8192K, reserved 1048576K
}
Event: 12.433 GC heap after
{Heap after GC invocations=32 (full 0):
 garbage-first heap   total 98304K, used 71451K [0x0000000080000000, 0x0000000100000000)
  region size 1024K, 2 young (2048K), 2 survivors (2048K)
 Metaspace       used 59377K, capacity 61111K, committed 61256K, reserved 1101824K
  class space    used 7526K, capacity 8077K, committed 8192K, reserved 1048576K
}
Event: 12.676 GC heap before
{Heap before GC invocations=32 (full 0):
 garbage-first heap   total 98304K, used 82715K [0x0000000080000000, 0x0000000100000000)
  region size 1024K, 13 young (13312K), 2 survivors (2048K)
 Metaspace       used 61180K, capacity 63012K, committed 63304K, reserved 1103872K
  class space    used 7778K, capacity 8390K, committed 8448K, reserved 1048576K
}
Event: 12.681 GC heap after
{Heap after GC invocations=33 (full 0):
 garbage-first heap   total 118784K, used 72212K [0x0000000080000000, 0x0000000100000000)
  region size 1024K, 2 young (2048K), 2 survivors (2048K)
 Metaspace       used 61180K, capacity 63012K, committed 63304K, reserved 1103872K
  class space    used 7778K, capacity 8390K, committed 8448K, reserved 1048576K
}
Event: 13.075 GC heap before
{Heap before GC invocations=34 (full 0):
 garbage-first heap   total 118784K, used 92692K [0x0000000080000000, 0x0000000100000000)
  region size 1024K, 23 young (23552K), 2 survivors (2048K)
 Metaspace       used 63515K, capacity 65232K, committed 65352K, reserved 1105920K
  class space    used 8034K, capacity 8617K, committed 8704K, reserved 1048576K
}
Event: 13.079 GC heap after
{Heap after GC invocations=35 (full 0):
 garbage-first heap   total 118784K, used 74583K [0x0000000080000000, 0x0000000100000000)
  region size 1024K, 3 young (3072K), 3 survivors (3072K)
 Metaspace       used 63515K, capacity 65232K, committed 65352K, reserved 1105920K
  class space    used 8034K, capacity 8617K, committed 8704K, reserved 1048576K
}
Event: 13.402 GC heap before
{Heap before GC invocations=35 (full 0):
 garbage-first heap   total 118784K, used 95063K [0x0000000080000000, 0x0000000100000000)
  region size 1024K, 23 young (23552K), 3 survivors (3072K)
 Metaspace       used 65337K, capacity 67179K, committed 67400K, reserved 1107968K
  class space    used 8255K, capacity 8856K, committed 8960K, reserved 1048576K
}
Event: 13.408 GC heap after
{Heap after GC invocations=36 (full 0):
 garbage-first heap   total 118784K, used 76194K [0x0000000080000000, 0x0000000100000000)
  region size 1024K, 2 young (2048K), 2 survivors (2048K)
 Metaspace       used 65337K, capacity 67179K, committed 67400K, reserved 1107968K
  class space    used 8255K, capacity 8856K, committed 8960K, reserved 1048576K
}
Event: 13.525 GC heap before
{Heap before GC invocations=37 (full 0):
 garbage-first heap   total 118784K, used 84386K [0x0000000080000000, 0x0000000100000000)
  region size 1024K, 11 young (11264K), 2 survivors (2048K)
 Metaspace       used 66083K, capacity 67956K, committed 68296K, reserved 1107968K
  class space    used 8363K, capacity 8987K, committed 9088K, reserved 1048576K
}
Event: 13.527 GC heap after
{Heap after GC invocations=38 (full 0):
 garbage-first heap   total 118784K, used 76700K [0x0000000080000000, 0x0000000100000000)
  region size 1024K, 3 young (3072K), 3 survivors (3072K)
 Metaspace       used 66083K, capacity 67956K, committed 68296K, reserved 1107968K
  class space    used 8363K, capacity 8987K, committed 9088K, reserved 1048576K
}
Event: 13.779 GC heap before
{Heap before GC invocations=39 (full 0):
 garbage-first heap   total 118784K, used 96156K [0x0000000080000000, 0x0000000100000000)
  region size 1024K, 21 young (21504K), 3 survivors (3072K)
 Metaspace       used 66889K, capacity 68679K, committed 68936K, reserved 1110016K
  class space    used 8490K, capacity 9094K, committed 9216K, reserved 1048576K
}

Deoptimization events (20 events):
Event: 13.619 Thread 0x000001dfd198b800 Uncommon trap: trap_request=0xffffff4d fr.pc=0x000001dfc0152ff4 relative=0x0000000000000714
Event: 13.619 Thread 0x000001dfd198b800 Uncommon trap: reason=unstable_if action=reinterpret pc=0x000001dfc0152ff4 method=java.lang.AbstractStringBuilder.appendChars(Ljava/lang/CharSequence;II)V @ 43 c2
Event: 13.619 Thread 0x000001dfd198b800 DEOPT PACKING pc=0x000001dfc0152ff4 sp=0x0000002be83f66f0
Event: 13.619 Thread 0x000001dfd198b800 DEOPT UNPACKING pc=0x000001dfb85da1af sp=0x0000002be83f6620 mode 2
Event: 13.619 Thread 0x000001dfd198b800 Uncommon trap: trap_request=0xffffff4d fr.pc=0x000001dfc008c714 relative=0x00000000000001d4
Event: 13.619 Thread 0x000001dfd198b800 Uncommon trap: reason=unstable_if action=reinterpret pc=0x000001dfc008c714 method=java.lang.AbstractStringBuilder.isLatin1()Z @ 10 c2
Event: 13.619 Thread 0x000001dfd198b800 DEOPT PACKING pc=0x000001dfc008c714 sp=0x0000002be83f6670
Event: 13.619 Thread 0x000001dfd198b800 DEOPT UNPACKING pc=0x000001dfb85da1af sp=0x0000002be83f65b0 mode 2
Event: 13.619 Thread 0x000001dfd198b800 Uncommon trap: trap_request=0xffffff4d fr.pc=0x000001dfc0151ce4 relative=0x0000000000000684
Event: 13.619 Thread 0x000001dfd198b800 Uncommon trap: reason=unstable_if action=reinterpret pc=0x000001dfc0151ce4 method=java.lang.AbstractStringBuilder.appendChars(Ljava/lang/CharSequence;II)V @ 4 c2
Event: 13.619 Thread 0x000001dfd198b800 DEOPT PACKING pc=0x000001dfc0151ce4 sp=0x0000002be83f6700
Event: 13.619 Thread 0x000001dfd198b800 DEOPT UNPACKING pc=0x000001dfb85da1af sp=0x0000002be83f65e8 mode 2
Event: 13.619 Thread 0x000001dfd198b800 Uncommon trap: trap_request=0xffffff4d fr.pc=0x000001dfc0092ddc relative=0x000000000000049c
Event: 13.619 Thread 0x000001dfd198b800 Uncommon trap: reason=unstable_if action=reinterpret pc=0x000001dfc0092ddc method=java.lang.AbstractStringBuilder.putStringAt(ILjava/lang/String;)V @ 8 c2
Event: 13.619 Thread 0x000001dfd198b800 DEOPT PACKING pc=0x000001dfc0092ddc sp=0x0000002be83f66f0
Event: 13.619 Thread 0x000001dfd198b800 DEOPT UNPACKING pc=0x000001dfb85da1af sp=0x0000002be83f6650 mode 2
Event: 13.619 Thread 0x000001dfd198b800 Uncommon trap: trap_request=0xffffff4d fr.pc=0x000001dfc00934ec relative=0x00000000000000cc
Event: 13.619 Thread 0x000001dfd198b800 Uncommon trap: reason=unstable_if action=reinterpret pc=0x000001dfc00934ec method=java.lang.String.getBytes([BIB)V @ 5 c2
Event: 13.619 Thread 0x000001dfd198b800 DEOPT PACKING pc=0x000001dfc00934ec sp=0x0000002be83f6600
Event: 13.619 Thread 0x000001dfd198b800 DEOPT UNPACKING pc=0x000001dfb85da1af sp=0x0000002be83f65c8 mode 2

Classes redefined (0 events):
No events

Internal exceptions (20 events):
Event: 12.521 Thread 0x000001dfd198b800 Exception <a 'java/lang/IncompatibleClassChangeError'{0x0000000085b7a420}: Found class java.lang.Object, but interface was expected> (0x0000000085b7a420) thrown at [./src/hotspot/share/interpreter/linkResolver.cpp, line 839]
Event: 12.591 Thread 0x000001dfd198b800 Implicit null exception at 0x000001dfc022e5d4 to 0x000001dfc022e7b8
Event: 12.591 Thread 0x000001dfd198b800 Implicit null exception at 0x000001dfc036a06a to 0x000001dfc036a9c4
Event: 12.739 Thread 0x000001dfd198b800 Implicit null exception at 0x000001dfc023308b to 0x000001dfc02332c8
Event: 12.807 Thread 0x000001dfd198b800 Implicit null exception at 0x000001dfc01c492c to 0x000001dfc01c4ada
Event: 12.950 Thread 0x000001dfd198b800 Exception <a 'sun/nio/fs/WindowsException'{0x00000000864ee9c8}> (0x00000000864ee9c8) thrown at [./src/hotspot/share/prims/jni.cpp, line 615]
Event: 13.701 Thread 0x000001dfd198b800 Exception <a 'java/lang/ClassNotFoundException'{0x0000000086b9cf30}: build_4bp5qx0gqbqdwpk8geuy1l1rzBeanInfo> (0x0000000086b9cf30) thrown at [./src/hotspot/share/classfile/systemDictionary.cpp, line 231]
Event: 13.701 Thread 0x000001dfd198b800 Exception <a 'java/lang/ClassNotFoundException'{0x0000000086ba7e88}: build_4bp5qx0gqbqdwpk8geuy1l1rzCustomizer> (0x0000000086ba7e88) thrown at [./src/hotspot/share/classfile/systemDictionary.cpp, line 231]
Event: 13.736 Thread 0x000001dfd198b800 Exception <a 'java/lang/ClassNotFoundException'{0x00000000865bd358}: com/android/build/gradle/internal/dsl/BaseAppModuleExtension_DecoratedBeanInfo> (0x00000000865bd358) thrown at [./src/hotspot/share/classfile/systemDictionary.cpp, line 231]
Event: 13.736 Thread 0x000001dfd198b800 Exception <a 'java/lang/ClassNotFoundException'{0x00000000865d7220}: com/android/build/gradle/internal/dsl/BaseAppModuleExtensionBeanInfo> (0x00000000865d7220) thrown at [./src/hotspot/share/classfile/systemDictionary.cpp, line 231]
Event: 13.737 Thread 0x000001dfd198b800 Exception <a 'java/lang/ClassNotFoundException'{0x00000000865ed638}: com/android/build/gradle/AppExtensionBeanInfo> (0x00000000865ed638) thrown at [./src/hotspot/share/classfile/systemDictionary.cpp, line 231]
Event: 13.737 Thread 0x000001dfd198b800 Exception <a 'java/lang/ClassNotFoundException'{0x0000000086406058}: com/android/build/gradle/AbstractAppExtensionBeanInfo> (0x0000000086406058) thrown at [./src/hotspot/share/classfile/systemDictionary.cpp, line 231]
Event: 13.737 Thread 0x000001dfd198b800 Exception <a 'java/lang/ClassNotFoundException'{0x000000008641d3f8}: com/android/build/gradle/TestedExtensionBeanInfo> (0x000000008641d3f8) thrown at [./src/hotspot/share/classfile/systemDictionary.cpp, line 231]
Event: 13.738 Thread 0x000001dfd198b800 Exception <a 'java/lang/ClassNotFoundException'{0x0000000086434990}: com/android/build/gradle/BaseExtensionBeanInfo> (0x0000000086434990) thrown at [./src/hotspot/share/classfile/systemDictionary.cpp, line 231]
Event: 13.738 Thread 0x000001dfd198b800 Exception <a 'java/lang/ClassNotFoundException'{0x000000008644bfa0}: com/android/build/gradle/BaseExtensionCustomizer> (0x000000008644bfa0) thrown at [./src/hotspot/share/classfile/systemDictionary.cpp, line 231]
Event: 13.740 Thread 0x000001dfd198b800 Exception <a 'java/lang/ClassNotFoundException'{0x00000000864bc788}: com/android/build/gradle/TestedExtensionCustomizer> (0x00000000864bc788) thrown at [./src/hotspot/share/classfile/systemDictionary.cpp, line 231]
Event: 13.742 Thread 0x000001dfd198b800 Exception <a 'java/lang/ClassNotFoundException'{0x00000000864ee6d0}: com/android/build/gradle/AbstractAppExtensionCustomizer> (0x00000000864ee6d0) thrown at [./src/hotspot/share/classfile/systemDictionary.cpp, line 231]
Event: 13.744 Thread 0x000001dfd198b800 Exception <a 'java/lang/ClassNotFoundException'{0x000000008631b258}: com/android/build/gradle/AppExtensionCustomizer> (0x000000008631b258) thrown at [./src/hotspot/share/classfile/systemDictionary.cpp, line 231]
Event: 13.746 Thread 0x000001dfd198b800 Exception <a 'java/lang/ClassNotFoundException'{0x0000000086349e68}: com/android/build/gradle/internal/dsl/BaseAppModuleExtensionCustomizer> (0x0000000086349e68) thrown at [./src/hotspot/share/classfile/systemDictionary.cpp, line 231]
Event: 13.752 Thread 0x000001dfd198b800 Exception <a 'java/lang/ClassNotFoundException'{0x00000000862335e8}: com/android/build/gradle/internal/dsl/BaseAppModuleExtension_DecoratedCustomizer> (0x00000000862335e8) thrown at [./src/hotspot/share/classfile/systemDictionary.cpp, line 231]

Events (20 events):
Event: 13.742 loading class com/android/build/gradle/AbstractAppExtensionCustomizer done
Event: 13.743 loading class com/android/build/gradle/AppExtensionCustomizer
Event: 13.743 loading class com/android/build/gradle/AppExtensionCustomizer done
Event: 13.744 loading class com/android/build/gradle/AppExtensionCustomizer
Event: 13.744 loading class com/android/build/gradle/AppExtensionCustomizer done
Event: 13.745 loading class com/android/build/gradle/internal/dsl/BaseAppModuleExtensionCustomizer
Event: 13.745 loading class com/android/build/gradle/internal/dsl/BaseAppModuleExtensionCustomizer done
Event: 13.745 loading class com/android/build/gradle/internal/dsl/BaseAppModuleExtensionCustomizer
Event: 13.745 loading class com/android/build/gradle/internal/dsl/BaseAppModuleExtensionCustomizer done
Event: 13.751 loading class com/android/build/gradle/internal/dsl/BaseAppModuleExtension_DecoratedCustomizer
Event: 13.751 loading class com/android/build/gradle/internal/dsl/BaseAppModuleExtension_DecoratedCustomizer done
Event: 13.752 loading class com/android/build/gradle/internal/dsl/BaseAppModuleExtension_DecoratedCustomizer
Event: 13.752 loading class com/android/build/gradle/internal/dsl/BaseAppModuleExtension_DecoratedCustomizer done
Event: 13.760 loading class groovy/runtime/metaclass/build_4bp5qx0gqbqdwpk8geuy1l1rz$_run_closure1$_closure4MetaClass
Event: 13.760 loading class groovy/runtime/metaclass/build_4bp5qx0gqbqdwpk8geuy1l1rz$_run_closure1$_closure4MetaClass done
Event: 13.761 loading class org/gradle/util/internal/ConfigureUtil
Event: 13.761 loading class org/gradle/util/internal/ConfigureUtil done
Event: 13.762 loading class groovy/runtime/metaclass/com/android/build/gradle/internal/dsl/DefaultConfig$AgpDecorated_DecoratedMetaClass
Event: 13.762 loading class groovy/runtime/metaclass/com/android/build/gradle/internal/dsl/DefaultConfig$AgpDecorated_DecoratedMetaClass done
Event: 13.778 Executing VM operation: G1CollectForAllocation


Dynamic libraries:
0x00007ff7c1bd0000 - 0x00007ff7c1bda000 	D:\Android-Review\jre\bin\java.exe
0x00007ffe9a290000 - 0x00007ffe9a485000 	C:\WINDOWS\SYSTEM32\ntdll.dll
0x00007ffe99f80000 - 0x00007ffe9a03e000 	C:\WINDOWS\System32\KERNEL32.DLL
0x00007ffe97bc0000 - 0x00007ffe97e88000 	C:\WINDOWS\System32\KERNELBASE.dll
0x00007ffe98080000 - 0x00007ffe98180000 	C:\WINDOWS\System32\ucrtbase.dll
0x00007ffe90970000 - 0x00007ffe90989000 	D:\Android-Review\jre\bin\jli.dll
0x00007ffe8fbe0000 - 0x00007ffe8fbf7000 	D:\Android-Review\jre\bin\VCRUNTIME140.dll
0x00007ffe997a0000 - 0x00007ffe99940000 	C:\WINDOWS\System32\USER32.dll
0x00007ffe87f30000 - 0x00007ffe881ca000 	C:\WINDOWS\WinSxS\amd64_microsoft.windows.common-controls_6595b64144ccf1df_6.0.19041.1110_none_60b5254171f9507e\COMCTL32.dll
0x00007ffe97e90000 - 0x00007ffe97eb2000 	C:\WINDOWS\System32\win32u.dll
0x00007ffe99b70000 - 0x00007ffe99c0e000 	C:\WINDOWS\System32\msvcrt.dll
0x00007ffe999f0000 - 0x00007ffe99a1b000 	C:\WINDOWS\System32\GDI32.dll
0x00007ffe979a0000 - 0x00007ffe97aad000 	C:\WINDOWS\System32\gdi32full.dll
0x00007ffe97b20000 - 0x00007ffe97bbd000 	C:\WINDOWS\System32\msvcp_win.dll
0x00007ffe99e80000 - 0x00007ffe99eb0000 	C:\WINDOWS\System32\IMM32.DLL
0x00007ffe61800000 - 0x00007ffe6189d000 	D:\Android-Review\jre\bin\msvcp140.dll
0x00007ffe41c60000 - 0x00007ffe42745000 	D:\Android-Review\jre\bin\server\jvm.dll
0x00007ffe982e0000 - 0x00007ffe9838e000 	C:\WINDOWS\System32\ADVAPI32.dll
0x00007ffe984e0000 - 0x00007ffe9857c000 	C:\WINDOWS\System32\sechost.dll
0x00007ffe99d50000 - 0x00007ffe99e75000 	C:\WINDOWS\System32\RPCRT4.dll
0x00007ffe99730000 - 0x00007ffe99738000 	C:\WINDOWS\System32\PSAPI.DLL
0x00007ffe8fa40000 - 0x00007ffe8fa67000 	C:\WINDOWS\SYSTEM32\WINMM.dll
0x00007ffe8fa70000 - 0x00007ffe8fa7a000 	C:\WINDOWS\SYSTEM32\VERSION.dll
0x00007ffe934c0000 - 0x00007ffe934c9000 	C:\WINDOWS\SYSTEM32\WSOCK32.dll
0x00007ffe996c0000 - 0x00007ffe9972b000 	C:\WINDOWS\System32\ws2_32.DLL
0x00007ffe95890000 - 0x00007ffe958a2000 	C:\WINDOWS\SYSTEM32\kernel.appcore.dll
0x00007ffe92a30000 - 0x00007ffe92a41000 	D:\Android-Review\jre\bin\verify.dll
0x00007ffe8b7b0000 - 0x00007ffe8b994000 	C:\WINDOWS\SYSTEM32\DBGHELP.DLL
0x00007ffe84f90000 - 0x00007ffe84fbc000 	C:\WINDOWS\SYSTEM32\dbgcore.DLL
0x00007ffe97f10000 - 0x00007ffe97f92000 	C:\WINDOWS\System32\bcryptPrimitives.dll
0x00007ffe90d80000 - 0x00007ffe90da9000 	D:\Android-Review\jre\bin\java.dll
0x00007ffe93490000 - 0x00007ffe9349b000 	D:\Android-Review\jre\bin\jimage.dll
0x00007ffe90d60000 - 0x00007ffe90d78000 	D:\Android-Review\jre\bin\zip.dll
0x00007ffe986a0000 - 0x00007ffe98de4000 	C:\WINDOWS\System32\SHELL32.dll
0x00007ffe95a90000 - 0x00007ffe96224000 	C:\WINDOWS\SYSTEM32\windows.storage.dll
0x00007ffe98df0000 - 0x00007ffe99145000 	C:\WINDOWS\System32\combase.dll
0x00007ffe97320000 - 0x00007ffe9734e000 	C:\WINDOWS\SYSTEM32\Wldp.dll
0x00007ffe99ca0000 - 0x00007ffe99d4d000 	C:\WINDOWS\System32\SHCORE.dll
0x00007ffe99a20000 - 0x00007ffe99a75000 	C:\WINDOWS\System32\shlwapi.dll
0x00007ffe978e0000 - 0x00007ffe978ff000 	C:\WINDOWS\SYSTEM32\profapi.dll
0x00007ffe90d40000 - 0x00007ffe90d5a000 	D:\Android-Review\jre\bin\net.dll
0x00007ffe8c650000 - 0x00007ffe8c75c000 	C:\WINDOWS\SYSTEM32\WINHTTP.dll
0x00007ffe97080000 - 0x00007ffe970ea000 	C:\WINDOWS\system32\mswsock.dll
0x00007ffe90cf0000 - 0x00007ffe90d04000 	D:\Android-Review\jre\bin\nio.dll
0x00007ffe88700000 - 0x00007ffe88727000 	C:\Users\Tu\.gradle\native\e1d6ef7f7dcc3fd88c89a11ec53ec762bb8ba0a96d01ffa2cd45eb1d1d8dd5c5\windows-amd64\native-platform.dll
0x00007ffe668e0000 - 0x00007ffe66a24000 	C:\Users\Tu\.gradle\native\5664cfc778a61ccfe75a443a1ab52a65af34e5dc3c78e0209fed803814484fcb\windows-amd64\native-platform-file-events.dll
0x00007ffe93430000 - 0x00007ffe9343a000 	D:\Android-Review\jre\bin\management.dll
0x00007ffe92150000 - 0x00007ffe9215d000 	D:\Android-Review\jre\bin\management_ext.dll
0x00007ffe97270000 - 0x00007ffe97288000 	C:\WINDOWS\SYSTEM32\CRYPTSP.dll
0x00007ffe96a00000 - 0x00007ffe96a34000 	C:\WINDOWS\system32\rsaenh.dll
0x00007ffe98050000 - 0x00007ffe98077000 	C:\WINDOWS\System32\bcrypt.dll
0x00007ffe97860000 - 0x00007ffe9788e000 	C:\WINDOWS\SYSTEM32\USERENV.dll
0x00007ffe97290000 - 0x00007ffe9729c000 	C:\WINDOWS\SYSTEM32\CRYPTBASE.dll
0x00007ffe96d70000 - 0x00007ffe96dab000 	C:\WINDOWS\SYSTEM32\IPHLPAPI.DLL
0x00007ffe99b60000 - 0x00007ffe99b68000 	C:\WINDOWS\System32\NSI.dll
0x00007ffe8fd60000 - 0x00007ffe8fd77000 	C:\WINDOWS\SYSTEM32\dhcpcsvc6.DLL
0x00007ffe8fbc0000 - 0x00007ffe8fbdd000 	C:\WINDOWS\SYSTEM32\dhcpcsvc.DLL
0x00007ffe96db0000 - 0x00007ffe96e7b000 	C:\WINDOWS\SYSTEM32\DNSAPI.dll

dbghelp: loaded successfully - version: 4.0.5 - missing functions: none
symbol engine: initialized successfully - sym options: 0x614 - pdb path: .;D:\Android-Review\jre\bin;C:\WINDOWS\SYSTEM32;C:\WINDOWS\WinSxS\amd64_microsoft.windows.common-controls_6595b64144ccf1df_6.0.19041.1110_none_60b5254171f9507e;D:\Android-Review\jre\bin\server;C:\Users\Tu\.gradle\native\e1d6ef7f7dcc3fd88c89a11ec53ec762bb8ba0a96d01ffa2cd45eb1d1d8dd5c5\windows-amd64;C:\Users\Tu\.gradle\native\5664cfc778a61ccfe75a443a1ab52a65af34e5dc3c78e0209fed803814484fcb\windows-amd64

VM Arguments:
jvm_args: --add-opens=java.base/java.util=ALL-UNNAMED --add-opens=java.base/java.lang=ALL-UNNAMED --add-opens=java.base/java.lang.invoke=ALL-UNNAMED --add-opens=java.base/java.util=ALL-UNNAMED --add-opens=java.prefs/java.util.prefs=ALL-UNNAMED --add-opens=java.prefs/java.util.prefs=ALL-UNNAMED --add-opens=java.base/java.nio.charset=ALL-UNNAMED --add-opens=java.base/java.net=ALL-UNNAMED --add-opens=java.base/java.util.concurrent.atomic=ALL-UNNAMED -Xmx2048m -Dfile.encoding=UTF-8 -Duser.country=US -Duser.language=en -Duser.variant 
java_command: org.gradle.launcher.daemon.bootstrap.GradleDaemon 7.2
java_class_path (initial): C:\Users\Tu\.gradle\wrapper\dists\gradle-7.2-bin\2dnblmf4td7x66yl1d74lt32g\gradle-7.2\lib\gradle-launcher-7.2.jar
Launcher Type: SUN_STANDARD

[Global flags]
     intx CICompilerCount                          = 4                                         {product} {ergonomic}
     uint ConcGCThreads                            = 2                                         {product} {ergonomic}
     uint G1ConcRefinementThreads                  = 8                                         {product} {ergonomic}
   size_t G1HeapRegionSize                         = 1048576                                   {product} {ergonomic}
    uintx GCDrainStackTargetSize                   = 64                                        {product} {ergonomic}
   size_t InitialHeapSize                          = 100663296                                 {product} {ergonomic}
   size_t MarkStackSize                            = 4194304                                   {product} {ergonomic}
   size_t MaxHeapSize                              = 2147483648                                {product} {command line}
   size_t MaxNewSize                               = 1287651328                                {product} {ergonomic}
   size_t MinHeapDeltaBytes                        = 1048576                                   {product} {ergonomic}
    uintx NonNMethodCodeHeapSize                   = 5836300                                {pd product} {ergonomic}
    uintx NonProfiledCodeHeapSize                  = 122910970                              {pd product} {ergonomic}
    uintx ProfiledCodeHeapSize                     = 122910970                              {pd product} {ergonomic}
    uintx ReservedCodeCacheSize                    = 251658240                              {pd product} {ergonomic}
     bool SegmentedCodeCache                       = true                                      {product} {ergonomic}
     bool UseCompressedClassPointers               = true                                 {lp64_product} {ergonomic}
     bool UseCompressedOops                        = true                                 {lp64_product} {ergonomic}
     bool UseG1GC                                  = true                                      {product} {ergonomic}
     bool UseLargePagesIndividualAllocation        = false                                  {pd product} {ergonomic}

Logging:
Log output configuration:
 #0: stdout all=warning uptime,level,tags
 #1: stderr all=off uptime,level,tags

Environment Variables:
PATH=C:\Program Files\Common Files\Oracle\Java\javapath;C:\Program Files\Microsoft MPI\Bin\;C:\Program Files (x86)\Common Files\Oracle\Java\javapath;C:\WINDOWS\system32;C:\WINDOWS;C:\WINDOWS\System32\Wbem;C:\WINDOWS\System32\WindowsPowerShell\v1.0\;C:\WINDOWS\System32\OpenSSH\;C:\Program Files\Microsoft SQL Server\130\Tools\Binn\;C:\Program Files\Microsoft SQL Server\Client SDK\ODBC\130\Tools\Binn\;C:\Program Files (x86)\Microsoft SQL Server\140\Tools\Binn\;C:\Program Files\Microsoft SQL Server\140\Tools\Binn\;C:\Program Files\Microsoft SQL Server\140\DTS\Binn\;C:\Program Files (x86)\Microsoft SQL Server\140\DTS\Binn\;C:\Program Files (x86)\Microsoft SQL Server\150\DTS\Binn\;C:\Program Files\Microsoft SQL Server\Client SDK\ODBC\170\Tools\Binn\;C:\Program Files\Git\cmd;C:\Program Files\dotnet\;C:\Program Files (x86)\dotnet\;C:\Program Files\Microsoft\Web Platform Installer\;D:\Scripts\;D:\;C:\Users\Tu\AppData\Local\Microsoft\WindowsApps;C:\Program Files\Azure Data Studio\bin;D:\Microsoft VS Code\bin;C:\Users\Tu\.dotnet\tools;C:\Program Files\heroku\bin
USERNAME=Tu
OS=Windows_NT
PROCESSOR_IDENTIFIER=AMD64 Family 23 Model 24 Stepping 1, AuthenticAMD



---------------  S Y S T E M  ---------------

OS: Windows 10 , 64 bit Build 19041 (10.0.19041.1503)
OS uptime: 1 days 6:36 hours

CPU:total 8 (initial active 8) (8 cores per cpu, 2 threads per core) family 23 model 24 stepping 1 microcode 0x0, cmov, cx8, fxsr, mmx, sse, sse2, sse3, ssse3, sse4.1, sse4.2, popcnt, avx, avx2, aes, clmul, mmxext, 3dnowpref, lzcnt, sse4a, ht, tsc, tscinvbit, tscinv, bmi1, bmi2, adx, sha, fma

Memory: 4k page, system-wide physical 6057M (391M free)
TotalPageFile size 24489M (AvailPageFile size 14M)
current process WorkingSet (physical memory assigned to process): 323M, peak: 324M
current process commit charge ("private bytes"): 361M, peak: 387M

vm_info: OpenJDK 64-Bit Server VM (11.0.12+7-b1504.28-7817840) for windows-amd64 JRE (11.0.12+7-b1504.28-7817840), built on Oct 13 2021 22:12:33 by "builder" with MS VC++ 14.0 (VS2015)

END.
