#
# There is insufficient memory for the Java Runtime Environment to continue.
# Native memory allocation (mmap) failed to map 25165824 bytes for Failed to commit area from 0x0000000087400000 to 0x0000000088c00000 of length 25165824.
# Possible reasons:
#   The system is out of physical RAM or swap space
#   The process is running with CompressedOops enabled, and the Java Heap may be blocking the growth of the native heap
# Possible solutions:
#   Reduce memory load on the system
#   Increase physical memory or swap space
#   Check if swap backing store is full
#   Decrease Java heap size (-Xmx/-Xms)
#   Decrease number of Java threads
#   Decrease Java thread stack sizes (-Xss)
#   Set larger code cache with -XX:ReservedCodeCacheSize=
#   JVM is running with Unscaled Compressed Oops mode in which the Java heap is
#     placed in the first 4GB address space. The Java Heap base address is the
#     maximum limit for the native heap growth. Please use -XX:HeapBaseMinAddress
#     to set the Java Heap base and to place the Java Heap above 4GB virtual address.
# This output file may be truncated or incomplete.
#
#  Out of Memory Error (./src/hotspot/os/windows/os_windows.cpp:3521), pid=19216, tid=19888
#
# JRE version: OpenJDK Runtime Environment (11.0.12+7) (build 11.0.12+7-b1504.28-7817840)
# Java VM: OpenJDK 64-Bit Server VM (11.0.12+7-b1504.28-7817840, mixed mode, tiered, compressed oops, g1 gc, windows-amd64)
# No core dump will be written. Minidumps are not enabled by default on client versions of Windows
#

---------------  S U M M A R Y ------------

Command Line: --add-opens=java.base/java.util=ALL-UNNAMED --add-opens=java.base/java.lang=ALL-UNNAMED --add-opens=java.base/java.lang.invoke=ALL-UNNAMED --add-opens=java.base/java.util=ALL-UNNAMED --add-opens=java.prefs/java.util.prefs=ALL-UNNAMED --add-opens=java.prefs/java.util.prefs=ALL-UNNAMED --add-opens=java.base/java.nio.charset=ALL-UNNAMED --add-opens=java.base/java.net=ALL-UNNAMED --add-opens=java.base/java.util.concurrent.atomic=ALL-UNNAMED -Xmx2048m -Dfile.encoding=UTF-8 -Duser.country=US -Duser.language=en -Duser.variant org.gradle.launcher.daemon.bootstrap.GradleDaemon 7.2

Host: AMD Ryzen 7 3750H with Radeon Vega Mobile Gfx  , 8 cores, 5G,  Windows 10 , 64 bit Build 19041 (10.0.19041.1503)
Time: Mon Mar  7 15:54:07 2022 SE Asia Standard Time elapsed time: 12.030806 seconds (0d 0h 0m 12s)

---------------  T H R E A D  ---------------

Current thread (0x0000017031502000):  VMThread "VM Thread" [stack: 0x0000001d1ea00000,0x0000001d1eb00000] [id=19888]

Stack: [0x0000001d1ea00000,0x0000001d1eb00000]
[error occurred during error reporting (printing stack bounds), id 0xc0000005, EXCEPTION_ACCESS_VIOLATION (0xc0000005) at pc=0x000001701a39112d]

Native frames: (J=compiled Java code, j=interpreted, Vv=VM code, C=native code)
V  [jvm.dll+0x5fbcea]
V  [jvm.dll+0x731905]
V  [jvm.dll+0x732f1d]
V  [jvm.dll+0x733535]
V  [jvm.dll+0x7334eb]
V  [jvm.dll+0x5fb080]
V  [jvm.dll+0x5fb818]
C  [ntdll.dll+0xa20cf]
C  [ntdll.dll+0x51454]
C  [ntdll.dll+0xa0bfe]
C  0x000001701a39112d

VM_Operation (0x0000001d1fff1ae0): G1CollectForAllocation, mode: safepoint, requested by thread 0x0000017033163800


---------------  P R O C E S S  ---------------

Threads class SMR info:
_java_thread_list=0x00000170349b34b0, length=121, elements={
0x000001701685b000, 0x0000017031d31800, 0x0000017031d3c800, 0x0000017031d84800,
0x0000017031d86800, 0x0000017031d89000, 0x0000017031d8e000, 0x0000017031d92800,
0x000001703151e000, 0x0000017031ee2800, 0x00000170338e7000, 0x0000017033a0e800,
0x0000017035299800, 0x0000017033de5800, 0x000001703435c800, 0x0000017033dfa800,
0x0000017033163800, 0x000001703563e000, 0x0000017033d70000, 0x0000017033d6d800,
0x0000017033d71800, 0x0000017033d6c800, 0x0000017033d70800, 0x0000017033d6c000,
0x0000017033d72800, 0x0000017033d6f000, 0x0000017033d6e000, 0x0000017034a03000,
0x0000017034a02000, 0x0000017034a05800, 0x0000017034a06000, 0x0000017034a04000,
0x0000017034a01800, 0x0000017034a04800, 0x0000017034a00800, 0x0000017034a07000,
0x0000017034a0c000, 0x0000017034a0a800, 0x0000017034a0c800, 0x0000017034a08800,
0x0000017034a0f000, 0x0000017034a09800, 0x000001703749c800, 0x000001703749d000,
0x000001703749a800, 0x000001703749b800, 0x000001703749e000, 0x0000017037498000,
0x000001703749a000, 0x0000017037499000, 0x00000170374a4800, 0x000001703749f800,
0x00000170374a3800, 0x00000170374a0800, 0x000001703749e800, 0x00000170374a5800,
0x00000170374a6000, 0x00000170374a1000, 0x00000170374a7000, 0x00000170374a2000,
0x00000170374a3000, 0x0000017035a55800, 0x0000017035a54800, 0x0000017035a58000,
0x0000017035a52000, 0x0000017035a56800, 0x0000017035a53000, 0x0000017035a57000,
0x0000017035a58800, 0x0000017035a59800, 0x0000017035a54000, 0x0000017035a5b000,
0x0000017035a5d000, 0x0000017035a60000, 0x0000017035a5d800, 0x0000017035a5c000,
0x0000017035a5f800, 0x0000017035a5a800, 0x0000017035a5e800, 0x0000017035a61000,
0x00000170349bb000, 0x00000170349b5800, 0x00000170349b9000, 0x00000170349b9800,
0x00000170349bc000, 0x00000170349b6800, 0x00000170349bd000, 0x00000170349b8000,
0x00000170349ba800, 0x00000170349b7000, 0x00000170349c1000, 0x00000170349c2800,
0x00000170349be800, 0x00000170349c1800, 0x00000170349c3800, 0x00000170349bd800,
0x00000170349c4000, 0x00000170349bf800, 0x00000170349c0000, 0x0000017035420800,
0x000001703541f800, 0x0000017035423800, 0x0000017035421800, 0x0000017035422000,
0x0000017035423000, 0x000001703541e000, 0x0000017035424800, 0x000001703541f000,
0x000001703542b000, 0x0000017035427000, 0x0000017035428000, 0x0000017035426000,
0x0000017035428800, 0x0000017035429800, 0x000001703542a000, 0x0000017035425800,
0x000001703542c000, 0x000001703542c800, 0x0000017034867800, 0x0000017034866000,
0x0000017034869800
}

Java Threads: ( => current thread )
  0x000001701685b000 JavaThread "main" [_thread_blocked, id=22176, stack(0x0000001d1e400000,0x0000001d1e500000)]
  0x0000017031d31800 JavaThread "Reference Handler" daemon [_thread_blocked, id=11500, stack(0x0000001d1eb00000,0x0000001d1ec00000)]
  0x0000017031d3c800 JavaThread "Finalizer" daemon [_thread_blocked, id=21032, stack(0x0000001d1ec00000,0x0000001d1ed00000)]
  0x0000017031d84800 JavaThread "Signal Dispatcher" daemon [_thread_blocked, id=20992, stack(0x0000001d1ed00000,0x0000001d1ee00000)]
  0x0000017031d86800 JavaThread "Attach Listener" daemon [_thread_blocked, id=21984, stack(0x0000001d1ee00000,0x0000001d1ef00000)]
  0x0000017031d89000 JavaThread "Service Thread" daemon [_thread_blocked, id=1684, stack(0x0000001d1ef00000,0x0000001d1f000000)]
  0x0000017031d8e000 JavaThread "C2 CompilerThread0" daemon [_thread_blocked, id=22484, stack(0x0000001d1f000000,0x0000001d1f100000)]
  0x0000017031d92800 JavaThread "C1 CompilerThread0" daemon [_thread_blocked, id=21224, stack(0x0000001d1f100000,0x0000001d1f200000)]
  0x000001703151e000 JavaThread "Sweeper thread" daemon [_thread_blocked, id=21436, stack(0x0000001d1f200000,0x0000001d1f300000)]
  0x0000017031ee2800 JavaThread "Common-Cleaner" daemon [_thread_blocked, id=21660, stack(0x0000001d1f300000,0x0000001d1f400000)]
  0x00000170338e7000 JavaThread "Daemon health stats" [_thread_blocked, id=20776, stack(0x0000001d1f700000,0x0000001d1f800000)]
  0x0000017033a0e800 JavaThread "Incoming local TCP Connector on port 49859" [_thread_in_native, id=11084, stack(0x0000001d1f600000,0x0000001d1f700000)]
  0x0000017035299800 JavaThread "Daemon periodic checks" [_thread_blocked, id=21952, stack(0x0000001d1fb00000,0x0000001d1fc00000)]
  0x0000017033de5800 JavaThread "Daemon" [_thread_blocked, id=19032, stack(0x0000001d1fc00000,0x0000001d1fd00000)]
  0x000001703435c800 JavaThread "Handler for socket connection from /127.0.0.1:49859 to /127.0.0.1:49860" [_thread_in_native, id=8764, stack(0x0000001d1fd00000,0x0000001d1fe00000)]
  0x0000017033dfa800 JavaThread "Cancel handler" [_thread_blocked, id=32, stack(0x0000001d1fe00000,0x0000001d1ff00000)]
  0x0000017033163800 JavaThread "Daemon worker" [_thread_blocked, id=21320, stack(0x0000001d1ff00000,0x0000001d20000000)]
  0x000001703563e000 JavaThread "Asynchronous log dispatcher for DefaultDaemonConnection: socket connection from /127.0.0.1:49859 to /127.0.0.1:49860" [_thread_blocked, id=2972, stack(0x0000001d20000000,0x0000001d20100000)]
  0x0000017033d70000 JavaThread "Stdin handler" [_thread_blocked, id=21240, stack(0x0000001d20100000,0x0000001d20200000)]
  0x0000017033d6d800 JavaThread "Daemon client event forwarder" [_thread_blocked, id=21864, stack(0x0000001d20200000,0x0000001d20300000)]
  0x0000017033d71800 JavaThread "Cache worker for journal cache (C:\Users\Tu\.gradle\caches\journal-1)" [_thread_blocked, id=8532, stack(0x0000001d20700000,0x0000001d20800000)]
  0x0000017033d6c800 JavaThread "File lock request listener" [_thread_in_native, id=10076, stack(0x0000001d20800000,0x0000001d20900000)]
  0x0000017033d70800 JavaThread "Cache worker for file hash cache (C:\Users\Tu\.gradle\caches\7.2\fileHashes)" [_thread_blocked, id=10428, stack(0x0000001d20a00000,0x0000001d20b00000)]
  0x0000017033d6c000 JavaThread "Cache worker for file hash cache (D:\Android_Facebook\.gradle\7.2\fileHashes)" [_thread_blocked, id=14408, stack(0x0000001d20b00000,0x0000001d20c00000)]
  0x0000017033d72800 JavaThread "File watcher server" daemon [_thread_in_native, id=15960, stack(0x0000001d20c00000,0x0000001d20d00000)]
  0x0000017033d6f000 JavaThread "File watcher consumer" daemon [_thread_blocked, id=2796, stack(0x0000001d20d00000,0x0000001d20e00000)]
  0x0000017033d6e000 JavaThread "jar transforms" [_thread_blocked, id=1640, stack(0x0000001d20e00000,0x0000001d20f00000)]
  0x0000017034a03000 JavaThread "jar transforms Thread 2" [_thread_blocked, id=22436, stack(0x0000001d20f00000,0x0000001d21000000)]
  0x0000017034a02000 JavaThread "jar transforms Thread 3" [_thread_blocked, id=21700, stack(0x0000001d21000000,0x0000001d21100000)]
  0x0000017034a05800 JavaThread "jar transforms Thread 4" [_thread_blocked, id=21060, stack(0x0000001d21100000,0x0000001d21200000)]
  0x0000017034a06000 JavaThread "jar transforms Thread 5" [_thread_blocked, id=17584, stack(0x0000001d21200000,0x0000001d21300000)]
  0x0000017034a04000 JavaThread "jar transforms Thread 6" [_thread_blocked, id=16848, stack(0x0000001d21300000,0x0000001d21400000)]
  0x0000017034a01800 JavaThread "jar transforms Thread 7" [_thread_blocked, id=12608, stack(0x0000001d21400000,0x0000001d21500000)]
  0x0000017034a04800 JavaThread "jar transforms Thread 8" [_thread_blocked, id=10984, stack(0x0000001d21500000,0x0000001d21600000)]
  0x0000017034a00800 JavaThread "Cache worker for checksums cache (D:\Android_Facebook\.gradle\checksums)" [_thread_blocked, id=8580, stack(0x0000001d21600000,0x0000001d21700000)]
  0x0000017034a07000 JavaThread "Cache worker for cache directory md-supplier (C:\Users\Tu\.gradle\caches\7.2\md-supplier)" [_thread_blocked, id=8500, stack(0x0000001d21700000,0x0000001d21800000)]
  0x0000017034a0c000 JavaThread "Cache worker for cache directory md-rule (C:\Users\Tu\.gradle\caches\7.2\md-rule)" [_thread_blocked, id=11536, stack(0x0000001d21800000,0x0000001d21900000)]
  0x0000017034a0a800 JavaThread "Cache worker for execution history cache (C:\Users\Tu\.gradle\caches\7.2\executionHistory)" [_thread_blocked, id=5052, stack(0x0000001d21900000,0x0000001d21a00000)]
  0x0000017034a0c800 JavaThread "Cache worker for file content cache (C:\Users\Tu\.gradle\caches\7.2\fileContent)" [_thread_blocked, id=19144, stack(0x0000001d21a00000,0x0000001d21b00000)]
  0x0000017034a08800 JavaThread "Cache worker for dependencies-accessors (D:\Android_Facebook\.gradle\7.2\dependencies-accessors)" [_thread_blocked, id=16220, stack(0x0000001d21b00000,0x0000001d21c00000)]
  0x0000017034a0f000 JavaThread "Cache worker for Build Output Cleanup Cache (D:\Android_Facebook\.gradle\buildOutputCleanup)" [_thread_blocked, id=16472, stack(0x0000001d21c00000,0x0000001d21d00000)]
  0x0000017034a09800 JavaThread "Unconstrained build operations" [_thread_blocked, id=20748, stack(0x0000001d21d00000,0x0000001d21e00000)]
  0x000001703749c800 JavaThread "Unconstrained build operations Thread 2" [_thread_blocked, id=22324, stack(0x0000001d21e00000,0x0000001d21f00000)]
  0x000001703749d000 JavaThread "Unconstrained build operations Thread 3" [_thread_blocked, id=20804, stack(0x0000001d21f00000,0x0000001d22000000)]
  0x000001703749a800 JavaThread "Unconstrained build operations Thread 4" [_thread_blocked, id=19900, stack(0x0000001d22000000,0x0000001d22100000)]
  0x000001703749b800 JavaThread "Unconstrained build operations Thread 5" [_thread_blocked, id=11544, stack(0x0000001d22100000,0x0000001d22200000)]
  0x000001703749e000 JavaThread "Unconstrained build operations Thread 6" [_thread_blocked, id=21156, stack(0x0000001d22200000,0x0000001d22300000)]
  0x0000017037498000 JavaThread "Unconstrained build operations Thread 7" [_thread_blocked, id=18868, stack(0x0000001d22300000,0x0000001d22400000)]
  0x000001703749a000 JavaThread "Unconstrained build operations Thread 8" [_thread_blocked, id=20460, stack(0x0000001d22400000,0x0000001d22500000)]
  0x0000017037499000 JavaThread "Unconstrained build operations Thread 9" [_thread_blocked, id=16376, stack(0x0000001d22500000,0x0000001d22600000)]
  0x00000170374a4800 JavaThread "Unconstrained build operations Thread 10" [_thread_blocked, id=15708, stack(0x0000001d22600000,0x0000001d22700000)]
  0x000001703749f800 JavaThread "Unconstrained build operations Thread 11" [_thread_blocked, id=560, stack(0x0000001d22700000,0x0000001d22800000)]
  0x00000170374a3800 JavaThread "Unconstrained build operations Thread 12" [_thread_blocked, id=21084, stack(0x0000001d22800000,0x0000001d22900000)]
  0x00000170374a0800 JavaThread "Unconstrained build operations Thread 13" [_thread_blocked, id=20420, stack(0x0000001d22900000,0x0000001d22a00000)]
  0x000001703749e800 JavaThread "Unconstrained build operations Thread 14" [_thread_blocked, id=14284, stack(0x0000001d22a00000,0x0000001d22b00000)]
  0x00000170374a5800 JavaThread "Unconstrained build operations Thread 15" [_thread_blocked, id=20648, stack(0x0000001d22b00000,0x0000001d22c00000)]
  0x00000170374a6000 JavaThread "Unconstrained build operations Thread 16" [_thread_blocked, id=9572, stack(0x0000001d22c00000,0x0000001d22d00000)]
  0x00000170374a1000 JavaThread "Unconstrained build operations Thread 17" [_thread_blocked, id=22508, stack(0x0000001d22d00000,0x0000001d22e00000)]
  0x00000170374a7000 JavaThread "Unconstrained build operations Thread 18" [_thread_blocked, id=19976, stack(0x0000001d22e00000,0x0000001d22f00000)]
  0x00000170374a2000 JavaThread "Unconstrained build operations Thread 19" [_thread_blocked, id=19876, stack(0x0000001d22f00000,0x0000001d23000000)]
  0x00000170374a3000 JavaThread "Unconstrained build operations Thread 20" [_thread_blocked, id=19332, stack(0x0000001d23000000,0x0000001d23100000)]
  0x0000017035a55800 JavaThread "Unconstrained build operations Thread 21" [_thread_blocked, id=5800, stack(0x0000001d23100000,0x0000001d23200000)]
  0x0000017035a54800 JavaThread "Unconstrained build operations Thread 22" [_thread_blocked, id=19920, stack(0x0000001d23200000,0x0000001d23300000)]
  0x0000017035a58000 JavaThread "Unconstrained build operations Thread 23" [_thread_blocked, id=19936, stack(0x0000001d23300000,0x0000001d23400000)]
  0x0000017035a52000 JavaThread "Unconstrained build operations Thread 24" [_thread_blocked, id=19940, stack(0x0000001d23400000,0x0000001d23500000)]
  0x0000017035a56800 JavaThread "Unconstrained build operations Thread 25" [_thread_blocked, id=7800, stack(0x0000001d23500000,0x0000001d23600000)]
  0x0000017035a53000 JavaThread "Unconstrained build operations Thread 26" [_thread_blocked, id=19928, stack(0x0000001d23600000,0x0000001d23700000)]
  0x0000017035a57000 JavaThread "Unconstrained build operations Thread 27" [_thread_blocked, id=22452, stack(0x0000001d23700000,0x0000001d23800000)]
  0x0000017035a58800 JavaThread "Unconstrained build operations Thread 28" [_thread_blocked, id=21676, stack(0x0000001d23800000,0x0000001d23900000)]
  0x0000017035a59800 JavaThread "Unconstrained build operations Thread 29" [_thread_blocked, id=20524, stack(0x0000001d23900000,0x0000001d23a00000)]
  0x0000017035a54000 JavaThread "Unconstrained build operations Thread 30" [_thread_blocked, id=14800, stack(0x0000001d23a00000,0x0000001d23b00000)]
  0x0000017035a5b000 JavaThread "Unconstrained build operations Thread 31" [_thread_blocked, id=21692, stack(0x0000001d23b00000,0x0000001d23c00000)]
  0x0000017035a5d000 JavaThread "Unconstrained build operations Thread 32" [_thread_blocked, id=18292, stack(0x0000001d23c00000,0x0000001d23d00000)]
  0x0000017035a60000 JavaThread "Unconstrained build operations Thread 33" [_thread_blocked, id=10308, stack(0x0000001d23d00000,0x0000001d23e00000)]
  0x0000017035a5d800 JavaThread "Unconstrained build operations Thread 34" [_thread_blocked, id=13576, stack(0x0000001d23e00000,0x0000001d23f00000)]
  0x0000017035a5c000 JavaThread "Unconstrained build operations Thread 35" [_thread_blocked, id=21020, stack(0x0000001d23f00000,0x0000001d24000000)]
  0x0000017035a5f800 JavaThread "Unconstrained build operations Thread 36" [_thread_blocked, id=5024, stack(0x0000001d24000000,0x0000001d24100000)]
  0x0000017035a5a800 JavaThread "Unconstrained build operations Thread 37" [_thread_blocked, id=20132, stack(0x0000001d24100000,0x0000001d24200000)]
  0x0000017035a5e800 JavaThread "Unconstrained build operations Thread 38" [_thread_blocked, id=3964, stack(0x0000001d24200000,0x0000001d24300000)]
  0x0000017035a61000 JavaThread "Unconstrained build operations Thread 39" [_thread_blocked, id=22440, stack(0x0000001d24300000,0x0000001d24400000)]
  0x00000170349bb000 JavaThread "Unconstrained build operations Thread 40" [_thread_blocked, id=20440, stack(0x0000001d24400000,0x0000001d24500000)]
  0x00000170349b5800 JavaThread "Unconstrained build operations Thread 41" [_thread_blocked, id=21212, stack(0x0000001d24500000,0x0000001d24600000)]
  0x00000170349b9000 JavaThread "Unconstrained build operations Thread 42" [_thread_blocked, id=6380, stack(0x0000001d24600000,0x0000001d24700000)]
  0x00000170349b9800 JavaThread "Unconstrained build operations Thread 43" [_thread_blocked, id=3044, stack(0x0000001d24700000,0x0000001d24800000)]
  0x00000170349bc000 JavaThread "Unconstrained build operations Thread 44" [_thread_blocked, id=14880, stack(0x0000001d24800000,0x0000001d24900000)]
  0x00000170349b6800 JavaThread "Unconstrained build operations Thread 45" [_thread_blocked, id=19564, stack(0x0000001d24900000,0x0000001d24a00000)]
  0x00000170349bd000 JavaThread "Unconstrained build operations Thread 46" [_thread_blocked, id=20064, stack(0x0000001d24a00000,0x0000001d24b00000)]
  0x00000170349b8000 JavaThread "Unconstrained build operations Thread 47" [_thread_blocked, id=20324, stack(0x0000001d24b00000,0x0000001d24c00000)]
  0x00000170349ba800 JavaThread "Unconstrained build operations Thread 48" [_thread_blocked, id=21452, stack(0x0000001d24c00000,0x0000001d24d00000)]
  0x00000170349b7000 JavaThread "Unconstrained build operations Thread 49" [_thread_blocked, id=520, stack(0x0000001d24d00000,0x0000001d24e00000)]
  0x00000170349c1000 JavaThread "Unconstrained build operations Thread 50" [_thread_blocked, id=18728, stack(0x0000001d24e00000,0x0000001d24f00000)]
  0x00000170349c2800 JavaThread "Unconstrained build operations Thread 51" [_thread_blocked, id=21136, stack(0x0000001d24f00000,0x0000001d25000000)]
  0x00000170349be800 JavaThread "Unconstrained build operations Thread 52" [_thread_blocked, id=12716, stack(0x0000001d25000000,0x0000001d25100000)]
  0x00000170349c1800 JavaThread "Unconstrained build operations Thread 53" [_thread_blocked, id=19552, stack(0x0000001d25100000,0x0000001d25200000)]
  0x00000170349c3800 JavaThread "Unconstrained build operations Thread 54" [_thread_blocked, id=21800, stack(0x0000001d25200000,0x0000001d25300000)]
  0x00000170349bd800 JavaThread "Unconstrained build operations Thread 55" [_thread_blocked, id=21476, stack(0x0000001d25300000,0x0000001d25400000)]
  0x00000170349c4000 JavaThread "Unconstrained build operations Thread 56" [_thread_blocked, id=10708, stack(0x0000001d25400000,0x0000001d25500000)]
  0x00000170349bf800 JavaThread "Unconstrained build operations Thread 57" [_thread_blocked, id=21568, stack(0x0000001d25500000,0x0000001d25600000)]
  0x00000170349c0000 JavaThread "Unconstrained build operations Thread 58" [_thread_blocked, id=15888, stack(0x0000001d25600000,0x0000001d25700000)]
  0x0000017035420800 JavaThread "Unconstrained build operations Thread 59" [_thread_blocked, id=20088, stack(0x0000001d25700000,0x0000001d25800000)]
  0x000001703541f800 JavaThread "Unconstrained build operations Thread 60" [_thread_blocked, id=10232, stack(0x0000001d25800000,0x0000001d25900000)]
  0x0000017035423800 JavaThread "Unconstrained build operations Thread 61" [_thread_blocked, id=20112, stack(0x0000001d25900000,0x0000001d25a00000)]
  0x0000017035421800 JavaThread "Unconstrained build operations Thread 62" [_thread_blocked, id=13668, stack(0x0000001d25a00000,0x0000001d25b00000)]
  0x0000017035422000 JavaThread "Unconstrained build operations Thread 63" [_thread_blocked, id=9032, stack(0x0000001d25b00000,0x0000001d25c00000)]
  0x0000017035423000 JavaThread "Unconstrained build operations Thread 64" [_thread_blocked, id=20020, stack(0x0000001d25c00000,0x0000001d25d00000)]
  0x000001703541e000 JavaThread "Unconstrained build operations Thread 65" [_thread_blocked, id=21932, stack(0x0000001d25d00000,0x0000001d25e00000)]
  0x0000017035424800 JavaThread "Unconstrained build operations Thread 66" [_thread_blocked, id=18680, stack(0x0000001d25e00000,0x0000001d25f00000)]
  0x000001703541f000 JavaThread "Unconstrained build operations Thread 67" [_thread_blocked, id=22252, stack(0x0000001d25f00000,0x0000001d26000000)]
  0x000001703542b000 JavaThread "Unconstrained build operations Thread 68" [_thread_blocked, id=20744, stack(0x0000001d26000000,0x0000001d26100000)]
  0x0000017035427000 JavaThread "Unconstrained build operations Thread 69" [_thread_blocked, id=18188, stack(0x0000001d26100000,0x0000001d26200000)]
  0x0000017035428000 JavaThread "Unconstrained build operations Thread 70" [_thread_blocked, id=17616, stack(0x0000001d26200000,0x0000001d26300000)]
  0x0000017035426000 JavaThread "Unconstrained build operations Thread 71" [_thread_blocked, id=21088, stack(0x0000001d26300000,0x0000001d26400000)]
  0x0000017035428800 JavaThread "Unconstrained build operations Thread 72" [_thread_blocked, id=20036, stack(0x0000001d26400000,0x0000001d26500000)]
  0x0000017035429800 JavaThread "Unconstrained build operations Thread 73" [_thread_blocked, id=20896, stack(0x0000001d26500000,0x0000001d26600000)]
  0x000001703542a000 JavaThread "Unconstrained build operations Thread 74" [_thread_blocked, id=13924, stack(0x0000001d26600000,0x0000001d26700000)]
  0x0000017035425800 JavaThread "Unconstrained build operations Thread 75" [_thread_blocked, id=8276, stack(0x0000001d26700000,0x0000001d26800000)]
  0x000001703542c000 JavaThread "Unconstrained build operations Thread 76" [_thread_blocked, id=20740, stack(0x0000001d26800000,0x0000001d26900000)]
  0x000001703542c800 JavaThread "Unconstrained build operations Thread 77" [_thread_blocked, id=21572, stack(0x0000001d26900000,0x0000001d26a00000)]
  0x0000017034867800 JavaThread "Unconstrained build operations Thread 78" [_thread_blocked, id=15532, stack(0x0000001d26a00000,0x0000001d26b00000)]
  0x0000017034866000 JavaThread "Unconstrained build operations Thread 79" [_thread_blocked, id=14468, stack(0x0000001d26b00000,0x0000001d26c00000)]
  0x0000017034869800 JavaThread "Unconstrained build operations Thread 80" [_thread_blocked, id=19600, stack(0x0000001d26c00000,0x0000001d26d00000)]

Other Threads:
=>0x0000017031502000 VMThread "VM Thread" [stack: 0x0000001d1ea00000,0x0000001d1eb00000] [id=19888]
  0x0000017031f86800 WatcherThread [stack: 0x0000001d1f400000,0x0000001d1f500000] [id=21052]
  0x0000017016874000 GCTaskThread "GC Thread#0" [stack: 0x0000001d1e500000,0x0000001d1e600000] [id=11936]
  0x00000170322d5800 GCTaskThread "GC Thread#1" [stack: 0x0000001d1f500000,0x0000001d1f600000] [id=15292]
  0x00000170345ec800 GCTaskThread "GC Thread#2" [stack: 0x0000001d1f800000,0x0000001d1f900000] [id=20352]
  0x0000017034535000 GCTaskThread "GC Thread#3" [stack: 0x0000001d1f900000,0x0000001d1fa00000] [id=14632]
  0x0000017033092800 GCTaskThread "GC Thread#4" [stack: 0x0000001d20300000,0x0000001d20400000] [id=21520]
  0x0000017034017800 GCTaskThread "GC Thread#5" [stack: 0x0000001d20400000,0x0000001d20500000] [id=3676]
  0x0000017034b9f800 GCTaskThread "GC Thread#6" [stack: 0x0000001d20500000,0x0000001d20600000] [id=20432]
  0x0000017034b17000 GCTaskThread "GC Thread#7" [stack: 0x0000001d20600000,0x0000001d20700000] [id=21028]
  0x00000170168a6800 ConcurrentGCThread "G1 Main Marker" [stack: 0x0000001d1e600000,0x0000001d1e700000] [id=20912]
  0x00000170168a7800 ConcurrentGCThread "G1 Conc#0" [stack: 0x0000001d1e700000,0x0000001d1e800000] [id=22152]
  0x0000017033257000 ConcurrentGCThread "G1 Conc#1" [stack: 0x0000001d20900000,0x0000001d20a00000] [id=20680]
  0x0000017031351800 ConcurrentGCThread "G1 Refine#0" [stack: 0x0000001d1e800000,0x0000001d1e900000] [id=13708]
  0x0000017034655800 ConcurrentGCThread "G1 Refine#1" [stack: 0x0000001d1fa00000,0x0000001d1fb00000] [id=19120]
  0x000001701693e000 ConcurrentGCThread "G1 Young RemSet Sampling" [stack: 0x0000001d1e900000,0x0000001d1ea00000] [id=18840]

Threads with active compile tasks:
C2 CompilerThread0  12051 6720   !   4       jdk.internal.loader.Resource::getBytes (242 bytes)

VM state:at safepoint (normal execution)

VM Mutex/Monitor currently owned by a thread:  ([mutex/lock_event])
[0x0000017016857d70] Threads_lock - owner thread: 0x0000017031502000
[0x0000017016857fb0] Heap_lock - owner thread: 0x0000017033163800

Heap address: 0x0000000080000000, size: 2048 MB, Compressed Oops mode: 32-bit
Narrow klass base: 0x0000000000000000, Narrow klass shift: 3
Compressed class space size: 1073741824 Address: 0x0000000100000000

Heap:
 garbage-first heap   total 143360K, used 76195K [0x0000000080000000, 0x0000000100000000)
  region size 1024K, 1 young (1024K), 1 survivors (1024K)
 Metaspace       used 59942K, capacity 61792K, committed 61896K, reserved 1103872K
  class space    used 7678K, capacity 8285K, committed 8320K, reserved 1048576K
Heap Regions: E=young(eden), S=young(survivor), O=old, HS=humongous(starts), HC=humongous(continues), CS=collection set, F=free, A=archive, TAMS=top-at-mark-start (previous, next)
|   0|0x0000000080000000, 0x0000000080100000, 0x0000000080100000|100%| O|  |TAMS 0x0000000080100000, 0x0000000080100000| Untracked 
|   1|0x0000000080100000, 0x0000000080200000, 0x0000000080200000|100%| O|  |TAMS 0x0000000080200000, 0x0000000080200000| Untracked 
|   2|0x0000000080200000, 0x0000000080300000, 0x0000000080300000|100%| O|  |TAMS 0x0000000080300000, 0x0000000080300000| Untracked 
|   3|0x0000000080300000, 0x0000000080400000, 0x0000000080400000|100%|HS|  |TAMS 0x0000000080400000, 0x0000000080400000| Complete 
|   4|0x0000000080400000, 0x0000000080500000, 0x0000000080500000|100%|HC|  |TAMS 0x0000000080500000, 0x0000000080500000| Complete 
|   5|0x0000000080500000, 0x0000000080600000, 0x0000000080600000|100%|HC|  |TAMS 0x0000000080600000, 0x0000000080600000| Complete 
|   6|0x0000000080600000, 0x0000000080700000, 0x0000000080700000|100%| O|  |TAMS 0x0000000080700000, 0x0000000080700000| Untracked 
|   7|0x0000000080700000, 0x0000000080800000, 0x0000000080800000|100%| O|  |TAMS 0x0000000080800000, 0x0000000080800000| Untracked 
|   8|0x0000000080800000, 0x0000000080900000, 0x0000000080900000|100%| O|  |TAMS 0x0000000080900000, 0x0000000080900000| Untracked 
|   9|0x0000000080900000, 0x0000000080a00000, 0x0000000080a00000|100%| O|  |TAMS 0x0000000080a00000, 0x0000000080a00000| Untracked 
|  10|0x0000000080a00000, 0x0000000080b00000, 0x0000000080b00000|100%| O|  |TAMS 0x0000000080b00000, 0x0000000080b00000| Untracked 
|  11|0x0000000080b00000, 0x0000000080c00000, 0x0000000080c00000|100%| O|  |TAMS 0x0000000080c00000, 0x0000000080c00000| Untracked 
|  12|0x0000000080c00000, 0x0000000080d00000, 0x0000000080d00000|100%| O|  |TAMS 0x0000000080d00000, 0x0000000080d00000| Untracked 
|  13|0x0000000080d00000, 0x0000000080e00000, 0x0000000080e00000|100%| O|  |TAMS 0x0000000080e00000, 0x0000000080e00000| Untracked 
|  14|0x0000000080e00000, 0x0000000080f00000, 0x0000000080f00000|100%| O|  |TAMS 0x0000000080f00000, 0x0000000080f00000| Untracked 
|  15|0x0000000080f00000, 0x0000000081000000, 0x0000000081000000|100%|HS|  |TAMS 0x0000000081000000, 0x0000000081000000| Complete 
|  16|0x0000000081000000, 0x0000000081100000, 0x0000000081100000|100%|HC|  |TAMS 0x0000000081100000, 0x0000000081100000| Complete 
|  17|0x0000000081100000, 0x0000000081200000, 0x0000000081200000|100%|HS|  |TAMS 0x0000000081200000, 0x0000000081200000| Complete 
|  18|0x0000000081200000, 0x0000000081300000, 0x0000000081300000|100%|HC|  |TAMS 0x0000000081300000, 0x0000000081300000| Complete 
|  19|0x0000000081300000, 0x0000000081400000, 0x0000000081400000|100%|HC|  |TAMS 0x0000000081400000, 0x0000000081400000| Complete 
|  20|0x0000000081400000, 0x0000000081500000, 0x0000000081500000|100%|HS|  |TAMS 0x0000000081500000, 0x0000000081500000| Complete 
|  21|0x0000000081500000, 0x0000000081600000, 0x0000000081600000|100%|HS|  |TAMS 0x0000000081600000, 0x0000000081600000| Complete 
|  22|0x0000000081600000, 0x0000000081700000, 0x0000000081700000|100%|HC|  |TAMS 0x0000000081700000, 0x0000000081700000| Complete 
|  23|0x0000000081700000, 0x0000000081800000, 0x0000000081800000|100%|HC|  |TAMS 0x0000000081800000, 0x0000000081800000| Complete 
|  24|0x0000000081800000, 0x0000000081900000, 0x0000000081900000|100%|HC|  |TAMS 0x0000000081900000, 0x0000000081900000| Complete 
|  25|0x0000000081900000, 0x0000000081a00000, 0x0000000081a00000|100%| O|  |TAMS 0x0000000081a00000, 0x0000000081a00000| Untracked 
|  26|0x0000000081a00000, 0x0000000081b00000, 0x0000000081b00000|100%| O|  |TAMS 0x0000000081b00000, 0x0000000081b00000| Untracked 
|  27|0x0000000081b00000, 0x0000000081c00000, 0x0000000081c00000|100%| O|  |TAMS 0x0000000081c00000, 0x0000000081c00000| Untracked 
|  28|0x0000000081c00000, 0x0000000081d00000, 0x0000000081d00000|100%| O|  |TAMS 0x0000000081d00000, 0x0000000081d00000| Untracked 
|  29|0x0000000081d00000, 0x0000000081e00000, 0x0000000081e00000|100%| O|  |TAMS 0x0000000081e00000, 0x0000000081e00000| Untracked 
|  30|0x0000000081e00000, 0x0000000081f00000, 0x0000000081f00000|100%| O|  |TAMS 0x0000000081f00000, 0x0000000081f00000| Untracked 
|  31|0x0000000081f00000, 0x0000000082000000, 0x0000000082000000|100%| O|  |TAMS 0x0000000082000000, 0x0000000082000000| Untracked 
|  32|0x0000000082000000, 0x0000000082100000, 0x0000000082100000|100%| O|  |TAMS 0x0000000082100000, 0x0000000082100000| Untracked 
|  33|0x0000000082100000, 0x0000000082200000, 0x0000000082200000|100%| O|  |TAMS 0x0000000082200000, 0x0000000082200000| Untracked 
|  34|0x0000000082200000, 0x0000000082300000, 0x0000000082300000|100%| O|  |TAMS 0x0000000082300000, 0x0000000082300000| Untracked 
|  35|0x0000000082300000, 0x0000000082400000, 0x0000000082400000|100%| O|  |TAMS 0x0000000082400000, 0x0000000082400000| Untracked 
|  36|0x0000000082400000, 0x0000000082500000, 0x0000000082500000|100%| O|  |TAMS 0x0000000082500000, 0x0000000082500000| Untracked 
|  37|0x0000000082500000, 0x0000000082600000, 0x0000000082600000|100%| O|  |TAMS 0x0000000082600000, 0x0000000082600000| Untracked 
|  38|0x0000000082600000, 0x0000000082700000, 0x0000000082700000|100%| O|  |TAMS 0x0000000082700000, 0x0000000082700000| Untracked 
|  39|0x0000000082700000, 0x0000000082800000, 0x0000000082800000|100%| O|  |TAMS 0x0000000082800000, 0x0000000082800000| Untracked 
|  40|0x0000000082800000, 0x0000000082900000, 0x0000000082900000|100%| O|  |TAMS 0x0000000082900000, 0x0000000082900000| Untracked 
|  41|0x0000000082900000, 0x0000000082a00000, 0x0000000082a00000|100%| O|  |TAMS 0x0000000082a00000, 0x0000000082a00000| Untracked 
|  42|0x0000000082a00000, 0x0000000082b00000, 0x0000000082b00000|100%| O|  |TAMS 0x0000000082b00000, 0x0000000082b00000| Untracked 
|  43|0x0000000082b00000, 0x0000000082c00000, 0x0000000082c00000|100%| O|  |TAMS 0x0000000082c00000, 0x0000000082c00000| Untracked 
|  44|0x0000000082c00000, 0x0000000082d00000, 0x0000000082d00000|100%|HS|  |TAMS 0x0000000082d00000, 0x0000000082d00000| Complete 
|  45|0x0000000082d00000, 0x0000000082e00000, 0x0000000082e00000|100%|HC|  |TAMS 0x0000000082e00000, 0x0000000082e00000| Complete 
|  46|0x0000000082e00000, 0x0000000082f00000, 0x0000000082f00000|100%|HC|  |TAMS 0x0000000082f00000, 0x0000000082f00000| Complete 
|  47|0x0000000082f00000, 0x0000000083000000, 0x0000000083000000|100%|HS|  |TAMS 0x0000000083000000, 0x0000000083000000| Complete 
|  48|0x0000000083000000, 0x0000000083100000, 0x0000000083100000|100%| O|  |TAMS 0x0000000083100000, 0x0000000083100000| Untracked 
|  49|0x0000000083100000, 0x0000000083200000, 0x0000000083200000|100%| O|  |TAMS 0x0000000083200000, 0x0000000083200000| Untracked 
|  50|0x0000000083200000, 0x0000000083300000, 0x0000000083300000|100%| O|  |TAMS 0x0000000083300000, 0x0000000083300000| Untracked 
|  51|0x0000000083300000, 0x0000000083400000, 0x0000000083400000|100%| O|  |TAMS 0x0000000083400000, 0x0000000083400000| Untracked 
|  52|0x0000000083400000, 0x0000000083500000, 0x0000000083500000|100%| O|  |TAMS 0x0000000083500000, 0x0000000083500000| Untracked 
|  53|0x0000000083500000, 0x0000000083600000, 0x0000000083600000|100%|HS|  |TAMS 0x0000000083600000, 0x0000000083600000| Complete 
|  54|0x0000000083600000, 0x0000000083700000, 0x0000000083700000|100%|HC|  |TAMS 0x0000000083700000, 0x0000000083700000| Complete 
|  55|0x0000000083700000, 0x0000000083800000, 0x0000000083800000|100%|HC|  |TAMS 0x0000000083800000, 0x0000000083800000| Complete 
|  56|0x0000000083800000, 0x0000000083900000, 0x0000000083900000|100%|HC|  |TAMS 0x0000000083900000, 0x0000000083900000| Complete 
|  57|0x0000000083900000, 0x0000000083a00000, 0x0000000083a00000|100%| O|  |TAMS 0x0000000083a00000, 0x0000000083a00000| Untracked 
|  58|0x0000000083a00000, 0x0000000083b00000, 0x0000000083b00000|100%| O|  |TAMS 0x0000000083b00000, 0x0000000083b00000| Untracked 
|  59|0x0000000083b00000, 0x0000000083c00000, 0x0000000083c00000|100%| O|  |TAMS 0x0000000083c00000, 0x0000000083c00000| Untracked 
|  60|0x0000000083c00000, 0x0000000083d00000, 0x0000000083d00000|100%| O|  |TAMS 0x0000000083d00000, 0x0000000083d00000| Untracked 
|  61|0x0000000083d00000, 0x0000000083e00000, 0x0000000083e00000|100%|HS|  |TAMS 0x0000000083e00000, 0x0000000083e00000| Complete 
|  62|0x0000000083e00000, 0x0000000083f00000, 0x0000000083f00000|100%|HS|  |TAMS 0x0000000083f00000, 0x0000000083f00000| Complete 
|  63|0x0000000083f00000, 0x0000000084000000, 0x0000000084000000|100%|HS|  |TAMS 0x0000000084000000, 0x0000000084000000| Complete 
|  64|0x0000000084000000, 0x0000000084100000, 0x0000000084100000|100%| O|  |TAMS 0x00000000840e5e00, 0x0000000084100000| Untracked 
|  65|0x0000000084100000, 0x0000000084200000, 0x0000000084200000|100%|HS|  |TAMS 0x0000000084100000, 0x0000000084200000| Complete 
|  66|0x0000000084200000, 0x0000000084300000, 0x0000000084300000|100%|HC|  |TAMS 0x0000000084200000, 0x0000000084300000| Complete 
|  67|0x0000000084300000, 0x0000000084400000, 0x0000000084400000|100%| O|  |TAMS 0x0000000084300000, 0x0000000084400000| Untracked 
|  68|0x0000000084400000, 0x0000000084500000, 0x0000000084500000|100%| O|  |TAMS 0x0000000084400000, 0x0000000084500000| Untracked 
|  69|0x0000000084500000, 0x0000000084600000, 0x0000000084600000|100%| O|  |TAMS 0x0000000084500000, 0x0000000084600000| Untracked 
|  70|0x0000000084600000, 0x0000000084700000, 0x0000000084700000|100%| O|  |TAMS 0x0000000084600000, 0x0000000084700000| Untracked 
|  71|0x0000000084700000, 0x0000000084800000, 0x0000000084800000|100%| O|  |TAMS 0x0000000084700000, 0x0000000084800000| Untracked 
|  72|0x0000000084800000, 0x0000000084900000, 0x0000000084900000|100%| O|  |TAMS 0x0000000084800000, 0x0000000084900000| Untracked 
|  73|0x0000000084900000, 0x000000008499c000, 0x0000000084a00000| 60%| O|  |TAMS 0x0000000084900000, 0x000000008499c000| Untracked 
|  74|0x0000000084a00000, 0x0000000084a00000, 0x0000000084b00000|  0%| F|  |TAMS 0x0000000084a00000, 0x0000000084a00000| Untracked 
|  75|0x0000000084b00000, 0x0000000084b00000, 0x0000000084c00000|  0%| F|  |TAMS 0x0000000084b00000, 0x0000000084b00000| Untracked 
|  76|0x0000000084c00000, 0x0000000084c00000, 0x0000000084d00000|  0%| F|  |TAMS 0x0000000084c00000, 0x0000000084c00000| Untracked 
|  77|0x0000000084d00000, 0x0000000084d00000, 0x0000000084e00000|  0%| F|  |TAMS 0x0000000084d00000, 0x0000000084d00000| Untracked 
|  78|0x0000000084e00000, 0x0000000084e00000, 0x0000000084f00000|  0%| F|  |TAMS 0x0000000084e00000, 0x0000000084e00000| Untracked 
|  79|0x0000000084f00000, 0x0000000084f00000, 0x0000000085000000|  0%| F|  |TAMS 0x0000000084f00000, 0x0000000084f00000| Untracked 
|  80|0x0000000085000000, 0x0000000085000000, 0x0000000085100000|  0%| F|  |TAMS 0x0000000085000000, 0x0000000085000000| Untracked 
|  81|0x0000000085100000, 0x0000000085100000, 0x0000000085200000|  0%| F|  |TAMS 0x0000000085100000, 0x0000000085100000| Untracked 
|  82|0x0000000085200000, 0x0000000085200000, 0x0000000085300000|  0%| F|  |TAMS 0x0000000085200000, 0x0000000085200000| Untracked 
|  83|0x0000000085300000, 0x0000000085300000, 0x0000000085400000|  0%| F|  |TAMS 0x0000000085300000, 0x0000000085300000| Untracked 
|  84|0x0000000085400000, 0x0000000085400000, 0x0000000085500000|  0%| F|  |TAMS 0x0000000085400000, 0x0000000085400000| Untracked 
|  85|0x0000000085500000, 0x0000000085500000, 0x0000000085600000|  0%| F|  |TAMS 0x0000000085500000, 0x0000000085500000| Untracked 
|  86|0x0000000085600000, 0x0000000085600000, 0x0000000085700000|  0%| F|  |TAMS 0x0000000085600000, 0x0000000085600000| Untracked 
|  87|0x0000000085700000, 0x0000000085700000, 0x0000000085800000|  0%| F|  |TAMS 0x0000000085700000, 0x0000000085700000| Untracked 
|  88|0x0000000085800000, 0x0000000085800000, 0x0000000085900000|  0%| F|  |TAMS 0x0000000085800000, 0x0000000085800000| Untracked 
|  89|0x0000000085900000, 0x0000000085900000, 0x0000000085a00000|  0%| F|  |TAMS 0x0000000085900000, 0x0000000085900000| Untracked 
|  90|0x0000000085a00000, 0x0000000085a00000, 0x0000000085b00000|  0%| F|  |TAMS 0x0000000085a00000, 0x0000000085a00000| Untracked 
|  91|0x0000000085b00000, 0x0000000085b00000, 0x0000000085c00000|  0%| F|  |TAMS 0x0000000085b00000, 0x0000000085b00000| Untracked 
|  92|0x0000000085c00000, 0x0000000085c00000, 0x0000000085d00000|  0%| F|  |TAMS 0x0000000085c00000, 0x0000000085c00000| Untracked 
|  93|0x0000000085d00000, 0x0000000085d00000, 0x0000000085e00000|  0%| F|  |TAMS 0x0000000085d00000, 0x0000000085d00000| Untracked 
|  94|0x0000000085e00000, 0x0000000085e00000, 0x0000000085f00000|  0%| F|  |TAMS 0x0000000085e00000, 0x0000000085e00000| Untracked 
|  95|0x0000000085f00000, 0x0000000085f00000, 0x0000000086000000|  0%| F|  |TAMS 0x0000000085f00000, 0x0000000085f00000| Untracked 
|  96|0x0000000086000000, 0x0000000086000000, 0x0000000086100000|  0%| F|  |TAMS 0x0000000086000000, 0x0000000086000000| Untracked 
|  97|0x0000000086100000, 0x0000000086100000, 0x0000000086200000|  0%| F|  |TAMS 0x0000000086100000, 0x0000000086100000| Untracked 
|  98|0x0000000086200000, 0x00000000862ccf80, 0x0000000086300000| 80%| S|CS|TAMS 0x0000000086200000, 0x0000000086200000| Complete 
|  99|0x0000000086300000, 0x0000000086300000, 0x0000000086400000|  0%| F|  |TAMS 0x0000000086300000, 0x0000000086300000| Untracked 
| 100|0x0000000086400000, 0x0000000086400000, 0x0000000086500000|  0%| F|  |TAMS 0x0000000086400000, 0x0000000086400000| Untracked 
| 101|0x0000000086500000, 0x0000000086500000, 0x0000000086600000|  0%| F|  |TAMS 0x0000000086500000, 0x0000000086500000| Untracked 
| 102|0x0000000086600000, 0x0000000086600000, 0x0000000086700000|  0%| F|  |TAMS 0x0000000086600000, 0x0000000086600000| Untracked 
| 103|0x0000000086700000, 0x0000000086700000, 0x0000000086800000|  0%| F|  |TAMS 0x0000000086700000, 0x0000000086700000| Untracked 
| 104|0x0000000086800000, 0x0000000086800000, 0x0000000086900000|  0%| F|  |TAMS 0x0000000086800000, 0x0000000086800000| Untracked 
| 105|0x0000000086900000, 0x0000000086900000, 0x0000000086a00000|  0%| F|  |TAMS 0x0000000086900000, 0x0000000086900000| Untracked 
| 106|0x0000000086a00000, 0x0000000086a00000, 0x0000000086b00000|  0%| F|  |TAMS 0x0000000086a00000, 0x0000000086a00000| Untracked 
| 107|0x0000000086b00000, 0x0000000086b00000, 0x0000000086c00000|  0%| F|  |TAMS 0x0000000086b00000, 0x0000000086b00000| Untracked 
| 108|0x0000000086c00000, 0x0000000086c00000, 0x0000000086d00000|  0%| F|  |TAMS 0x0000000086c00000, 0x0000000086c00000| Untracked 
| 109|0x0000000086d00000, 0x0000000086d00000, 0x0000000086e00000|  0%| F|  |TAMS 0x0000000086d00000, 0x0000000086d00000| Untracked 
| 110|0x0000000086e00000, 0x0000000086e00000, 0x0000000086f00000|  0%| F|  |TAMS 0x0000000086e00000, 0x0000000086e00000| Untracked 
| 111|0x0000000086f00000, 0x0000000086f00000, 0x0000000087000000|  0%| F|  |TAMS 0x0000000086f00000, 0x0000000086f00000| Untracked 
| 112|0x0000000087000000, 0x0000000087000000, 0x0000000087100000|  0%| F|  |TAMS 0x0000000087000000, 0x0000000087000000| Untracked 
| 113|0x0000000087100000, 0x0000000087100000, 0x0000000087200000|  0%| F|  |TAMS 0x0000000087100000, 0x0000000087100000| Untracked 
| 114|0x0000000087200000, 0x0000000087200000, 0x0000000087300000|  0%| F|  |TAMS 0x0000000087200000, 0x0000000087200000| Untracked 
| 115|0x0000000087300000, 0x0000000087300000, 0x0000000087400000|  0%| F|  |TAMS 0x0000000087300000, 0x0000000087300000| Untracked 

Card table byte_map: [0x000001702a210000,0x000001702a610000] _byte_map_base: 0x0000017029e10000

Marking Bits (Prev, Next): (CMBitMap*) 0x000001701689d830, (CMBitMap*) 0x000001701689d7f8
 Prev Bits: [0x000001702ca10000, 0x000001702ea10000)
 Next Bits: [0x000001702aa10000, 0x000001702ca10000)

Polling page: 0x000001701a370000

Metaspace:

Usage:
  Non-class:     52.25 MB capacity,    51.04 MB ( 98%) used,     1.05 MB (  2%) free+waste,   168.31 KB ( <1%) overhead. 
      Class:      8.09 MB capacity,     7.50 MB ( 93%) used,   526.38 KB (  6%) free+waste,    80.38 KB ( <1%) overhead. 
       Both:     60.34 MB capacity,    58.54 MB ( 97%) used,     1.56 MB (  3%) free+waste,   248.69 KB ( <1%) overhead. 

Virtual space:
  Non-class space:       54.00 MB reserved,      52.32 MB ( 97%) committed 
      Class space:        1.00 GB reserved,       8.13 MB ( <1%) committed 
             Both:        1.05 GB reserved,      60.45 MB (  6%) committed 

Chunk freelists:
   Non-Class:  5.00 KB
       Class:  0 bytes
        Both:  5.00 KB

MaxMetaspaceSize: 17179869184.00 GB
CompressedClassSpaceSize: 1.00 GB
Initial GC threshold: 20.80 MB
Current GC threshold: 94.49 MB
CDS: off

CodeHeap 'non-profiled nmethods': size=120000Kb used=3227Kb max_used=3227Kb free=116772Kb
 bounds [0x0000017021e60000, 0x0000017022190000, 0x0000017029390000]
CodeHeap 'profiled nmethods': size=120000Kb used=13810Kb max_used=13810Kb free=106189Kb
 bounds [0x000001701a930000, 0x000001701b6b0000, 0x0000017021e60000]
CodeHeap 'non-nmethods': size=5760Kb used=2323Kb max_used=2358Kb free=3436Kb
 bounds [0x000001701a390000, 0x000001701a600000, 0x000001701a930000]
 total_blobs=7528 nmethods=6702 adapters=738
 compilation: enabled
              stopped_count=0, restarted_count=0
 full_count=0

Compilation events (20 events):
Event: 11.988 Thread 0x0000017031d92800 6791       3       java.lang.invoke.ClassSpecializer$Factory$1Var::nextIndex (18 bytes)
Event: 11.988 Thread 0x0000017031d92800 nmethod 6791 0x000001701b6a5910 code [0x000001701b6a5ae0, 0x000001701b6a5d98]
Event: 11.988 Thread 0x0000017031d92800 6792       3       java.util.Arrays$ArrayList::size (6 bytes)
Event: 11.989 Thread 0x0000017031d92800 nmethod 6792 0x000001701b6a5f10 code [0x000001701b6a60c0, 0x000001701b6a61d8]
Event: 11.989 Thread 0x0000017031d92800 6795       3       java.lang.invoke.ClassSpecializer$Factory$1Var::<init> (146 bytes)
Event: 11.990 Thread 0x0000017031d92800 nmethod 6795 0x000001701b6a6290 code [0x000001701b6a6680, 0x000001701b6a7f58]
Event: 11.990 Thread 0x0000017031d92800 6796       3       java.lang.invoke.ClassSpecializer$Factory$1Var::nextSlotIndex (24 bytes)
Event: 11.990 Thread 0x0000017031d92800 nmethod 6796 0x000001701b6a8910 code [0x000001701b6a8ae0, 0x000001701b6a8d78]
Event: 11.990 Thread 0x0000017031d92800 6797       3       java.lang.invoke.ClassSpecializer::classBCName (33 bytes)
Event: 11.990 Thread 0x0000017031d92800 nmethod 6797 0x000001701b6a8e90 code [0x000001701b6a9040, 0x000001701b6a9168]
Event: 11.990 Thread 0x0000017031d92800 6802       3       java.lang.invoke.MethodHandles$Lookup::getDirectFieldCommon (67 bytes)
Event: 11.991 Thread 0x0000017031d92800 nmethod 6802 0x000001701b6a9210 code [0x000001701b6a9440, 0x000001701b6a99e8]
Event: 11.991 Thread 0x0000017031d92800 6804       3       java.util.ImmutableCollections$AbstractImmutableList::<init> (5 bytes)
Event: 11.991 Thread 0x0000017031d92800 nmethod 6804 0x000001701b6a9c10 code [0x000001701b6a9de0, 0x000001701b6a9ff8]
Event: 11.991 Thread 0x0000017031d92800 6803       3       java.lang.invoke.DirectMethodHandle::preparedFieldLambdaForm (183 bytes)
Event: 11.992 Thread 0x0000017031d92800 nmethod 6803 0x000001701b6aa110 code [0x000001701b6aa380, 0x000001701b6aaad8]
Event: 11.992 Thread 0x0000017031d92800 6806       3       java.lang.invoke.ClassSpecializer$Factory$1Var::emitVarInstruction (73 bytes)
Event: 11.992 Thread 0x0000017031d92800 nmethod 6806 0x000001701b6aae10 code [0x000001701b6ab0c0, 0x000001701b6abbf8]
Event: 11.995 Thread 0x0000017031d92800 6809       3       sun.net.www.MessageHeader::grow (92 bytes)
Event: 11.995 Thread 0x0000017031d92800 nmethod 6809 0x000001701b6ac090 code [0x000001701b6ac280, 0x000001701b6ac818]

GC Heap History (20 events):
Event: 9.125 GC heap after
{Heap after GC invocations=19 (full 0):
 garbage-first heap   total 98304K, used 52649K [0x0000000080000000, 0x0000000100000000)
  region size 1024K, 4 young (4096K), 4 survivors (4096K)
 Metaspace       used 48320K, capacity 49649K, committed 49864K, reserved 1093632K
  class space    used 6239K, capacity 6723K, committed 6784K, reserved 1048576K
}
Event: 9.530 GC heap before
{Heap before GC invocations=19 (full 0):
 garbage-first heap   total 98304K, used 82345K [0x0000000080000000, 0x0000000100000000)
  region size 1024K, 33 young (33792K), 4 survivors (4096K)
 Metaspace       used 49171K, capacity 50630K, committed 50760K, reserved 1093632K
  class space    used 6341K, capacity 6855K, committed 6912K, reserved 1048576K
}
Event: 9.534 GC heap after
{Heap after GC invocations=20 (full 0):
 garbage-first heap   total 98304K, used 53308K [0x0000000080000000, 0x0000000100000000)
  region size 1024K, 3 young (3072K), 3 survivors (3072K)
 Metaspace       used 49171K, capacity 50630K, committed 50760K, reserved 1093632K
  class space    used 6341K, capacity 6855K, committed 6912K, reserved 1048576K
}
Event: 9.643 GC heap before
{Heap before GC invocations=21 (full 0):
 garbage-first heap   total 98304K, used 61500K [0x0000000080000000, 0x0000000100000000)
  region size 1024K, 13 young (13312K), 3 survivors (3072K)
 Metaspace       used 49639K, capacity 51150K, committed 51272K, reserved 1093632K
  class space    used 6386K, capacity 6900K, committed 6912K, reserved 1048576K
}
Event: 9.647 GC heap after
{Heap after GC invocations=22 (full 0):
 garbage-first heap   total 98304K, used 54240K [0x0000000080000000, 0x0000000100000000)
  region size 1024K, 3 young (3072K), 3 survivors (3072K)
 Metaspace       used 49639K, capacity 51150K, committed 51272K, reserved 1093632K
  class space    used 6386K, capacity 6900K, committed 6912K, reserved 1048576K
}
Event: 9.971 GC heap before
{Heap before GC invocations=23 (full 0):
 garbage-first heap   total 98304K, used 75744K [0x0000000080000000, 0x0000000100000000)
  region size 1024K, 25 young (25600K), 3 survivors (3072K)
 Metaspace       used 51974K, capacity 53514K, committed 53576K, reserved 1095680K
  class space    used 6615K, capacity 7111K, committed 7168K, reserved 1048576K
}
Event: 9.976 GC heap after
{Heap after GC invocations=24 (full 0):
 garbage-first heap   total 98304K, used 55673K [0x0000000080000000, 0x0000000100000000)
  region size 1024K, 4 young (4096K), 4 survivors (4096K)
 Metaspace       used 51974K, capacity 53514K, committed 53576K, reserved 1095680K
  class space    used 6615K, capacity 7111K, committed 7168K, reserved 1048576K
}
Event: 10.256 GC heap before
{Heap before GC invocations=25 (full 0):
 garbage-first heap   total 98304K, used 83321K [0x0000000080000000, 0x0000000100000000)
  region size 1024K, 27 young (27648K), 4 survivors (4096K)
 Metaspace       used 53411K, capacity 54950K, committed 55112K, reserved 1097728K
  class space    used 6856K, capacity 7354K, committed 7424K, reserved 1048576K
}
Event: 10.261 GC heap after
{Heap after GC invocations=26 (full 0):
 garbage-first heap   total 98304K, used 61620K [0x0000000080000000, 0x0000000100000000)
  region size 1024K, 4 young (4096K), 4 survivors (4096K)
 Metaspace       used 53411K, capacity 54950K, committed 55112K, reserved 1097728K
  class space    used 6856K, capacity 7354K, committed 7424K, reserved 1048576K
}
Event: 10.456 GC heap before
{Heap before GC invocations=26 (full 0):
 garbage-first heap   total 98304K, used 82100K [0x0000000080000000, 0x0000000100000000)
  region size 1024K, 24 young (24576K), 4 survivors (4096K)
 Metaspace       used 54577K, capacity 56233K, committed 56392K, reserved 1097728K
  class space    used 7033K, capacity 7570K, committed 7680K, reserved 1048576K
}
Event: 10.462 GC heap after
{Heap after GC invocations=27 (full 0):
 garbage-first heap   total 118784K, used 62582K [0x0000000080000000, 0x0000000100000000)
  region size 1024K, 1 young (1024K), 1 survivors (1024K)
 Metaspace       used 54577K, capacity 56233K, committed 56392K, reserved 1097728K
  class space    used 7033K, capacity 7570K, committed 7680K, reserved 1048576K
}
Event: 11.215 GC heap before
{Heap before GC invocations=28 (full 0):
 garbage-first heap   total 118784K, used 93302K [0x0000000080000000, 0x0000000100000000)
  region size 1024K, 32 young (32768K), 1 survivors (1024K)
 Metaspace       used 55743K, capacity 57432K, committed 57800K, reserved 1099776K
  class space    used 7140K, capacity 7688K, committed 7808K, reserved 1048576K
}
Event: 11.218 GC heap after
{Heap after GC invocations=29 (full 0):
 garbage-first heap   total 118784K, used 63978K [0x0000000080000000, 0x0000000100000000)
  region size 1024K, 3 young (3072K), 3 survivors (3072K)
 Metaspace       used 55743K, capacity 57432K, committed 57800K, reserved 1099776K
  class space    used 7140K, capacity 7688K, committed 7808K, reserved 1048576K
}
Event: 11.307 GC heap before
{Heap before GC invocations=29 (full 0):
 garbage-first heap   total 118784K, used 69098K [0x0000000080000000, 0x0000000100000000)
  region size 1024K, 10 young (10240K), 3 survivors (3072K)
 Metaspace       used 56008K, capacity 57767K, committed 58056K, reserved 1099776K
  class space    used 7177K, capacity 7731K, committed 7808K, reserved 1048576K
}
Event: 11.311 GC heap after
{Heap after GC invocations=30 (full 0):
 garbage-first heap   total 118784K, used 64434K [0x0000000080000000, 0x0000000100000000)
  region size 1024K, 3 young (3072K), 3 survivors (3072K)
 Metaspace       used 56008K, capacity 57767K, committed 58056K, reserved 1099776K
  class space    used 7177K, capacity 7731K, committed 7808K, reserved 1048576K
}
Event: 11.436 GC heap before
{Heap before GC invocations=31 (full 0):
 garbage-first heap   total 118784K, used 71602K [0x0000000080000000, 0x0000000100000000)
  region size 1024K, 9 young (9216K), 3 survivors (3072K)
 Metaspace       used 56019K, capacity 57767K, committed 58056K, reserved 1099776K
  class space    used 7177K, capacity 7731K, committed 7808K, reserved 1048576K
}
Event: 11.441 GC heap after
{Heap after GC invocations=32 (full 0):
 garbage-first heap   total 118784K, used 71575K [0x0000000080000000, 0x0000000100000000)
  region size 1024K, 5 young (5120K), 5 survivors (5120K)
 Metaspace       used 56019K, capacity 57767K, committed 58056K, reserved 1099776K
  class space    used 7177K, capacity 7731K, committed 7808K, reserved 1048576K
}
Event: 11.729 GC heap before
{Heap before GC invocations=33 (full 0):
 garbage-first heap   total 118784K, used 91031K [0x0000000080000000, 0x0000000100000000)
  region size 1024K, 23 young (23552K), 5 survivors (5120K)
 Metaspace       used 57626K, capacity 59449K, committed 59592K, reserved 1101824K
  class space    used 7405K, capacity 8016K, committed 8064K, reserved 1048576K
}
Event: 11.733 GC heap after
{Heap after GC invocations=34 (full 0):
 garbage-first heap   total 118784K, used 75502K [0x0000000080000000, 0x0000000100000000)
  region size 1024K, 2 young (2048K), 2 survivors (2048K)
 Metaspace       used 57626K, capacity 59449K, committed 59592K, reserved 1101824K
  class space    used 7405K, capacity 8016K, committed 8064K, reserved 1048576K
}
Event: 12.020 GC heap before
{Heap before GC invocations=34 (full 0):
 garbage-first heap   total 118784K, used 91886K [0x0000000080000000, 0x0000000100000000)
  region size 1024K, 19 young (19456K), 2 survivors (2048K)
 Metaspace       used 59942K, capacity 61792K, committed 61896K, reserved 1103872K
  class space    used 7678K, capacity 8285K, committed 8320K, reserved 1048576K
}

Deoptimization events (20 events):
Event: 11.532 Thread 0x0000017033163800 Uncommon trap: trap_request=0xffffffc6 fr.pc=0x0000017021f77aac relative=0x000000000000024c
Event: 11.532 Thread 0x0000017033163800 Uncommon trap: reason=bimorphic_or_optimized_type_check action=maybe_recompile pc=0x0000017021f77aac method=com.google.common.base.CharMatcher.indexIn(Ljava/lang/CharSequence;I)I @ 31 c2
Event: 11.532 Thread 0x0000017033163800 DEOPT PACKING pc=0x0000017021f77aac sp=0x0000001d1fff9680
Event: 11.532 Thread 0x0000017033163800 DEOPT UNPACKING pc=0x000001701a3da1af sp=0x0000001d1fff9628 mode 2
Event: 11.709 Thread 0x0000017033163800 Uncommon trap: trap_request=0xffffff4d fr.pc=0x0000017022008ef4 relative=0x0000000000000054
Event: 11.709 Thread 0x0000017033163800 Uncommon trap: reason=unstable_if action=reinterpret pc=0x0000017022008ef4 method=java.util.regex.Pattern.has(I)Z @ 6 c2
Event: 11.709 Thread 0x0000017033163800 DEOPT PACKING pc=0x0000017022008ef4 sp=0x0000001d1fff5d00
Event: 11.709 Thread 0x0000017033163800 DEOPT UNPACKING pc=0x000001701a3da1af sp=0x0000001d1fff5c90 mode 2
Event: 11.736 Thread 0x0000017033163800 Uncommon trap: trap_request=0xffffff45 fr.pc=0x00000170220165b0 relative=0x0000000000000d90
Event: 11.736 Thread 0x0000017033163800 Uncommon trap: reason=unstable_fused_if action=reinterpret pc=0x00000170220165b0 method=org.objectweb.asm.ByteVector.putUTF8(Ljava/lang/String;)Lorg/objectweb/asm/ByteVector; @ 93 c2
Event: 11.736 Thread 0x0000017033163800 DEOPT PACKING pc=0x00000170220165b0 sp=0x0000001d1fff7740
Event: 11.736 Thread 0x0000017033163800 DEOPT UNPACKING pc=0x000001701a3da1af sp=0x0000001d1fff7698 mode 2
Event: 11.736 Thread 0x0000017033163800 Uncommon trap: trap_request=0xffffff4d fr.pc=0x00000170220219dc relative=0x0000000000005d5c
Event: 11.736 Thread 0x0000017033163800 Uncommon trap: reason=unstable_if action=reinterpret pc=0x00000170220219dc method=org.objectweb.asm.Frame.execute(IILorg/objectweb/asm/Symbol;Lorg/objectweb/asm/SymbolTable;)V @ 1 c2
Event: 11.736 Thread 0x0000017033163800 DEOPT PACKING pc=0x00000170220219dc sp=0x0000001d1fff7920
Event: 11.736 Thread 0x0000017033163800 DEOPT UNPACKING pc=0x000001701a3da1af sp=0x0000001d1fff78c8 mode 2
Event: 11.764 Thread 0x0000017033163800 Uncommon trap: trap_request=0xffffff45 fr.pc=0x0000017021fb0e6c relative=0x000000000000020c
Event: 11.764 Thread 0x0000017033163800 Uncommon trap: reason=unstable_fused_if action=reinterpret pc=0x0000017021fb0e6c method=org.objectweb.asm.ByteVector.putUTF8(Ljava/lang/String;)Lorg/objectweb/asm/ByteVector; @ 93 c2
Event: 11.764 Thread 0x0000017033163800 DEOPT PACKING pc=0x0000017021fb0e6c sp=0x0000001d1fff7a80
Event: 11.764 Thread 0x0000017033163800 DEOPT UNPACKING pc=0x000001701a3da1af sp=0x0000001d1fff7a00 mode 2

Classes redefined (0 events):
No events

Internal exceptions (20 events):
Event: 11.371 Thread 0x0000017033163800 Exception <a 'java/security/PrivilegedActionException'{0x00000000872e7f18}> (0x00000000872e7f18) thrown at [./src/hotspot/share/prims/jvm.cpp, line 1306]
Event: 11.480 Thread 0x0000017033163800 Exception <a 'java/lang/ClassNotFoundException'{0x000000008723a508}: org/gradle/api/tasks/Delete_DecoratedBeanInfo> (0x000000008723a508) thrown at [./src/hotspot/share/classfile/systemDictionary.cpp, line 231]
Event: 11.482 Thread 0x0000017033163800 Exception <a 'java/lang/ClassNotFoundException'{0x0000000087269ef0}: org/gradle/api/tasks/DeleteBeanInfo> (0x0000000087269ef0) thrown at [./src/hotspot/share/classfile/systemDictionary.cpp, line 231]
Event: 11.482 Thread 0x0000017033163800 Exception <a 'java/lang/ClassNotFoundException'{0x0000000087297830}: org/gradle/api/internal/ConventionTaskBeanInfo> (0x0000000087297830) thrown at [./src/hotspot/share/classfile/systemDictionary.cpp, line 231]
Event: 11.483 Thread 0x0000017033163800 Exception <a 'java/lang/ClassNotFoundException'{0x00000000872c1428}: org/gradle/api/DefaultTaskBeanInfo> (0x00000000872c1428) thrown at [./src/hotspot/share/classfile/systemDictionary.cpp, line 231]
Event: 11.484 Thread 0x0000017033163800 Exception <a 'java/lang/ClassNotFoundException'{0x00000000872ef098}: org/gradle/api/internal/AbstractTaskBeanInfo> (0x00000000872ef098) thrown at [./src/hotspot/share/classfile/systemDictionary.cpp, line 231]
Event: 11.485 Thread 0x0000017033163800 Exception <a 'java/lang/ClassNotFoundException'{0x000000008711d380}: org/gradle/api/internal/AbstractTaskCustomizer> (0x000000008711d380) thrown at [./src/hotspot/share/classfile/systemDictionary.cpp, line 231]
Event: 11.487 Thread 0x0000017033163800 Exception <a 'java/lang/ClassNotFoundException'{0x0000000087190838}: org/gradle/api/DefaultTaskCustomizer> (0x0000000087190838) thrown at [./src/hotspot/share/classfile/systemDictionary.cpp, line 231]
Event: 11.491 Thread 0x0000017033163800 Exception <a 'java/lang/ClassNotFoundException'{0x0000000087012c58}: org/gradle/api/internal/ConventionTaskCustomizer> (0x0000000087012c58) thrown at [./src/hotspot/share/classfile/systemDictionary.cpp, line 231]
Event: 11.494 Thread 0x0000017033163800 Exception <a 'java/lang/ClassNotFoundException'{0x000000008704b400}: org/gradle/api/tasks/DeleteCustomizer> (0x000000008704b400) thrown at [./src/hotspot/share/classfile/systemDictionary.cpp, line 231]
Event: 11.496 Thread 0x0000017033163800 Exception <a 'java/lang/ClassNotFoundException'{0x000000008708a608}: org/gradle/api/tasks/Delete_DecoratedCustomizer> (0x000000008708a608) thrown at [./src/hotspot/share/classfile/systemDictionary.cpp, line 231]
Event: 11.518 Thread 0x0000017033163800 Exception <a 'java/lang/ClassNotFoundException'{0x0000000086fb17c8}: build_4bp5qx0gqbqdwpk8geuy1l1rzBeanInfo> (0x0000000086fb17c8) thrown at [./src/hotspot/share/classfile/systemDictionary.cpp, line 231]
Event: 11.519 Thread 0x0000017033163800 Exception <a 'java/lang/ClassNotFoundException'{0x0000000086fbc780}: build_4bp5qx0gqbqdwpk8geuy1l1rzCustomizer> (0x0000000086fbc780) thrown at [./src/hotspot/share/classfile/systemDictionary.cpp, line 231]
Event: 11.525 Thread 0x0000017033163800 Exception <a 'java/lang/ClassNotFoundException'{0x0000000086e419f8}: org/gradle/plugin/use/internal/PluginRequestCollector$PluginDependenciesSpecImplBeanInfo> (0x0000000086e419f8) thrown at [./src/hotspot/share/classfile/systemDictionary.cpp, line 231]
Event: 11.526 Thread 0x0000017033163800 Exception <a 'java/lang/ClassNotFoundException'{0x0000000086e70a30}: org/gradle/plugin/use/internal/PluginRequestCollector$PluginDependenciesSpecImplCustomizer> (0x0000000086e70a30) thrown at [./src/hotspot/share/classfile/systemDictionary.cpp, line 231]
Event: 11.722 Thread 0x0000017033163800 Exception <a 'java/lang/NoSuchMethodError'{0x0000000085d983a8}: 'java.lang.Object java.lang.invoke.DirectMethodHandle$Holder.invokeStatic(java.lang.Object, java.lang.Object, java.lang.Object, java.lang.Object, int)'> (0x0000000085d983a8) thrown at [./src/hotspot/share/interpreter/linkResolver.cpp, line 773]
Event: 11.722 Thread 0x0000017033163800 Exception <a 'java/lang/NoSuchMethodError'{0x0000000085d9cfe8}: 'java.lang.Object java.lang.invoke.DirectMethodHandle$Holder.invokeSpecial(java.lang.Object, java.lang.Object, java.lang.Object, java.lang.Object, java.lang.Object, int)'> (0x0000000085d9cfe8) thrown at [./src/hotspot/share/interpreter/linkResolver.cpp, line 773]
Event: 11.723 Thread 0x0000017033163800 Exception <a 'java/lang/NoSuchMethodError'{0x0000000085da1628}: 'java.lang.Object java.lang.invoke.Invokers$Holder.linkToTargetMethod(java.lang.Object, java.lang.Object, java.lang.Object, int, java.lang.Object)'> (0x0000000085da1628) thrown at [./src/hotspot/share/interpreter/linkResolver.cpp, line 773]
Event: 11.986 Thread 0x0000017033163800 Exception <a 'java/lang/NoSuchMethodError'{0x00000000865bf2e8}: 'java.lang.Object java.lang.invoke.DirectMethodHandle$Holder.invokeSpecial(java.lang.Object, java.lang.Object, int, int, java.lang.Object, java.lang.Object, java.lang.Object)'> (0x00000000865bf2e8) thrown at [./src/hotspot/share/interpreter/linkResolver.cpp, line 773]
Event: 11.987 Thread 0x0000017033163800 Exception <a 'java/lang/NoSuchMethodError'{0x00000000865c3868}: 'java.lang.Object java.lang.invoke.DelegatingMethodHandle$Holder.reinvoke_L(java.lang.Object, int, int, java.lang.Object, java.lang.Object, java.lang.Object)'> (0x00000000865c3868) thrown at [./src/hotspot/share/interpreter/linkResolver.cpp, line 773]

Events (20 events):
Event: 12.016 loading class org/apache/xerces/parsers/ObjectFactory$ConfigurationError done
Event: 12.017 loading class org/apache/xerces/parsers/SecuritySupport
Event: 12.017 loading class org/apache/xerces/parsers/SecuritySupport done
Event: 12.017 loading class org/apache/xerces/parsers/SecuritySupport$4
Event: 12.017 loading class org/apache/xerces/parsers/SecuritySupport$4 done
Event: 12.017 loading class org/apache/xerces/parsers/SecuritySupport$1
Event: 12.017 loading class org/apache/xerces/parsers/SecuritySupport$1 done
Event: 12.018 loading class org/apache/xerces/parsers/SecuritySupport$2
Event: 12.018 loading class org/apache/xerces/parsers/SecuritySupport$2 done
Event: 12.018 loading class org/apache/xerces/parsers/SecuritySupport$3
Event: 12.018 loading class org/apache/xerces/parsers/SecuritySupport$3 done
Event: 12.018 loading class org/apache/xerces/parsers/SecuritySupport$7
Event: 12.018 loading class org/apache/xerces/parsers/SecuritySupport$7 done
Event: 12.018 loading class org/apache/xerces/parsers/SecuritySupport$6
Event: 12.018 loading class org/apache/xerces/parsers/SecuritySupport$6 done
Event: 12.019 loading class org/apache/xerces/parsers/XIncludeAwareParserConfiguration
Event: 12.019 loading class org/apache/xerces/parsers/XIncludeAwareParserConfiguration done
Event: 12.019 loading class org/apache/xerces/parsers/XML11Configuration
Event: 12.019 loading class org/apache/xerces/parsers/XML11Configuration done
Event: 12.019 Executing VM operation: G1CollectForAllocation


Dynamic libraries:
0x00007ff7c1bd0000 - 0x00007ff7c1bda000 	D:\Android-Review\jre\bin\java.exe
0x00007ffe9a290000 - 0x00007ffe9a485000 	C:\WINDOWS\SYSTEM32\ntdll.dll
0x00007ffe99f80000 - 0x00007ffe9a03e000 	C:\WINDOWS\System32\KERNEL32.DLL
0x00007ffe97bc0000 - 0x00007ffe97e88000 	C:\WINDOWS\System32\KERNELBASE.dll
0x00007ffe98080000 - 0x00007ffe98180000 	C:\WINDOWS\System32\ucrtbase.dll
0x00007ffe8fbe0000 - 0x00007ffe8fbf7000 	D:\Android-Review\jre\bin\VCRUNTIME140.dll
0x00007ffe90970000 - 0x00007ffe90989000 	D:\Android-Review\jre\bin\jli.dll
0x00007ffe997a0000 - 0x00007ffe99940000 	C:\WINDOWS\System32\USER32.dll
0x00007ffe97e90000 - 0x00007ffe97eb2000 	C:\WINDOWS\System32\win32u.dll
0x00007ffe87f30000 - 0x00007ffe881ca000 	C:\WINDOWS\WinSxS\amd64_microsoft.windows.common-controls_6595b64144ccf1df_6.0.19041.1110_none_60b5254171f9507e\COMCTL32.dll
0x00007ffe999f0000 - 0x00007ffe99a1b000 	C:\WINDOWS\System32\GDI32.dll
0x00007ffe99b70000 - 0x00007ffe99c0e000 	C:\WINDOWS\System32\msvcrt.dll
0x00007ffe979a0000 - 0x00007ffe97aad000 	C:\WINDOWS\System32\gdi32full.dll
0x00007ffe97b20000 - 0x00007ffe97bbd000 	C:\WINDOWS\System32\msvcp_win.dll
0x00007ffe99e80000 - 0x00007ffe99eb0000 	C:\WINDOWS\System32\IMM32.DLL
0x00007ffe61800000 - 0x00007ffe6189d000 	D:\Android-Review\jre\bin\msvcp140.dll
0x00007ffe41c60000 - 0x00007ffe42745000 	D:\Android-Review\jre\bin\server\jvm.dll
0x00007ffe982e0000 - 0x00007ffe9838e000 	C:\WINDOWS\System32\ADVAPI32.dll
0x00007ffe984e0000 - 0x00007ffe9857c000 	C:\WINDOWS\System32\sechost.dll
0x00007ffe99d50000 - 0x00007ffe99e75000 	C:\WINDOWS\System32\RPCRT4.dll
0x00007ffe99730000 - 0x00007ffe99738000 	C:\WINDOWS\System32\PSAPI.DLL
0x00007ffe8fa40000 - 0x00007ffe8fa67000 	C:\WINDOWS\SYSTEM32\WINMM.dll
0x00007ffe934c0000 - 0x00007ffe934c9000 	C:\WINDOWS\SYSTEM32\WSOCK32.dll
0x00007ffe8fa70000 - 0x00007ffe8fa7a000 	C:\WINDOWS\SYSTEM32\VERSION.dll
0x00007ffe996c0000 - 0x00007ffe9972b000 	C:\WINDOWS\System32\WS2_32.dll
0x00007ffe95890000 - 0x00007ffe958a2000 	C:\WINDOWS\SYSTEM32\kernel.appcore.dll
0x00007ffe92a30000 - 0x00007ffe92a41000 	D:\Android-Review\jre\bin\verify.dll
0x00007ffe8b7b0000 - 0x00007ffe8b994000 	C:\WINDOWS\SYSTEM32\DBGHELP.DLL
0x00007ffe84f90000 - 0x00007ffe84fbc000 	C:\WINDOWS\SYSTEM32\dbgcore.DLL
0x00007ffe97f10000 - 0x00007ffe97f92000 	C:\WINDOWS\System32\bcryptPrimitives.dll
0x00007ffe90d80000 - 0x00007ffe90da9000 	D:\Android-Review\jre\bin\java.dll
0x00007ffe93490000 - 0x00007ffe9349b000 	D:\Android-Review\jre\bin\jimage.dll
0x00007ffe90d60000 - 0x00007ffe90d78000 	D:\Android-Review\jre\bin\zip.dll
0x00007ffe986a0000 - 0x00007ffe98de4000 	C:\WINDOWS\System32\SHELL32.dll
0x00007ffe95a90000 - 0x00007ffe96224000 	C:\WINDOWS\SYSTEM32\windows.storage.dll
0x00007ffe98df0000 - 0x00007ffe99145000 	C:\WINDOWS\System32\combase.dll
0x00007ffe97320000 - 0x00007ffe9734e000 	C:\WINDOWS\SYSTEM32\Wldp.dll
0x00007ffe99ca0000 - 0x00007ffe99d4d000 	C:\WINDOWS\System32\SHCORE.dll
0x00007ffe99a20000 - 0x00007ffe99a75000 	C:\WINDOWS\System32\shlwapi.dll
0x00007ffe978e0000 - 0x00007ffe978ff000 	C:\WINDOWS\SYSTEM32\profapi.dll
0x00007ffe90d40000 - 0x00007ffe90d5a000 	D:\Android-Review\jre\bin\net.dll
0x00007ffe8c650000 - 0x00007ffe8c75c000 	C:\WINDOWS\SYSTEM32\WINHTTP.dll
0x00007ffe97080000 - 0x00007ffe970ea000 	C:\WINDOWS\system32\mswsock.dll
0x00007ffe90cf0000 - 0x00007ffe90d04000 	D:\Android-Review\jre\bin\nio.dll
0x00007ffe88700000 - 0x00007ffe88727000 	C:\Users\Tu\.gradle\native\e1d6ef7f7dcc3fd88c89a11ec53ec762bb8ba0a96d01ffa2cd45eb1d1d8dd5c5\windows-amd64\native-platform.dll
0x00007ffe668e0000 - 0x00007ffe66a24000 	C:\Users\Tu\.gradle\native\5664cfc778a61ccfe75a443a1ab52a65af34e5dc3c78e0209fed803814484fcb\windows-amd64\native-platform-file-events.dll
0x00007ffe93430000 - 0x00007ffe9343a000 	D:\Android-Review\jre\bin\management.dll
0x00007ffe92150000 - 0x00007ffe9215d000 	D:\Android-Review\jre\bin\management_ext.dll
0x00007ffe97270000 - 0x00007ffe97288000 	C:\WINDOWS\SYSTEM32\CRYPTSP.dll
0x00007ffe96a00000 - 0x00007ffe96a34000 	C:\WINDOWS\system32\rsaenh.dll
0x00007ffe98050000 - 0x00007ffe98077000 	C:\WINDOWS\System32\bcrypt.dll
0x00007ffe97860000 - 0x00007ffe9788e000 	C:\WINDOWS\SYSTEM32\USERENV.dll
0x00007ffe97290000 - 0x00007ffe9729c000 	C:\WINDOWS\SYSTEM32\CRYPTBASE.dll
0x00007ffe96d70000 - 0x00007ffe96dab000 	C:\WINDOWS\SYSTEM32\IPHLPAPI.DLL
0x00007ffe99b60000 - 0x00007ffe99b68000 	C:\WINDOWS\System32\NSI.dll
0x00007ffe8fd60000 - 0x00007ffe8fd77000 	C:\WINDOWS\SYSTEM32\dhcpcsvc6.DLL
0x00007ffe8fbc0000 - 0x00007ffe8fbdd000 	C:\WINDOWS\SYSTEM32\dhcpcsvc.DLL
0x00007ffe96db0000 - 0x00007ffe96e7b000 	C:\WINDOWS\SYSTEM32\DNSAPI.dll

dbghelp: loaded successfully - version: 4.0.5 - missing functions: none
symbol engine: initialized successfully - sym options: 0x614 - pdb path: .;D:\Android-Review\jre\bin;C:\WINDOWS\SYSTEM32;C:\WINDOWS\WinSxS\amd64_microsoft.windows.common-controls_6595b64144ccf1df_6.0.19041.1110_none_60b5254171f9507e;D:\Android-Review\jre\bin\server;C:\Users\Tu\.gradle\native\e1d6ef7f7dcc3fd88c89a11ec53ec762bb8ba0a96d01ffa2cd45eb1d1d8dd5c5\windows-amd64;C:\Users\Tu\.gradle\native\5664cfc778a61ccfe75a443a1ab52a65af34e5dc3c78e0209fed803814484fcb\windows-amd64

VM Arguments:
jvm_args: --add-opens=java.base/java.util=ALL-UNNAMED --add-opens=java.base/java.lang=ALL-UNNAMED --add-opens=java.base/java.lang.invoke=ALL-UNNAMED --add-opens=java.base/java.util=ALL-UNNAMED --add-opens=java.prefs/java.util.prefs=ALL-UNNAMED --add-opens=java.prefs/java.util.prefs=ALL-UNNAMED --add-opens=java.base/java.nio.charset=ALL-UNNAMED --add-opens=java.base/java.net=ALL-UNNAMED --add-opens=java.base/java.util.concurrent.atomic=ALL-UNNAMED -Xmx2048m -Dfile.encoding=UTF-8 -Duser.country=US -Duser.language=en -Duser.variant 
java_command: org.gradle.launcher.daemon.bootstrap.GradleDaemon 7.2
java_class_path (initial): C:\Users\Tu\.gradle\wrapper\dists\gradle-7.2-bin\2dnblmf4td7x66yl1d74lt32g\gradle-7.2\lib\gradle-launcher-7.2.jar
Launcher Type: SUN_STANDARD

[Global flags]
     intx CICompilerCount                          = 4                                         {product} {ergonomic}
     uint ConcGCThreads                            = 2                                         {product} {ergonomic}
     uint G1ConcRefinementThreads                  = 8                                         {product} {ergonomic}
   size_t G1HeapRegionSize                         = 1048576                                   {product} {ergonomic}
    uintx GCDrainStackTargetSize                   = 64                                        {product} {ergonomic}
   size_t InitialHeapSize                          = 100663296                                 {product} {ergonomic}
   size_t MarkStackSize                            = 4194304                                   {product} {ergonomic}
   size_t MaxHeapSize                              = 2147483648                                {product} {command line}
   size_t MaxNewSize                               = 1287651328                                {product} {ergonomic}
   size_t MinHeapDeltaBytes                        = 1048576                                   {product} {ergonomic}
    uintx NonNMethodCodeHeapSize                   = 5836300                                {pd product} {ergonomic}
    uintx NonProfiledCodeHeapSize                  = 122910970                              {pd product} {ergonomic}
    uintx ProfiledCodeHeapSize                     = 122910970                              {pd product} {ergonomic}
    uintx ReservedCodeCacheSize                    = 251658240                              {pd product} {ergonomic}
     bool SegmentedCodeCache                       = true                                      {product} {ergonomic}
     bool UseCompressedClassPointers               = true                                 {lp64_product} {ergonomic}
     bool UseCompressedOops                        = true                                 {lp64_product} {ergonomic}
     bool UseG1GC                                  = true                                      {product} {ergonomic}
     bool UseLargePagesIndividualAllocation        = false                                  {pd product} {ergonomic}

Logging:
Log output configuration:
 #0: stdout all=warning uptime,level,tags
 #1: stderr all=off uptime,level,tags

Environment Variables:
PATH=C:\Program Files\Common Files\Oracle\Java\javapath;C:\Program Files\Microsoft MPI\Bin\;C:\Program Files (x86)\Common Files\Oracle\Java\javapath;C:\WINDOWS\system32;C:\WINDOWS;C:\WINDOWS\System32\Wbem;C:\WINDOWS\System32\WindowsPowerShell\v1.0\;C:\WINDOWS\System32\OpenSSH\;C:\Program Files\Microsoft SQL Server\130\Tools\Binn\;C:\Program Files\Microsoft SQL Server\Client SDK\ODBC\130\Tools\Binn\;C:\Program Files (x86)\Microsoft SQL Server\140\Tools\Binn\;C:\Program Files\Microsoft SQL Server\140\Tools\Binn\;C:\Program Files\Microsoft SQL Server\140\DTS\Binn\;C:\Program Files (x86)\Microsoft SQL Server\140\DTS\Binn\;C:\Program Files (x86)\Microsoft SQL Server\150\DTS\Binn\;C:\Program Files\Microsoft SQL Server\Client SDK\ODBC\170\Tools\Binn\;C:\Program Files\Git\cmd;C:\Program Files\dotnet\;C:\Program Files (x86)\dotnet\;C:\Program Files\Microsoft\Web Platform Installer\;D:\Scripts\;D:\;C:\Users\Tu\AppData\Local\Microsoft\WindowsApps;C:\Program Files\Azure Data Studio\bin;D:\Microsoft VS Code\bin;C:\Users\Tu\.dotnet\tools;C:\Program Files\heroku\bin
USERNAME=Tu
OS=Windows_NT
PROCESSOR_IDENTIFIER=AMD64 Family 23 Model 24 Stepping 1, AuthenticAMD



---------------  S Y S T E M  ---------------

OS: Windows 10 , 64 bit Build 19041 (10.0.19041.1503)
OS uptime: 1 days 6:36 hours

CPU:total 8 (initial active 8) (8 cores per cpu, 2 threads per core) family 23 model 24 stepping 1 microcode 0x0, cmov, cx8, fxsr, mmx, sse, sse2, sse3, ssse3, sse4.1, sse4.2, popcnt, avx, avx2, aes, clmul, mmxext, 3dnowpref, lzcnt, sse4a, ht, tsc, tscinvbit, tscinv, bmi1, bmi2, adx, sha, fma

Memory: 4k page, system-wide physical 6057M (298M free)
TotalPageFile size 24489M (AvailPageFile size 12M)
current process WorkingSet (physical memory assigned to process): 298M, peak: 301M
current process commit charge ("private bytes"): 343M, peak: 370M

vm_info: OpenJDK 64-Bit Server VM (11.0.12+7-b1504.28-7817840) for windows-amd64 JRE (11.0.12+7-b1504.28-7817840), built on Oct 13 2021 22:12:33 by "builder" with MS VC++ 14.0 (VS2015)

END.
